<?xml version="1.0" encoding="UTF-8"?>
<!-- Generated by org.testng.reporters.JUnitXMLReporter -->
<testsuite ignored="4" hostname="Ideas2IT" failures="4" tests="4" name="Test" time="156.509" errors="0" timestamp="2024-11-19T16:17:06 IST">
  <testcase classname="tests.selenium.TC001_CreateIncident" name="createIncident" time="54.963">
    <failure type="java.lang.RuntimeException">
      <![CDATA[java.lang.RuntimeException
at lib.utils.HTMLReporter.reportStep(HTMLReporter.java:80)
at lib.utils.HTMLReporter.reportStep(HTMLReporter.java:89)
at lib.selenium.WebDriverServiceImpl.locateElement(WebDriverServiceImpl.java:52)
at pages.selenium.CreateNewIncident.verifyIncidentCreation(CreateNewIncident.java:60)
at tests.selenium.TC001_CreateIncident.createIncident(TC001_CreateIncident.java:37)
at java.base/java.util.ArrayList.forEach(ArrayList.java:1511)
... Removed 27 stack frames]]>
    </failure>
  </testcase> <!-- createIncident -->
  <testcase classname="tests.selenium.TC003_CreateIncidentUsingRestAndVerifyUsingSelenium" name="createIncident" time="9.243">
    <failure type="java.lang.RuntimeException">
      <![CDATA[java.lang.RuntimeException
at lib.utils.HTMLReporter.reportRequest(HTMLReporter.java:99)
at lib.rest.RESTAssuredBase.verifyResponseCode(RESTAssuredBase.java:164)
at tests.selenium.TC003_CreateIncidentUsingRestAndVerifyUsingSelenium.createIncident(TC003_CreateIncidentUsingRestAndVerifyUsingSelenium.java:36)
at java.base/java.util.ArrayList.forEach(ArrayList.java:1511)
... Removed 27 stack frames]]>
    </failure>
  </testcase> <!-- createIncident -->
  <testcase classname="tests.selenium.TC002_CreateIncidentAndGetFromRest" name="createIncident" time="60.916">
    <failure type="java.lang.RuntimeException">
      <![CDATA[java.lang.RuntimeException
at lib.utils.HTMLReporter.reportStep(HTMLReporter.java:80)
at lib.utils.HTMLReporter.reportStep(HTMLReporter.java:89)
at lib.selenium.WebDriverServiceImpl.locateElement(WebDriverServiceImpl.java:52)
at pages.selenium.CreateNewIncident.verifyIncidentCreation(CreateNewIncident.java:60)
at tests.selenium.TC002_CreateIncidentAndGetFromRest.createIncident(TC002_CreateIncidentAndGetFromRest.java:44)
at java.base/java.util.ArrayList.forEach(ArrayList.java:1511)
... Removed 27 stack frames]]>
    </failure>
  </testcase> <!-- createIncident -->
  <testcase classname="tests.rest.TC004_GetIncidents" name="getIncidents" time="2.227">
    <failure type="java.lang.RuntimeException">
      <![CDATA[java.lang.RuntimeException
at lib.utils.HTMLReporter.reportRequest(HTMLReporter.java:99)
at lib.rest.RESTAssuredBase.verifyResponseCode(RESTAssuredBase.java:164)
at tests.rest.TC004_GetIncidents.getIncidents(TC004_GetIncidents.java:35)
at java.base/java.util.ArrayList.forEach(ArrayList.java:1511)
... Removed 27 stack frames]]>
    </failure>
  </testcase> <!-- getIncidents -->
  <testcase classname="lib.selenium.PreAndPost" name="@AfterSuite afterSuite" time="0.0">
    <ignored/>
  </testcase> <!-- @AfterSuite afterSuite -->
  <testcase classname="lib.selenium.PreAndPost" name="@AfterSuite afterSuite" time="0.0">
    <ignored/>
  </testcase> <!-- @AfterSuite afterSuite -->
  <testcase classname="lib.selenium.PreAndPost" name="@BeforeSuite beforeSuite" time="0.0">
    <ignored/>
  </testcase> <!-- @BeforeSuite beforeSuite -->
  <testcase classname="lib.selenium.PreAndPost" name="@BeforeSuite beforeSuite" time="0.0">
    <ignored/>
  </testcase> <!-- @BeforeSuite beforeSuite -->
</testsuite> <!-- Test -->
