2024-11-20 10:37:40 INFO  - ====================START OF TEST CASE====================
2024-11-20 10:37:40 INFO  - Test Case 'Test Suite Initialization' has started
2024-11-20 10:37:40 INFO  - Test Suite started and reporting initialized
2024-11-20 10:37:40 INFO  - ====================START OF TEST CASE====================
2024-11-20 10:37:40 INFO  - Test Case 'Create Incident (Using Selenium)' has started
2024-11-20 10:37:40 INFO  - Test Case initialized: Create Incident (Using Selenium)
2024-11-20 10:37:40 INFO  - Fetching data for the test
2024-11-20 10:37:40 INFO  - Starting test method setup.
2024-11-20 10:37:40 INFO  - Setting environment: qa
2024-11-20 10:37:40 INFO  - Environment properties loaded
2024-11-20 10:37:41 INFO  - RestAssured configured with base URL: https://dev201581.service-now.com//api/now/
2024-11-20 10:37:41 INFO  - Initializing browser: chrome
2024-11-20 10:37:53 INFO  - Browser initialized successfully: chrome
2024-11-20 10:37:53 INFO  - Test method setup completed
2024-11-20 10:38:50 INFO  - Test Case 'Create Incident (Using Selenium)' has ended
2024-11-20 10:38:50 INFO  - ====================END OF TEST CASE====================
2024-11-20 10:38:50 INFO  - Test method teardown started
2024-11-20 10:38:50 INFO  - Active browser closed
2024-11-20 10:38:50 INFO  - ====================START OF TEST CASE====================
2024-11-20 10:38:50 INFO  - Test Case 'Creating Incident (Using REST Assured) and Search Incident (Using Selenium)' has started
2024-11-20 10:38:50 INFO  - Test Case initialized: Creating Incident (Using REST Assured) and Search Incident (Using Selenium)
2024-11-20 10:38:50 INFO  - Fetching data for the test
2024-11-20 10:38:50 INFO  - Starting test method setup.
2024-11-20 10:38:50 INFO  - Setting environment: qa
2024-11-20 10:38:50 INFO  - Environment properties loaded
2024-11-20 10:38:50 INFO  - RestAssured configured with base URL: https://dev201581.service-now.com//api/now/
2024-11-20 10:38:50 INFO  - Initializing browser: chrome
2024-11-20 10:38:56 INFO  - Browser initialized successfully: chrome
2024-11-20 10:38:56 INFO  - Test method setup completed
2024-11-20 10:39:03 INFO  - Test Case 'Creating Incident (Using REST Assured) and Search Incident (Using Selenium)' has ended
2024-11-20 10:39:03 INFO  - ====================END OF TEST CASE====================
2024-11-20 10:39:03 INFO  - Test method teardown started
2024-11-20 10:39:03 INFO  - Active browser closed
2024-11-20 10:39:03 INFO  - ====================START OF TEST CASE====================
2024-11-20 10:39:03 INFO  - Test Case 'Create Incident(Using Selenium) and Verify(Using REST Assured)' has started
2024-11-20 10:39:03 INFO  - Test Case initialized: Create Incident(Using Selenium) and Verify(Using REST Assured)
2024-11-20 10:39:03 INFO  - Fetching data for the test
2024-11-20 10:39:03 INFO  - Starting test method setup.
2024-11-20 10:39:03 INFO  - Setting environment: qa
2024-11-20 10:39:03 INFO  - Environment properties loaded
2024-11-20 10:39:03 INFO  - RestAssured configured with base URL: https://dev201581.service-now.com//api/now/
2024-11-20 10:39:03 INFO  - Initializing browser: chrome
2024-11-20 10:39:12 INFO  - Browser initialized successfully: chrome
2024-11-20 10:39:12 INFO  - Test method setup completed
2024-11-20 10:40:06 INFO  - Test Case 'Create Incident(Using Selenium) and Verify(Using REST Assured)' has ended
2024-11-20 10:40:06 INFO  - ====================END OF TEST CASE====================
2024-11-20 10:40:06 INFO  - Test method teardown started
2024-11-20 10:40:06 INFO  - Active browser closed
2024-11-20 10:40:09 INFO  - Test Suite execution completed
2024-11-20 11:42:52 INFO  - Test Suite Initialization
2024-11-20 11:42:52 INFO  - ====================START OF TEST CASE====================
2024-11-20 11:42:52 INFO  - Test Case 'Create Incident (Using Selenium)' has started
2024-11-20 11:42:52 INFO  - Test Case initialized
2024-11-20 11:42:52 INFO  - Fetching data for the test
2024-11-20 11:42:52 INFO  - Starting test method setup.
2024-11-20 11:42:52 INFO  - Setting environment: qa
2024-11-20 11:42:52 INFO  - Loaded configuration for environment: qa
2024-11-20 11:42:52 INFO  - Environment properties loaded
2024-11-20 11:42:53 INFO  - RestAssured configured with base URL: https://dev201581.service-now.com//api/now/
2024-11-20 11:42:53 INFO  - Initializing browser: chrome
2024-11-20 11:43:06 INFO  - Browser initialized successfully: chrome
2024-11-20 11:43:06 INFO  - Test method setup completed
2024-11-20 11:43:06 INFO  - The data: admin entered successfully in the Username field 
2024-11-20 11:43:07 INFO  - The data: ****** entered successfully in the Password field 
2024-11-20 11:43:38 INFO  - The data: This is automated test from Makaia entered successfully in the ShortDesc field 
2024-11-20 11:43:39 INFO  - Attempting to locate the element with ID: sysverb_insert
2024-11-20 11:43:39 INFO  - Element located successfully with ID: sysverb_insert
2024-11-20 11:44:00 ERROR - The element with locator id not found
2024-11-20 11:44:00 INFO  - Test Case 'Create Incident (Using Selenium)' has ended
2024-11-20 11:44:00 INFO  - ====================END OF TEST CASE====================
2024-11-20 11:44:00 INFO  - Test method teardown started
2024-11-20 11:44:00 INFO  - Active browser closed
2024-11-20 11:44:00 INFO  - ====================START OF TEST CASE====================
2024-11-20 11:44:00 INFO  - Test Case 'Creating Incident (Using REST Assured) and Search Incident (Using Selenium)' has started
2024-11-20 11:44:00 INFO  - Test Case initialized
2024-11-20 11:44:00 INFO  - Fetching data for the test
2024-11-20 11:44:00 INFO  - Starting test method setup.
2024-11-20 11:44:00 INFO  - Setting environment: qa
2024-11-20 11:44:00 INFO  - Loaded configuration for environment: qa
2024-11-20 11:44:00 INFO  - Environment properties loaded
2024-11-20 11:44:00 INFO  - RestAssured configured with base URL: https://dev201581.service-now.com//api/now/
2024-11-20 11:44:00 INFO  - Initializing browser: chrome
2024-11-20 11:44:06 INFO  - Browser initialized successfully: chrome
2024-11-20 11:44:06 INFO  - Test method setup completed
2024-11-20 11:44:12 INFO  - Test Case 'Creating Incident (Using REST Assured) and Search Incident (Using Selenium)' has ended
2024-11-20 11:44:12 INFO  - ====================END OF TEST CASE====================
2024-11-20 11:44:12 INFO  - Test method teardown started
2024-11-20 11:44:12 INFO  - Active browser closed
2024-11-20 11:44:12 INFO  - ====================START OF TEST CASE====================
2024-11-20 11:44:12 INFO  - Test Case 'Create Incident(Using Selenium) and Verify(Using REST Assured)' has started
2024-11-20 11:44:12 INFO  - Test Case initialized
2024-11-20 11:44:12 INFO  - Fetching data for the test
2024-11-20 11:44:12 INFO  - Starting test method setup.
2024-11-20 11:44:12 INFO  - Setting environment: qa
2024-11-20 11:44:12 INFO  - Loaded configuration for environment: qa
2024-11-20 11:44:12 INFO  - Environment properties loaded
2024-11-20 11:44:12 INFO  - RestAssured configured with base URL: https://dev201581.service-now.com//api/now/
2024-11-20 11:44:12 INFO  - Initializing browser: chrome
2024-11-20 11:58:05 INFO  - Test Suite Initialization
2024-11-20 11:58:05 INFO  - ====================START OF TEST CASE====================
2024-11-20 11:58:05 INFO  - Test Case 'Create Incident (Using Selenium)' has started
2024-11-20 11:58:05 INFO  - Test Case initialized
2024-11-20 11:58:05 INFO  - Fetching data for the test
2024-11-20 11:58:05 INFO  - Starting test method setup.
2024-11-20 11:58:05 INFO  - Setting environment: qa
2024-11-20 11:58:05 INFO  - Loaded configuration for environment: qa
2024-11-20 11:58:05 INFO  - Environment properties loaded
2024-11-20 11:58:06 INFO  - RestAssured configured with base URL: https://dev201581.service-now.com//api/now/
2024-11-20 11:58:06 INFO  - Initializing browser: chrome
2024-11-20 11:58:17 INFO  - Browser initialized successfully: chrome
2024-11-20 11:58:17 INFO  - Test method setup completed
2024-11-20 11:58:17 INFO  - [2024-11-20T11:58:17.611820900] Step 1 - Enter username in the username field
2024-11-20 11:58:17 INFO  - The data: admin entered successfully in the Username field 
2024-11-20 11:58:18 INFO  - [2024-11-20T11:58:18.232377100] Step 2 - Enter password in the password field
2024-11-20 11:58:18 INFO  - The data: ****** entered successfully in the Password field 
2024-11-20 11:58:18 INFO  - [2024-11-20T11:58:18.677521200] Step 3 - Click the login button
2024-11-20 11:58:24 INFO  - [2024-11-20T11:58:24.021154500] Step 4 - Click the All link in the header
2024-11-20 11:58:30 INFO  - [2024-11-20T11:58:30.046687100] Step 5 - Click the Incident
2024-11-20 11:58:36 INFO  - [2024-11-20T11:58:36.024107300] Step 6 - Click the new button
2024-11-20 11:58:40 INFO  - [2024-11-20T11:58:40.843443800] Step 7 - Get the Incident number 
2024-11-20 11:58:43 INFO  - [2024-11-20T11:58:43.915686100] Step 8 - Select the user
2024-11-20 11:58:49 INFO  - [2024-11-20T11:58:49.356445] Step 9 - Enter short description
2024-11-20 11:58:49 INFO  - The data: This is automated test from Makaia entered successfully in the ShortDesc field 
2024-11-20 11:58:49 INFO  - [2024-11-20T11:58:49.818799900] Step 10 - Click the Submit button
2024-11-20 11:58:49 INFO  - Attempting to locate the element with ID: sysverb_insert
2024-11-20 11:58:49 INFO  - Element located successfully with ID: sysverb_insert
2024-11-20 11:58:51 INFO  - [2024-11-20T11:58:51.001335200] Step 11 - Verify the newly created incident
2024-11-20 11:59:11 ERROR - The element with locator id not found
2024-11-20 11:59:11 INFO  - Test Case 'Create Incident (Using Selenium)' has ended
2024-11-20 11:59:11 INFO  - ====================END OF TEST CASE====================
2024-11-20 11:59:11 INFO  - Test method teardown started
2024-11-20 11:59:11 INFO  - Active browser closed
2024-11-20 11:59:11 INFO  - ====================START OF TEST CASE====================
2024-11-20 11:59:11 INFO  - Test Case 'Creating Incident (Using REST Assured) and Search Incident (Using Selenium)' has started
2024-11-20 11:59:11 INFO  - Test Case initialized
2024-11-20 11:59:11 INFO  - Fetching data for the test
2024-11-20 11:59:11 INFO  - Starting test method setup.
2024-11-20 11:59:11 INFO  - Setting environment: qa
2024-11-20 11:59:11 INFO  - Loaded configuration for environment: qa
2024-11-20 11:59:11 INFO  - Environment properties loaded
2024-11-20 11:59:11 INFO  - RestAssured configured with base URL: https://dev201581.service-now.com//api/now/
2024-11-20 11:59:11 INFO  - Initializing browser: chrome
2024-11-20 11:59:24 INFO  - Browser initialized successfully: chrome
2024-11-20 11:59:24 INFO  - Test method setup completed
2024-11-20 11:59:29 INFO  - Test Case 'Creating Incident (Using REST Assured) and Search Incident (Using Selenium)' has ended
2024-11-20 11:59:29 INFO  - ====================END OF TEST CASE====================
2024-11-20 11:59:29 INFO  - Test method teardown started
2024-11-20 11:59:29 WARN  - onError
java.net.SocketException: Connection reset
	at java.base/sun.nio.ch.SocketChannelImpl.throwConnectionReset(SocketChannelImpl.java:403)
	at java.base/sun.nio.ch.SocketChannelImpl.implRead(SocketChannelImpl.java:435)
	at java.base/sun.nio.ch.SocketChannelImpl.read(SocketChannelImpl.java:493)
	at io.netty.buffer.PooledByteBuf.setBytes(PooledByteBuf.java:254)
	at io.netty.buffer.AbstractByteBuf.writeBytes(AbstractByteBuf.java:1132)
	at io.netty.channel.socket.nio.NioSocketChannel.doReadBytes(NioSocketChannel.java:357)
	at io.netty.channel.nio.AbstractNioByteChannel$NioByteUnsafe.read(AbstractNioByteChannel.java:151)
	at io.netty.channel.nio.NioEventLoop.processSelectedKey(NioEventLoop.java:788)
	at io.netty.channel.nio.NioEventLoop.processSelectedKeysOptimized(NioEventLoop.java:724)
	at io.netty.channel.nio.NioEventLoop.processSelectedKeys(NioEventLoop.java:650)
	at io.netty.channel.nio.NioEventLoop.run(NioEventLoop.java:562)
	at io.netty.util.concurrent.SingleThreadEventExecutor$4.run(SingleThreadEventExecutor.java:997)
	at io.netty.util.internal.ThreadExecutorMap$2.run(ThreadExecutorMap.java:74)
	at io.netty.util.concurrent.FastThreadLocalRunnable.run(FastThreadLocalRunnable.java:30)
	at java.base/java.lang.Thread.run(Thread.java:1575)
2024-11-20 11:59:29 INFO  - Active browser closed
2024-11-20 11:59:29 INFO  - ====================START OF TEST CASE====================
2024-11-20 11:59:29 INFO  - Test Case 'Create Incident(Using Selenium) and Verify(Using REST Assured)' has started
2024-11-20 11:59:29 INFO  - Test Case initialized
2024-11-20 11:59:29 INFO  - Fetching data for the test
2024-11-20 11:59:29 INFO  - Starting test method setup.
2024-11-20 11:59:29 INFO  - Setting environment: qa
2024-11-20 11:59:29 INFO  - Loaded configuration for environment: qa
2024-11-20 11:59:29 INFO  - Environment properties loaded
2024-11-20 11:59:29 INFO  - RestAssured configured with base URL: https://dev201581.service-now.com//api/now/
2024-11-20 11:59:29 INFO  - Initializing browser: chrome
2024-11-20 12:00:06 INFO  - Test Suite Initialization
2024-11-20 12:00:06 INFO  - ====================START OF TEST CASE====================
2024-11-20 12:00:06 INFO  - Test Case 'Create Incident (Using Selenium)' has started
2024-11-20 12:00:06 INFO  - Test Case Initialized
2024-11-20 12:00:06 INFO  - Fetching data for the test
2024-11-20 12:00:07 INFO  - Starting test method setup.
2024-11-20 12:00:07 INFO  - Setting environment: qa
2024-11-20 12:00:07 INFO  - Loaded configuration for environment: qa
2024-11-20 12:00:07 INFO  - Environment properties loaded
2024-11-20 12:00:07 INFO  - RestAssured configured with base URL: https://dev201581.service-now.com//api/now/
2024-11-20 12:00:07 INFO  - Initializing browser: chrome
2024-11-20 12:00:19 INFO  - Browser initialized successfully: chrome
2024-11-20 12:00:19 INFO  - Test method setup completed
2024-11-20 12:00:19 INFO  - --------==[ Step 1 - Enter username in the username field ]==--------
2024-11-20 12:00:19 INFO  - The data: admin entered successfully in the Username field 
2024-11-20 12:00:19 INFO  - --------==[ Step 2 - Enter password in the password field ]==--------
2024-11-20 12:00:19 INFO  - The data: ****** entered successfully in the Password field 
2024-11-20 12:00:20 INFO  - --------==[ Step 3 - Click the login button ]==--------
2024-11-20 12:00:25 INFO  - --------==[ Step 4 - Click the All link in the header ]==--------
2024-11-20 12:00:31 INFO  - --------==[ Step 5 - Click the Incident ]==--------
2024-11-20 12:00:37 INFO  - --------==[ Step 6 - Click the new button ]==--------
2024-11-20 12:00:42 INFO  - --------==[ Step 7 - Get the Incident number  ]==--------
2024-11-20 12:00:45 INFO  - --------==[ Step 8 - Select the user ]==--------
2024-11-20 12:00:51 INFO  - --------==[ Step 9 - Enter short description ]==--------
2024-11-20 12:00:51 INFO  - The data: This is automated test from Makaia entered successfully in the ShortDesc field 
2024-11-20 12:00:52 INFO  - --------==[ Step 10 - Click the Submit button ]==--------
2024-11-20 12:00:52 INFO  - Attempting to locate the element with ID: sysverb_insert
2024-11-20 12:00:52 INFO  - Element located successfully with ID: sysverb_insert
2024-11-20 12:00:53 INFO  - --------==[ Step 11 - Verify the newly created incident ]==--------
2024-11-20 12:01:13 ERROR - The element with locator id not found
2024-11-20 12:01:13 INFO  - Test Case 'Create Incident (Using Selenium)' has ended
2024-11-20 12:01:13 INFO  - ====================END OF TEST CASE====================
2024-11-20 12:01:13 INFO  - Test method teardown started
2024-11-20 12:01:13 WARN  - onError
java.net.SocketException: Connection reset
	at java.base/sun.nio.ch.SocketChannelImpl.throwConnectionReset(SocketChannelImpl.java:403)
	at java.base/sun.nio.ch.SocketChannelImpl.implRead(SocketChannelImpl.java:435)
	at java.base/sun.nio.ch.SocketChannelImpl.read(SocketChannelImpl.java:493)
	at io.netty.buffer.PooledByteBuf.setBytes(PooledByteBuf.java:254)
	at io.netty.buffer.AbstractByteBuf.writeBytes(AbstractByteBuf.java:1132)
	at io.netty.channel.socket.nio.NioSocketChannel.doReadBytes(NioSocketChannel.java:357)
	at io.netty.channel.nio.AbstractNioByteChannel$NioByteUnsafe.read(AbstractNioByteChannel.java:151)
	at io.netty.channel.nio.NioEventLoop.processSelectedKey(NioEventLoop.java:788)
	at io.netty.channel.nio.NioEventLoop.processSelectedKeysOptimized(NioEventLoop.java:724)
	at io.netty.channel.nio.NioEventLoop.processSelectedKeys(NioEventLoop.java:650)
	at io.netty.channel.nio.NioEventLoop.run(NioEventLoop.java:562)
	at io.netty.util.concurrent.SingleThreadEventExecutor$4.run(SingleThreadEventExecutor.java:997)
	at io.netty.util.internal.ThreadExecutorMap$2.run(ThreadExecutorMap.java:74)
	at io.netty.util.concurrent.FastThreadLocalRunnable.run(FastThreadLocalRunnable.java:30)
	at java.base/java.lang.Thread.run(Thread.java:1575)
2024-11-20 12:01:13 INFO  - Active browser closed
2024-11-20 12:01:13 INFO  - ====================START OF TEST CASE====================
2024-11-20 12:01:13 INFO  - Test Case 'Creating Incident (Using REST Assured) and Search Incident (Using Selenium)' has started
2024-11-20 12:01:13 INFO  - Test Case Initialized
2024-11-20 12:01:13 INFO  - Fetching data for the test
2024-11-20 12:01:13 INFO  - Starting test method setup.
2024-11-20 12:01:13 INFO  - Setting environment: qa
2024-11-20 12:01:13 INFO  - Loaded configuration for environment: qa
2024-11-20 12:01:13 INFO  - Environment properties loaded
2024-11-20 12:01:13 INFO  - RestAssured configured with base URL: https://dev201581.service-now.com//api/now/
2024-11-20 12:01:13 INFO  - Initializing browser: chrome
2024-11-20 12:01:23 INFO  - Browser initialized successfully: chrome
2024-11-20 12:01:23 INFO  - Test method setup completed
2024-11-20 12:01:30 INFO  - Test Case 'Creating Incident (Using REST Assured) and Search Incident (Using Selenium)' has ended
2024-11-20 12:01:30 INFO  - ====================END OF TEST CASE====================
2024-11-20 12:01:30 INFO  - Test method teardown started
2024-11-20 12:01:30 WARN  - onError
java.net.SocketException: Connection reset
	at java.base/sun.nio.ch.SocketChannelImpl.throwConnectionReset(SocketChannelImpl.java:403)
	at java.base/sun.nio.ch.SocketChannelImpl.implRead(SocketChannelImpl.java:435)
	at java.base/sun.nio.ch.SocketChannelImpl.read(SocketChannelImpl.java:493)
	at io.netty.buffer.PooledByteBuf.setBytes(PooledByteBuf.java:254)
	at io.netty.buffer.AbstractByteBuf.writeBytes(AbstractByteBuf.java:1132)
	at io.netty.channel.socket.nio.NioSocketChannel.doReadBytes(NioSocketChannel.java:357)
	at io.netty.channel.nio.AbstractNioByteChannel$NioByteUnsafe.read(AbstractNioByteChannel.java:151)
	at io.netty.channel.nio.NioEventLoop.processSelectedKey(NioEventLoop.java:788)
	at io.netty.channel.nio.NioEventLoop.processSelectedKeysOptimized(NioEventLoop.java:724)
	at io.netty.channel.nio.NioEventLoop.processSelectedKeys(NioEventLoop.java:650)
	at io.netty.channel.nio.NioEventLoop.run(NioEventLoop.java:562)
	at io.netty.util.concurrent.SingleThreadEventExecutor$4.run(SingleThreadEventExecutor.java:997)
	at io.netty.util.internal.ThreadExecutorMap$2.run(ThreadExecutorMap.java:74)
	at io.netty.util.concurrent.FastThreadLocalRunnable.run(FastThreadLocalRunnable.java:30)
	at java.base/java.lang.Thread.run(Thread.java:1575)
2024-11-20 12:01:30 INFO  - Active browser closed
2024-11-20 12:01:30 INFO  - ====================START OF TEST CASE====================
2024-11-20 12:01:30 INFO  - Test Case 'Create Incident(Using Selenium) and Verify(Using REST Assured)' has started
2024-11-20 12:01:30 INFO  - Test Case Initialized
2024-11-20 12:01:30 INFO  - Fetching data for the test
2024-11-20 12:01:30 INFO  - Starting test method setup.
2024-11-20 12:01:30 INFO  - Setting environment: qa
2024-11-20 12:01:30 INFO  - Loaded configuration for environment: qa
2024-11-20 12:01:30 INFO  - Environment properties loaded
2024-11-20 12:01:30 INFO  - RestAssured configured with base URL: https://dev201581.service-now.com//api/now/
2024-11-20 12:01:30 INFO  - Initializing browser: chrome
2024-11-20 12:01:41 INFO  - Browser initialized successfully: chrome
2024-11-20 12:01:41 INFO  - Test method setup completed
2024-11-20 12:01:41 INFO  - The data: admin entered successfully in the Username field 
2024-11-20 12:01:42 INFO  - The data: ****** entered successfully in the Password field 
2024-11-20 12:02:21 INFO  - The data: This is automated test from Makaia entered successfully in the Short Desc field 
2024-11-20 12:02:21 INFO  - Attempting to locate the element with ID: sysverb_insert
2024-11-20 12:02:21 INFO  - Element located successfully with ID: sysverb_insert
2024-11-20 12:02:42 ERROR - The element with locator id not found
2024-11-20 12:02:43 INFO  - Test Case 'Create Incident(Using Selenium) and Verify(Using REST Assured)' has ended
2024-11-20 12:02:43 INFO  - ====================END OF TEST CASE====================
2024-11-20 12:02:43 INFO  - Test method teardown started
2024-11-20 12:02:43 WARN  - onError
java.net.SocketException: Connection reset
	at java.base/sun.nio.ch.SocketChannelImpl.throwConnectionReset(SocketChannelImpl.java:403)
	at java.base/sun.nio.ch.SocketChannelImpl.implRead(SocketChannelImpl.java:435)
	at java.base/sun.nio.ch.SocketChannelImpl.read(SocketChannelImpl.java:493)
	at io.netty.buffer.PooledByteBuf.setBytes(PooledByteBuf.java:254)
	at io.netty.buffer.AbstractByteBuf.writeBytes(AbstractByteBuf.java:1132)
	at io.netty.channel.socket.nio.NioSocketChannel.doReadBytes(NioSocketChannel.java:357)
	at io.netty.channel.nio.AbstractNioByteChannel$NioByteUnsafe.read(AbstractNioByteChannel.java:151)
	at io.netty.channel.nio.NioEventLoop.processSelectedKey(NioEventLoop.java:788)
	at io.netty.channel.nio.NioEventLoop.processSelectedKeysOptimized(NioEventLoop.java:724)
	at io.netty.channel.nio.NioEventLoop.processSelectedKeys(NioEventLoop.java:650)
	at io.netty.channel.nio.NioEventLoop.run(NioEventLoop.java:562)
	at io.netty.util.concurrent.SingleThreadEventExecutor$4.run(SingleThreadEventExecutor.java:997)
	at io.netty.util.internal.ThreadExecutorMap$2.run(ThreadExecutorMap.java:74)
	at io.netty.util.concurrent.FastThreadLocalRunnable.run(FastThreadLocalRunnable.java:30)
	at java.base/java.lang.Thread.run(Thread.java:1575)
2024-11-20 12:02:43 INFO  - Active browser closed
2024-11-20 12:02:43 INFO  - Loaded configuration for environment: qa
2024-11-20 12:02:45 INFO  - Test Suite execution completed
2024-11-20 14:32:47 INFO  - Test Suite Initialization
2024-11-20 14:32:48 INFO  - ====================START OF TEST CASE====================
2024-11-20 14:32:48 INFO  - Test Case 'Create Incident (Using Selenium)' has started
2024-11-20 14:32:48 INFO  - Test Case Initialized
2024-11-20 14:32:48 INFO  - Fetching data for the test
2024-11-20 14:32:48 INFO  - Starting test method setup.
2024-11-20 14:32:48 INFO  - Setting environment: qa
2024-11-20 14:32:48 INFO  - Loaded configuration for environment: qa
2024-11-20 14:32:48 INFO  - Environment properties loaded
2024-11-20 14:32:49 INFO  - RestAssured configured with base URL: https://dev201581.service-now.com//api/now/
2024-11-20 14:32:49 INFO  - Initializing browser: chrome
2024-11-20 14:33:05 INFO  - Browser initialized successfully: chrome
2024-11-20 14:33:05 INFO  - Test method setup completed
2024-11-20 14:33:05 INFO  - --------==[ Step 1 - Enter username in the username field ]==--------
2024-11-20 14:33:06 INFO  - The data: admin entered successfully in the Username field 
2024-11-20 14:33:06 INFO  - --------==[ Step 2 - Enter password in the password field ]==--------
2024-11-20 14:33:07 INFO  - The data: ****** entered successfully in the Password field 
2024-11-20 14:33:07 INFO  - --------==[ Step 3 - Click the login button ]==--------
2024-11-20 14:33:07 INFO  - Element is clickable: [[ChromeDriver: chrome on windows (6cd014f64a7bdd5ffeb51e6a1a420895)] -> id: sysverb_login]
2024-11-20 14:33:07 INFO  - Attempting to highlight the element.
2024-11-20 14:33:08 INFO  - Successfully clicked the element: Login button
2024-11-20 14:33:21 INFO  - --------==[ Step 4 - Click the All link in the header ]==--------
2024-11-20 14:33:21 INFO  - Attempting to locate and click the element inside the shadow root: All Link
2024-11-20 14:33:26 INFO  - Element is clickable: All Link
2024-11-20 14:33:26 INFO  - Attempting to highlight the element.
2024-11-20 14:33:27 INFO  - Successfully clicked the element: All Link
2024-11-20 14:33:27 INFO  - --------==[ Step 5 - Click the Incident ]==--------
2024-11-20 14:33:27 INFO  - Attempting to locate and click the element inside the shadow root: Incident menu option
2024-11-20 14:33:32 INFO  - Element is clickable: Incident menu option
2024-11-20 14:33:32 INFO  - Attempting to highlight the element.
2024-11-20 14:33:33 INFO  - Successfully clicked the element: Incident menu option
2024-11-20 14:33:33 INFO  - --------==[ Step 6 - Click the new button ]==--------
2024-11-20 14:33:33 INFO  - Attempting to locate the frame inside the shadow root: New button
2024-11-20 14:33:38 INFO  - Successfully switched to the frame with element: [org.openqa.selenium.remote.RemoteWebElement@50e2809d -> unknown locator]
2024-11-20 14:33:38 INFO  - Successfully switched to the frame: New button
2024-11-20 14:33:38 INFO  - Element is clickable: [[ChromeDriver: chrome on windows (6cd014f64a7bdd5ffeb51e6a1a420895)] -> xpath: //button[@id='sysverb_new']]
2024-11-20 14:33:38 INFO  - Attempting to highlight the element.
2024-11-20 14:33:39 INFO  - Successfully clicked the element: New button
2024-11-20 14:33:43 INFO  - --------==[ Step 7 - Get the Incident number  ]==--------
2024-11-20 14:33:46 INFO  - Attempting to retrieve the attribute: value from the element
2024-11-20 14:33:46 INFO  - --------==[ Step 8 - Select the user ]==--------
2024-11-20 14:33:51 INFO  - The data: Abel entered successfully in the User field using the element[[ChromeDriver: chrome on windows (6cd014f64a7bdd5ffeb51e6a1a420895)] -> id: sys_display.incident.caller_id]
2024-11-20 14:33:52 INFO  - --------==[ Step 9 - Enter short description ]==--------
2024-11-20 14:33:52 INFO  - The data: This is automated test from Makaia entered successfully in the ShortDesc field 
2024-11-20 14:33:52 INFO  - --------==[ Step 10 - Click the Submit button ]==--------
2024-11-20 14:33:52 INFO  - Attempting to locate the element with ID: sysverb_insert
2024-11-20 14:33:53 INFO  - Element located successfully with ID: sysverb_insert
2024-11-20 14:33:53 INFO  - Element is clickable: [[ChromeDriver: chrome on windows (6cd014f64a7bdd5ffeb51e6a1a420895)] -> id: sysverb_insert]
2024-11-20 14:33:53 INFO  - Attempting to highlight the element.
2024-11-20 14:33:53 INFO  - Successfully clicked the element: Submit button
2024-11-20 14:33:54 INFO  - --------==[ Step 11 - Verify the newly created incident ]==--------
2024-11-20 14:34:14 ERROR - The element with locator id not found
org.openqa.selenium.NoSuchElementException: no such element: Unable to locate element: {"method":"css selector","selector":"#incident_breadcrumb"}
  (Session info: chrome=131.0.6778.70)
For documentation on this error, please visit: https://www.selenium.dev/documentation/webdriver/troubleshooting/errors#no-such-element-exception
Build info: version: '4.13.0', revision: 'ba948ece5b*'
System info: os.name: 'Windows 11', os.arch: 'amd64', os.version: '10.0', java.version: '23.0.1'
Driver info: org.openqa.selenium.chrome.ChromeDriver
Command: [6cd014f64a7bdd5ffeb51e6a1a420895, findElement {using=id, value=incident_breadcrumb}]
Capabilities {acceptInsecureCerts: false, browserName: chrome, browserVersion: 131.0.6778.70, chrome: {chromedriverVersion: 131.0.6778.85 (3d81e41b6f3a..., userDataDir: C:\Users\Admin\AppData\Loca...}, fedcm:accounts: true, goog:chromeOptions: {debuggerAddress: localhost:55880}, networkConnectionEnabled: false, pageLoadStrategy: normal, platformName: windows, proxy: Proxy(), se:cdp: ws://localhost:55880/devtoo..., se:cdpVersion: 131.0.6778.70, setWindowRect: true, strictFileInteractability: false, timeouts: {implicit: 0, pageLoad: 300000, script: 30000}, unhandledPromptBehavior: dismiss and notify, webauthn:extension:credBlob: true, webauthn:extension:largeBlob: true, webauthn:extension:minPinLength: true, webauthn:extension:prf: true, webauthn:virtualAuthenticators: true}
Session ID: 6cd014f64a7bdd5ffeb51e6a1a420895
	at java.base/jdk.internal.reflect.DirectConstructorHandleAccessor.newInstance(DirectConstructorHandleAccessor.java:62)
	at java.base/java.lang.reflect.Constructor.newInstanceWithCaller(Constructor.java:501)
	at java.base/java.lang.reflect.Constructor.newInstance(Constructor.java:485)
	at org.openqa.selenium.remote.codec.w3c.W3CHttpResponseCodec.createException(W3CHttpResponseCodec.java:200)
	at org.openqa.selenium.remote.codec.w3c.W3CHttpResponseCodec.decode(W3CHttpResponseCodec.java:133)
	at org.openqa.selenium.remote.codec.w3c.W3CHttpResponseCodec.decode(W3CHttpResponseCodec.java:52)
	at org.openqa.selenium.remote.HttpCommandExecutor.execute(HttpCommandExecutor.java:191)
	at org.openqa.selenium.remote.service.DriverCommandExecutor.invokeExecute(DriverCommandExecutor.java:196)
	at org.openqa.selenium.remote.service.DriverCommandExecutor.execute(DriverCommandExecutor.java:171)
	at org.openqa.selenium.remote.RemoteWebDriver.execute(RemoteWebDriver.java:602)
	at org.openqa.selenium.remote.ElementLocation$ElementFinder$2.findElement(ElementLocation.java:165)
	at org.openqa.selenium.remote.ElementLocation.findElement(ElementLocation.java:59)
	at org.openqa.selenium.remote.RemoteWebDriver.findElement(RemoteWebDriver.java:359)
	at org.openqa.selenium.remote.RemoteWebDriver.findElement(RemoteWebDriver.java:353)
	at lib.selenium.WebDriverServiceImpl.locateElement(WebDriverServiceImpl.java:41)
	at pages.selenium.CreateNewIncident.verifyIncidentCreation(CreateNewIncident.java:60)
	at tests.selenium.TC001_CreateIncident.createIncident(TC001_CreateIncident.java:64)
	at java.base/jdk.internal.reflect.DirectMethodHandleAccessor.invoke(DirectMethodHandleAccessor.java:103)
	at java.base/java.lang.reflect.Method.invoke(Method.java:580)
	at org.testng.internal.MethodInvocationHelper.invokeMethod(MethodInvocationHelper.java:134)
	at org.testng.internal.TestInvoker.invokeMethod(TestInvoker.java:597)
	at org.testng.internal.TestInvoker.invokeTestMethod(TestInvoker.java:173)
	at org.testng.internal.MethodRunner.runInSequence(MethodRunner.java:46)
	at org.testng.internal.TestInvoker$MethodInvocationAgent.invoke(TestInvoker.java:816)
	at org.testng.internal.TestInvoker.invokeTestMethods(TestInvoker.java:146)
	at org.testng.internal.TestMethodWorker.invokeTestMethods(TestMethodWorker.java:146)
	at org.testng.internal.TestMethodWorker.run(TestMethodWorker.java:128)
	at java.base/java.util.ArrayList.forEach(ArrayList.java:1597)
	at org.testng.TestRunner.privateRun(TestRunner.java:766)
	at org.testng.TestRunner.run(TestRunner.java:587)
	at org.testng.SuiteRunner.runTest(SuiteRunner.java:384)
	at org.testng.SuiteRunner.runSequentially(SuiteRunner.java:378)
	at org.testng.SuiteRunner.privateRun(SuiteRunner.java:337)
	at org.testng.SuiteRunner.run(SuiteRunner.java:286)
	at org.testng.SuiteRunnerWorker.runSuite(SuiteRunnerWorker.java:53)
	at org.testng.SuiteRunnerWorker.run(SuiteRunnerWorker.java:96)
	at org.testng.TestNG.runSuitesSequentially(TestNG.java:1187)
	at org.testng.TestNG.runSuitesLocally(TestNG.java:1109)
	at org.testng.TestNG.runSuites(TestNG.java:1039)
	at org.testng.TestNG.run(TestNG.java:1007)
	at com.intellij.rt.testng.IDEARemoteTestNG.run(IDEARemoteTestNG.java:66)
	at com.intellij.rt.testng.RemoteTestNGStarter.main(RemoteTestNGStarter.java:109)
2024-11-20 14:34:14 INFO  - Test Case 'Create Incident (Using Selenium)' has ended
2024-11-20 14:34:14 INFO  - ====================END OF TEST CASE====================
2024-11-20 14:34:14 INFO  - Test method teardown started
2024-11-20 14:34:14 INFO  - Active browser closed
2024-11-20 14:34:14 INFO  - ====================START OF TEST CASE====================
2024-11-20 14:34:14 INFO  - Test Case 'Creating Incident (Using REST Assured) and Search Incident (Using Selenium)' has started
2024-11-20 14:34:14 INFO  - Test Case Initialized
2024-11-20 14:34:14 INFO  - Fetching data for the test
2024-11-20 14:34:14 INFO  - Starting test method setup.
2024-11-20 14:34:14 INFO  - Setting environment: qa
2024-11-20 14:34:14 INFO  - Loaded configuration for environment: qa
2024-11-20 14:34:14 INFO  - Environment properties loaded
2024-11-20 14:34:14 INFO  - RestAssured configured with base URL: https://dev201581.service-now.com//api/now/
2024-11-20 14:34:14 INFO  - Initializing browser: chrome
2024-11-20 14:34:26 INFO  - Browser initialized successfully: chrome
2024-11-20 14:34:26 INFO  - Test method setup completed
2024-11-20 14:34:35 INFO  - Test Case 'Creating Incident (Using REST Assured) and Search Incident (Using Selenium)' has ended
2024-11-20 14:34:35 INFO  - ====================END OF TEST CASE====================
2024-11-20 14:34:35 INFO  - Test method teardown started
2024-11-20 14:34:36 WARN  - onError
java.net.SocketException: Connection reset
	at java.base/sun.nio.ch.SocketChannelImpl.throwConnectionReset(SocketChannelImpl.java:403)
	at java.base/sun.nio.ch.SocketChannelImpl.implRead(SocketChannelImpl.java:435)
	at java.base/sun.nio.ch.SocketChannelImpl.read(SocketChannelImpl.java:493)
	at io.netty.buffer.PooledByteBuf.setBytes(PooledByteBuf.java:254)
	at io.netty.buffer.AbstractByteBuf.writeBytes(AbstractByteBuf.java:1132)
	at io.netty.channel.socket.nio.NioSocketChannel.doReadBytes(NioSocketChannel.java:357)
	at io.netty.channel.nio.AbstractNioByteChannel$NioByteUnsafe.read(AbstractNioByteChannel.java:151)
	at io.netty.channel.nio.NioEventLoop.processSelectedKey(NioEventLoop.java:788)
	at io.netty.channel.nio.NioEventLoop.processSelectedKeysOptimized(NioEventLoop.java:724)
	at io.netty.channel.nio.NioEventLoop.processSelectedKeys(NioEventLoop.java:650)
	at io.netty.channel.nio.NioEventLoop.run(NioEventLoop.java:562)
	at io.netty.util.concurrent.SingleThreadEventExecutor$4.run(SingleThreadEventExecutor.java:997)
	at io.netty.util.internal.ThreadExecutorMap$2.run(ThreadExecutorMap.java:74)
	at io.netty.util.concurrent.FastThreadLocalRunnable.run(FastThreadLocalRunnable.java:30)
	at java.base/java.lang.Thread.run(Thread.java:1575)
2024-11-20 14:34:36 INFO  - Active browser closed
2024-11-20 14:34:36 INFO  - ====================START OF TEST CASE====================
2024-11-20 14:34:36 INFO  - Test Case 'Create Incident(Using Selenium) and Verify(Using REST Assured)' has started
2024-11-20 14:34:36 INFO  - Test Case Initialized
2024-11-20 14:34:36 INFO  - Fetching data for the test
2024-11-20 14:34:36 INFO  - Starting test method setup.
2024-11-20 14:34:36 INFO  - Setting environment: qa
2024-11-20 14:34:36 INFO  - Loaded configuration for environment: qa
2024-11-20 14:34:36 INFO  - Environment properties loaded
2024-11-20 14:34:36 INFO  - RestAssured configured with base URL: https://dev201581.service-now.com//api/now/
2024-11-20 14:34:36 INFO  - Initializing browser: chrome
2024-11-20 14:36:10 INFO  - Test Suite Initialization
2024-11-20 14:36:10 INFO  - ====================START OF TEST CASE====================
2024-11-20 14:36:10 INFO  - Test Case 'Create Incident (Using Selenium)' has started
2024-11-20 14:36:10 INFO  - Test Case Initialized
2024-11-20 14:36:10 INFO  - Fetching data for the test
2024-11-20 14:36:12 INFO  - Starting test method setup.
2024-11-20 14:36:12 INFO  - Setting environment: qa
2024-11-20 14:36:12 INFO  - Loaded configuration for environment: qa
2024-11-20 14:36:12 INFO  - Environment properties loaded
2024-11-20 14:36:13 INFO  - RestAssured configured with base URL: https://dev201581.service-now.com//api/now/
2024-11-20 14:36:13 INFO  - Initializing browser: chrome
2024-11-20 14:36:23 INFO  - Browser initialized successfully: chrome
2024-11-20 14:36:23 INFO  - Test method setup completed
2024-11-20 14:36:27 INFO  - --------==[ Step 1 - Enter username in the username field ]==--------
2024-11-20 14:36:27 INFO  - The data: admin entered successfully in the Username field 
2024-11-20 14:36:28 INFO  - --------==[ Step 2 - Enter password in the password field ]==--------
2024-11-20 14:36:28 INFO  - The data: ****** entered successfully in the Password field 
2024-11-20 14:36:28 INFO  - --------==[ Step 3 - Click the login button ]==--------
2024-11-20 14:36:28 INFO  - Attempting to click the element: Login button
2024-11-20 14:36:29 INFO  - Element is clickable: [[ChromeDriver: chrome on windows (eb6544898156381bb0702504199a147b)] -> id: sysverb_login]
2024-11-20 14:36:29 INFO  - Attempting to highlight the element.
2024-11-20 14:36:30 INFO  - Successfully clicked the element: Login button
2024-11-20 14:36:36 INFO  - --------==[ Step 4 - Click the All link in the header ]==--------
2024-11-20 14:36:36 INFO  - Attempting to locate and click the element inside the shadow root: All Link
2024-11-20 14:36:41 INFO  - Element is clickable: All Link
2024-11-20 14:36:41 INFO  - Attempting to highlight the element.
2024-11-20 14:37:44 INFO  - Test Suite Initialization
2024-11-20 14:37:45 INFO  - ====================START OF TEST CASE====================
2024-11-20 14:37:45 INFO  - Test Case 'Create Incident (Using Selenium)' has started
2024-11-20 14:37:45 INFO  - Test Case Initialized
2024-11-20 14:37:45 INFO  - Fetching data for the test
2024-11-20 14:37:46 INFO  - Starting test method setup.
2024-11-20 14:37:46 INFO  - Setting environment: qa
2024-11-20 14:37:46 INFO  - Loaded configuration for environment: qa
2024-11-20 14:37:46 INFO  - Environment properties loaded
2024-11-20 14:37:47 INFO  - RestAssured configured with base URL: https://dev201581.service-now.com//api/now/
2024-11-20 14:37:47 INFO  - Initializing browser: chrome
2024-11-20 14:38:03 INFO  - Browser initialized successfully: chrome
2024-11-20 14:38:03 INFO  - Test method setup completed
2024-11-20 14:38:03 INFO  - --------==[ Step 1 - Enter username in the username field ]==--------
2024-11-20 14:38:03 INFO  - The data: admin entered successfully in the Username field 
2024-11-20 14:38:04 INFO  - --------==[ Step 2 - Enter password in the password field ]==--------
2024-11-20 14:38:05 INFO  - The data: ****** entered successfully in the Password field 
2024-11-20 14:38:06 INFO  - --------==[ Step 3 - Click the login button ]==--------
2024-11-20 14:38:06 INFO  - Attempting to click the element: Login button
2024-11-20 14:38:06 INFO  - Element is clickable: Log in
2024-11-20 14:38:06 INFO  - Attempting to highlight the element.
2024-11-20 14:38:08 INFO  - Successfully clicked the element: Login button
2024-11-20 14:38:18 INFO  - --------==[ Step 4 - Click the All link in the header ]==--------
2024-11-20 14:38:18 INFO  - Attempting to locate and click the element inside the shadow root: All Link
2024-11-20 14:38:24 INFO  - Element is clickable: All Link
2024-11-20 14:38:24 INFO  - Attempting to highlight the element.
2024-11-20 14:38:25 INFO  - Successfully clicked the element: All Link
2024-11-20 14:38:25 INFO  - --------==[ Step 5 - Click the Incident ]==--------
2024-11-20 14:38:25 INFO  - Attempting to locate and click the element inside the shadow root: Incident menu option
2024-11-20 14:38:30 INFO  - Element is clickable: Incident menu option
2024-11-20 14:38:30 INFO  - Attempting to highlight the element.
2024-11-20 14:38:31 INFO  - Successfully clicked the element: Incident menu option
2024-11-20 14:38:31 INFO  - --------==[ Step 6 - Click the new button ]==--------
2024-11-20 14:38:31 INFO  - Attempting to locate the frame inside the shadow root: New button
2024-11-20 14:38:33 INFO  - Successfully switched to the frame with element: [org.openqa.selenium.remote.RemoteWebElement@f7f542a0 -> unknown locator]
2024-11-20 14:38:33 INFO  - Successfully switched to the frame: New button
2024-11-20 14:38:33 INFO  - Attempting to click the element: New button
2024-11-20 14:38:33 INFO  - Element is clickable: New
2024-11-20 14:38:33 INFO  - Attempting to highlight the element.
2024-11-20 14:38:34 INFO  - Successfully clicked the element: New button
2024-11-20 14:38:36 INFO  - --------==[ Step 7 - Get the Incident number  ]==--------
2024-11-20 14:38:39 INFO  - Attempting to retrieve the attribute: value from the element
2024-11-20 14:38:39 INFO  - --------==[ Step 8 - Select the user ]==--------
2024-11-20 14:38:45 INFO  - The data: Abel entered successfully in the User field using the element[[ChromeDriver: chrome on windows (e1c9b1eab2958cb33fadd2078d4d146f)] -> id: sys_display.incident.caller_id]
2024-11-20 14:38:45 INFO  - --------==[ Step 9 - Enter short description ]==--------
2024-11-20 14:38:46 INFO  - The data: This is automated test from Makaia entered successfully in the ShortDesc field 
2024-11-20 14:38:46 INFO  - --------==[ Step 10 - Click the Submit button ]==--------
2024-11-20 14:38:46 INFO  - Attempting to locate the element with ID: sysverb_insert
2024-11-20 14:38:46 INFO  - Element located successfully with ID: sysverb_insert
2024-11-20 14:38:46 INFO  - Attempting to click the element: Submit button
2024-11-20 14:38:46 INFO  - Element is clickable: Submit
2024-11-20 14:38:46 INFO  - Attempting to highlight the element.
2024-11-20 14:38:47 INFO  - Successfully clicked the element: Submit button
2024-11-20 14:38:48 INFO  - --------==[ Step 11 - Verify the newly created incident ]==--------
2024-11-20 14:40:03 INFO  - Test Suite Initialization
2024-11-20 14:40:04 INFO  - ====================START OF TEST CASE====================
2024-11-20 14:40:04 INFO  - Test Case 'Create Incident (Using Selenium)' has started
2024-11-20 14:40:04 INFO  - Test Case Initialized
2024-11-20 14:40:04 INFO  - Fetching data for the test
2024-11-20 14:40:05 INFO  - Starting test method setup.
2024-11-20 14:40:05 INFO  - Setting environment: qa
2024-11-20 14:40:05 INFO  - Loaded configuration for environment: qa
2024-11-20 14:40:05 INFO  - Environment properties loaded
2024-11-20 14:40:07 INFO  - RestAssured configured with base URL: https://dev201581.service-now.com//api/now/
2024-11-20 14:40:07 INFO  - Initializing browser: chrome
2024-11-20 14:40:24 INFO  - Browser initialized successfully: chrome
2024-11-20 14:40:24 INFO  - Test method setup completed
2024-11-20 14:40:25 INFO  - --------==[ Step 1 - Enter username in the username field ]==--------
2024-11-20 14:40:25 INFO  - The data: admin entered successfully in the Username field 
2024-11-20 14:40:26 INFO  - --------==[ Step 2 - Enter password in the password field ]==--------
2024-11-20 14:40:26 INFO  - The data: ****** entered successfully in the Password field 
2024-11-20 14:40:26 INFO  - --------==[ Step 3 - Click the login button ]==--------
2024-11-20 14:40:26 INFO  - Attempting to click the element: Login button
2024-11-20 14:40:26 INFO  - Element is clickable: [[ChromeDriver: chrome on windows (3f398ef098a8566589f96b3856307df6)] -> id: sysverb_login]
2024-11-20 14:40:26 INFO  - Attempting to highlight the element.
2024-11-20 14:40:27 INFO  - Successfully clicked the element: Login button
2024-11-20 14:40:32 INFO  - --------==[ Step 4 - Click the All link in the header ]==--------
2024-11-20 14:40:32 INFO  - Attempting to locate and click the element inside the shadow root: All Link
2024-11-20 14:48:01 INFO  - Test Suite Initialization
2024-11-20 14:48:02 INFO  - ====================START OF TEST CASE====================
2024-11-20 14:48:02 INFO  - Test Case 'Create Incident (Using Selenium)' has started
2024-11-20 14:48:02 INFO  - Test Case Initialized
2024-11-20 14:48:02 INFO  - Fetching data for the test
2024-11-20 14:48:03 INFO  - Starting test method setup.
2024-11-20 14:48:03 INFO  - Setting environment: qa
2024-11-20 14:48:03 INFO  - Loaded configuration for environment: qa
2024-11-20 14:48:03 INFO  - Environment properties loaded
2024-11-20 14:48:05 INFO  - RestAssured configured with base URL: https://dev201581.service-now.com//api/now/
2024-11-20 14:48:05 INFO  - Initializing browser: chrome
2024-11-20 14:48:19 INFO  - Browser initialized successfully: chrome
2024-11-20 14:48:19 INFO  - Test method setup completed
2024-11-20 14:48:19 INFO  - --------==[ Step 1 - Enter username in the username field ]==--------
2024-11-20 14:48:19 INFO  - The data: admin entered successfully in the Username field 
2024-11-20 14:48:20 INFO  - --------==[ Step 2 - Enter password in the password field ]==--------
2024-11-20 14:48:20 INFO  - The data: ****** entered successfully in the Password field 
2024-11-20 14:48:20 INFO  - --------==[ Step 3 - Click the login button ]==--------
2024-11-20 14:48:20 INFO  - Attempting to click the element: Login button
2024-11-20 14:48:21 INFO  - Element is clickable: Log in
2024-11-20 14:48:21 INFO  - Attempting to highlight the element.
2024-11-20 14:48:22 INFO  - Successfully clicked the element: Login button
2024-11-20 14:50:30 INFO  - Test Suite Initialization
2024-11-20 14:50:30 INFO  - ====================START OF TEST CASE====================
2024-11-20 14:50:30 INFO  - Test Case 'Create Incident (Using Selenium)' has started
2024-11-20 14:50:30 INFO  - Test Case Initialized
2024-11-20 14:50:30 INFO  - Fetching data for the test
2024-11-20 14:50:30 INFO  - Starting test method setup.
2024-11-20 14:50:30 INFO  - Setting environment: qa
2024-11-20 14:50:30 INFO  - Loaded configuration for environment: qa
2024-11-20 14:50:30 INFO  - Environment properties loaded
2024-11-20 14:50:31 INFO  - RestAssured configured with base URL: https://dev201581.service-now.com//api/now/
2024-11-20 14:50:31 INFO  - Initializing browser: chrome
2024-11-20 14:50:43 INFO  - Browser initialized successfully: chrome
2024-11-20 14:50:44 INFO  - Test method setup completed
2024-11-20 14:50:44 INFO  - --------==[ Step 1 - Enter username in the username field ]==--------
2024-11-20 14:50:44 INFO  - The data: admin entered successfully in the Username field 
2024-11-20 14:50:44 INFO  - --------==[ Step 2 - Enter password in the password field ]==--------
2024-11-20 14:50:45 INFO  - The data: ****** entered successfully in the Password field 
2024-11-20 14:50:45 INFO  - --------==[ Step 3 - Click the login button ]==--------
2024-11-20 14:50:45 INFO  - Attempting to click the element: Login button
2024-11-20 14:50:45 INFO  - Element Details: [ID: sysverb_login] [Name: not_important] [Text: Log in] [Class: btn btn-primary] [Tag: button] [Type: submit] 
2024-11-20 14:50:45 INFO  - Attempting to highlight the element.
2024-11-20 14:50:46 INFO  - Successfully clicked the element: Login button
2024-11-20 14:50:55 INFO  - --------==[ Step 4 - Click the All link in the header ]==--------
2024-11-20 14:50:55 INFO  - Attempting to locate and click the element inside the shadow root: All Link
2024-11-20 14:51:00 INFO  - Element is clickable: All Link
2024-11-20 14:51:00 INFO  - Attempting to highlight the element.
2024-11-20 14:51:01 INFO  - Successfully clicked the element: All Link
2024-11-20 14:51:02 INFO  - --------==[ Step 5 - Click the Incident ]==--------
2024-11-20 14:51:02 INFO  - Attempting to locate and click the element inside the shadow root: Incident menu option
2024-11-20 14:51:07 INFO  - Element is clickable: Incident menu option
2024-11-20 14:51:07 INFO  - Attempting to highlight the element.
2024-11-20 14:52:34 INFO  - Test Suite Initialization
2024-11-20 14:52:34 INFO  - ====================START OF TEST CASE====================
2024-11-20 14:52:34 INFO  - Test Case 'Create Incident (Using Selenium)' has started
2024-11-20 14:52:34 INFO  - Test Case Initialized
2024-11-20 14:52:34 INFO  - Fetching data for the test
2024-11-20 14:52:35 INFO  - Starting test method setup.
2024-11-20 14:52:35 INFO  - Setting environment: qa
2024-11-20 14:52:35 INFO  - Loaded configuration for environment: qa
2024-11-20 14:52:35 INFO  - Environment properties loaded
2024-11-20 14:52:36 INFO  - RestAssured configured with base URL: https://dev201581.service-now.com//api/now/
2024-11-20 14:52:36 INFO  - Initializing browser: chrome
2024-11-20 14:52:56 INFO  - Browser initialized successfully: chrome
2024-11-20 14:52:56 INFO  - Test method setup completed
2024-11-20 14:52:56 INFO  - --------==[ Step 1 - Enter username in the username field ]==--------
2024-11-20 14:52:56 INFO  - The data: admin entered successfully in the Username field 
2024-11-20 14:52:57 INFO  - --------==[ Step 2 - Enter password in the password field ]==--------
2024-11-20 14:52:57 INFO  - The data: ****** entered successfully in the Password field 
2024-11-20 14:52:57 INFO  - --------==[ Step 3 - Click the login button ]==--------
2024-11-20 14:52:57 INFO  - Attempting to click the element: Login button
2024-11-20 14:52:58 INFO  - Attempting to highlight the element.
2024-11-20 14:52:58 INFO  - Successfully clicked the element: Login button
2024-11-20 14:53:03 INFO  - --------==[ Step 4 - Click the All link in the header ]==--------
2024-11-20 14:53:03 INFO  - Attempting to locate and click the element inside the shadow root: All Link
2024-11-20 14:53:08 INFO  - Element is clickable: All Link
2024-11-20 14:53:08 INFO  - Attempting to highlight the element.
2024-11-20 14:53:08 INFO  - Successfully clicked the element: All Link
2024-11-20 14:53:08 INFO  - --------==[ Step 5 - Click the Incident ]==--------
2024-11-20 14:53:08 INFO  - Attempting to locate and click the element inside the shadow root: Incident menu option
2024-11-20 14:53:14 INFO  - Element is clickable: Incident menu option
2024-11-20 14:53:14 INFO  - Attempting to highlight the element.
2024-11-20 14:53:14 INFO  - Successfully clicked the element: Incident menu option
2024-11-20 14:53:15 INFO  - --------==[ Step 6 - Click the new button ]==--------
2024-11-20 14:53:15 INFO  - Attempting to locate the frame inside the shadow root: New button
2024-11-20 14:53:16 INFO  - Successfully switched to the frame with element: [org.openqa.selenium.remote.RemoteWebElement@eab932bc -> unknown locator]
2024-11-20 14:53:16 INFO  - Successfully switched to the frame: New button
2024-11-20 14:53:16 INFO  - Attempting to click the element: New button
2024-11-20 14:53:16 INFO  - Attempting to highlight the element.
2024-11-20 14:53:17 INFO  - Successfully clicked the element: New button
2024-11-20 14:53:19 INFO  - --------==[ Step 7 - Get the Incident number  ]==--------
2024-11-20 14:53:22 INFO  - Attempting to retrieve the attribute: value from the element
2024-11-20 14:53:23 INFO  - --------==[ Step 8 - Select the user ]==--------
2024-11-20 14:53:28 INFO  - The data: Abel entered successfully in the User field using the element[[ChromeDriver: chrome on windows (a58b51195c58d619386eec962843f8e3)] -> id: sys_display.incident.caller_id]
2024-11-20 14:53:28 INFO  - --------==[ Step 9 - Enter short description ]==--------
2024-11-20 14:53:29 INFO  - The data: This is automated test from Makaia entered successfully in the ShortDesc field 
2024-11-20 14:53:29 INFO  - --------==[ Step 10 - Click the Submit button ]==--------
2024-11-20 14:53:29 INFO  - Attempting to locate the element with ID: sysverb_insert
2024-11-20 14:53:29 INFO  - Element located successfully with ID: sysverb_insert
2024-11-20 14:53:29 INFO  - Attempting to click the element: Submit button
2024-11-20 14:53:29 INFO  - Attempting to highlight the element.
2024-11-20 14:53:30 INFO  - Successfully clicked the element: Submit button
2024-11-20 14:53:30 INFO  - --------==[ Step 11 - Verify the newly created incident ]==--------
2024-11-20 14:53:50 ERROR - The element with locator id not found
org.openqa.selenium.NoSuchElementException: no such element: Unable to locate element: {"method":"css selector","selector":"#incident_breadcrumb"}
  (Session info: chrome=131.0.6778.70)
For documentation on this error, please visit: https://www.selenium.dev/documentation/webdriver/troubleshooting/errors#no-such-element-exception
Build info: version: '4.13.0', revision: 'ba948ece5b*'
System info: os.name: 'Windows 11', os.arch: 'amd64', os.version: '10.0', java.version: '23.0.1'
Driver info: org.openqa.selenium.chrome.ChromeDriver
Command: [a58b51195c58d619386eec962843f8e3, findElement {using=id, value=incident_breadcrumb}]
Capabilities {acceptInsecureCerts: false, browserName: chrome, browserVersion: 131.0.6778.70, chrome: {chromedriverVersion: 131.0.6778.85 (3d81e41b6f3a..., userDataDir: C:\Users\Admin\AppData\Loca...}, fedcm:accounts: true, goog:chromeOptions: {debuggerAddress: localhost:56518}, networkConnectionEnabled: false, pageLoadStrategy: normal, platformName: windows, proxy: Proxy(), se:cdp: ws://localhost:56518/devtoo..., se:cdpVersion: 131.0.6778.70, setWindowRect: true, strictFileInteractability: false, timeouts: {implicit: 0, pageLoad: 300000, script: 30000}, unhandledPromptBehavior: dismiss and notify, webauthn:extension:credBlob: true, webauthn:extension:largeBlob: true, webauthn:extension:minPinLength: true, webauthn:extension:prf: true, webauthn:virtualAuthenticators: true}
Session ID: a58b51195c58d619386eec962843f8e3
	at java.base/jdk.internal.reflect.DirectConstructorHandleAccessor.newInstance(DirectConstructorHandleAccessor.java:62)
	at java.base/java.lang.reflect.Constructor.newInstanceWithCaller(Constructor.java:501)
	at java.base/java.lang.reflect.Constructor.newInstance(Constructor.java:485)
	at org.openqa.selenium.remote.codec.w3c.W3CHttpResponseCodec.createException(W3CHttpResponseCodec.java:200)
	at org.openqa.selenium.remote.codec.w3c.W3CHttpResponseCodec.decode(W3CHttpResponseCodec.java:133)
	at org.openqa.selenium.remote.codec.w3c.W3CHttpResponseCodec.decode(W3CHttpResponseCodec.java:52)
	at org.openqa.selenium.remote.HttpCommandExecutor.execute(HttpCommandExecutor.java:191)
	at org.openqa.selenium.remote.service.DriverCommandExecutor.invokeExecute(DriverCommandExecutor.java:196)
	at org.openqa.selenium.remote.service.DriverCommandExecutor.execute(DriverCommandExecutor.java:171)
	at org.openqa.selenium.remote.RemoteWebDriver.execute(RemoteWebDriver.java:602)
	at org.openqa.selenium.remote.ElementLocation$ElementFinder$2.findElement(ElementLocation.java:165)
	at org.openqa.selenium.remote.ElementLocation.findElement(ElementLocation.java:59)
	at org.openqa.selenium.remote.RemoteWebDriver.findElement(RemoteWebDriver.java:359)
	at org.openqa.selenium.remote.RemoteWebDriver.findElement(RemoteWebDriver.java:353)
	at lib.selenium.WebDriverServiceImpl.locateElement(WebDriverServiceImpl.java:41)
	at pages.selenium.CreateNewIncident.verifyIncidentCreation(CreateNewIncident.java:60)
	at tests.selenium.TC001_CreateIncident.createIncident(TC001_CreateIncident.java:64)
	at java.base/jdk.internal.reflect.DirectMethodHandleAccessor.invoke(DirectMethodHandleAccessor.java:103)
	at java.base/java.lang.reflect.Method.invoke(Method.java:580)
	at org.testng.internal.MethodInvocationHelper.invokeMethod(MethodInvocationHelper.java:134)
	at org.testng.internal.TestInvoker.invokeMethod(TestInvoker.java:597)
	at org.testng.internal.TestInvoker.invokeTestMethod(TestInvoker.java:173)
	at org.testng.internal.MethodRunner.runInSequence(MethodRunner.java:46)
	at org.testng.internal.TestInvoker$MethodInvocationAgent.invoke(TestInvoker.java:816)
	at org.testng.internal.TestInvoker.invokeTestMethods(TestInvoker.java:146)
	at org.testng.internal.TestMethodWorker.invokeTestMethods(TestMethodWorker.java:146)
	at org.testng.internal.TestMethodWorker.run(TestMethodWorker.java:128)
	at java.base/java.util.ArrayList.forEach(ArrayList.java:1597)
	at org.testng.TestRunner.privateRun(TestRunner.java:766)
	at org.testng.TestRunner.run(TestRunner.java:587)
	at org.testng.SuiteRunner.runTest(SuiteRunner.java:384)
	at org.testng.SuiteRunner.runSequentially(SuiteRunner.java:378)
	at org.testng.SuiteRunner.privateRun(SuiteRunner.java:337)
	at org.testng.SuiteRunner.run(SuiteRunner.java:286)
	at org.testng.SuiteRunnerWorker.runSuite(SuiteRunnerWorker.java:53)
	at org.testng.SuiteRunnerWorker.run(SuiteRunnerWorker.java:96)
	at org.testng.TestNG.runSuitesSequentially(TestNG.java:1187)
	at org.testng.TestNG.runSuitesLocally(TestNG.java:1109)
	at org.testng.TestNG.runSuites(TestNG.java:1039)
	at org.testng.TestNG.run(TestNG.java:1007)
	at com.intellij.rt.testng.IDEARemoteTestNG.run(IDEARemoteTestNG.java:66)
	at com.intellij.rt.testng.RemoteTestNGStarter.main(RemoteTestNGStarter.java:109)
2024-11-20 14:53:50 INFO  - Test Case 'Create Incident (Using Selenium)' has ended
2024-11-20 14:53:50 INFO  - ====================END OF TEST CASE====================
2024-11-20 14:53:50 INFO  - Test method teardown started
2024-11-20 14:53:51 WARN  - onError
java.net.SocketException: Connection reset
	at java.base/sun.nio.ch.SocketChannelImpl.throwConnectionReset(SocketChannelImpl.java:403)
	at java.base/sun.nio.ch.SocketChannelImpl.implRead(SocketChannelImpl.java:435)
	at java.base/sun.nio.ch.SocketChannelImpl.read(SocketChannelImpl.java:493)
	at io.netty.buffer.PooledByteBuf.setBytes(PooledByteBuf.java:254)
	at io.netty.buffer.AbstractByteBuf.writeBytes(AbstractByteBuf.java:1132)
	at io.netty.channel.socket.nio.NioSocketChannel.doReadBytes(NioSocketChannel.java:357)
	at io.netty.channel.nio.AbstractNioByteChannel$NioByteUnsafe.read(AbstractNioByteChannel.java:151)
	at io.netty.channel.nio.NioEventLoop.processSelectedKey(NioEventLoop.java:788)
	at io.netty.channel.nio.NioEventLoop.processSelectedKeysOptimized(NioEventLoop.java:724)
	at io.netty.channel.nio.NioEventLoop.processSelectedKeys(NioEventLoop.java:650)
	at io.netty.channel.nio.NioEventLoop.run(NioEventLoop.java:562)
	at io.netty.util.concurrent.SingleThreadEventExecutor$4.run(SingleThreadEventExecutor.java:997)
	at io.netty.util.internal.ThreadExecutorMap$2.run(ThreadExecutorMap.java:74)
	at io.netty.util.concurrent.FastThreadLocalRunnable.run(FastThreadLocalRunnable.java:30)
	at java.base/java.lang.Thread.run(Thread.java:1575)
2024-11-20 14:53:51 INFO  - Active browser closed
2024-11-20 14:53:51 INFO  - ====================START OF TEST CASE====================
2024-11-20 14:53:51 INFO  - Test Case 'Creating Incident (Using REST Assured) and Search Incident (Using Selenium)' has started
2024-11-20 14:53:51 INFO  - Test Case Initialized
2024-11-20 14:53:51 INFO  - Fetching data for the test
2024-11-20 14:53:51 INFO  - Starting test method setup.
2024-11-20 14:53:51 INFO  - Setting environment: qa
2024-11-20 14:53:51 INFO  - Loaded configuration for environment: qa
2024-11-20 14:53:51 INFO  - Environment properties loaded
2024-11-20 14:53:51 INFO  - RestAssured configured with base URL: https://dev201581.service-now.com//api/now/
2024-11-20 14:53:51 INFO  - Initializing browser: chrome
2024-11-20 14:54:02 INFO  - Browser initialized successfully: chrome
2024-11-20 14:54:02 INFO  - Test method setup completed
2024-11-20 14:54:08 INFO  - Test Case 'Creating Incident (Using REST Assured) and Search Incident (Using Selenium)' has ended
2024-11-20 14:54:08 INFO  - ====================END OF TEST CASE====================
2024-11-20 14:54:08 INFO  - Test method teardown started
2024-11-20 14:54:09 INFO  - Active browser closed
2024-11-20 14:54:09 INFO  - ====================START OF TEST CASE====================
2024-11-20 14:54:09 INFO  - Test Case 'Create Incident(Using Selenium) and Verify(Using REST Assured)' has started
2024-11-20 14:54:09 INFO  - Test Case Initialized
2024-11-20 14:54:09 INFO  - Fetching data for the test
2024-11-20 14:54:09 INFO  - Starting test method setup.
2024-11-20 14:54:09 INFO  - Setting environment: qa
2024-11-20 14:54:09 INFO  - Loaded configuration for environment: qa
2024-11-20 14:54:09 INFO  - Environment properties loaded
2024-11-20 14:54:09 INFO  - RestAssured configured with base URL: https://dev201581.service-now.com//api/now/
2024-11-20 14:54:09 INFO  - Initializing browser: chrome
2024-11-20 14:54:25 INFO  - Browser initialized successfully: chrome
2024-11-20 14:54:25 INFO  - Test method setup completed
2024-11-20 14:54:25 INFO  - The data: admin entered successfully in the Username field 
2024-11-20 14:54:26 INFO  - The data: ****** entered successfully in the Password field 
2024-11-20 14:54:26 INFO  - Attempting to click the element: Login button
2024-11-20 14:54:27 INFO  - Attempting to highlight the element.
2024-11-20 14:54:28 INFO  - Successfully clicked the element: Login button
2024-11-20 14:54:31 INFO  - Attempting to locate and click the element inside the shadow root: All Link
2024-11-20 14:54:36 INFO  - Element is clickable: All Link
2024-11-20 14:54:36 INFO  - Attempting to highlight the element.
2024-11-20 14:54:37 INFO  - Successfully clicked the element: All Link
2024-11-20 14:54:37 INFO  - Attempting to locate and click the element inside the shadow root: Incident menu option
2024-11-20 14:54:42 INFO  - Element is clickable: Incident menu option
2024-11-20 14:54:42 INFO  - Attempting to highlight the element.
2024-11-20 14:54:43 INFO  - Successfully clicked the element: Incident menu option
2024-11-20 14:54:43 INFO  - Attempting to locate the frame inside the shadow root: New button
2024-11-20 14:54:45 INFO  - Successfully switched to the frame with element: [org.openqa.selenium.remote.RemoteWebElement@f9cfe746 -> unknown locator]
2024-11-20 14:54:45 INFO  - Successfully switched to the frame: New button
2024-11-20 14:54:45 INFO  - Attempting to click the element: New button
2024-11-20 14:54:45 INFO  - Attempting to highlight the element.
2024-11-20 14:54:46 INFO  - Successfully clicked the element: New button
2024-11-20 14:54:51 INFO  - Attempting to retrieve the attribute: value from the element
2024-11-20 14:54:57 INFO  - The data: Abel entered successfully in the User field using the element[[ChromeDriver: chrome on windows (4e58f0162340b6b79ba2c044319646c9)] -> id: sys_display.incident.caller_id]
2024-11-20 14:54:57 INFO  - The data: This is automated test from Makaia entered successfully in the Short Desc field 
2024-11-20 14:54:58 INFO  - Attempting to locate the element with ID: sysverb_insert
2024-11-20 14:54:58 INFO  - Element located successfully with ID: sysverb_insert
2024-11-20 14:54:58 INFO  - Attempting to click the element: Submit button
2024-11-20 14:54:58 INFO  - Attempting to highlight the element.
2024-11-20 14:54:59 INFO  - Successfully clicked the element: Submit button
2024-11-20 14:55:19 ERROR - The element with locator id not found
org.openqa.selenium.NoSuchElementException: no such element: Unable to locate element: {"method":"css selector","selector":"#incident_breadcrumb"}
  (Session info: chrome=131.0.6778.70)
For documentation on this error, please visit: https://www.selenium.dev/documentation/webdriver/troubleshooting/errors#no-such-element-exception
Build info: version: '4.13.0', revision: 'ba948ece5b*'
System info: os.name: 'Windows 11', os.arch: 'amd64', os.version: '10.0', java.version: '23.0.1'
Driver info: org.openqa.selenium.chrome.ChromeDriver
Command: [4e58f0162340b6b79ba2c044319646c9, findElement {using=id, value=incident_breadcrumb}]
Capabilities {acceptInsecureCerts: false, browserName: chrome, browserVersion: 131.0.6778.70, chrome: {chromedriverVersion: 131.0.6778.85 (3d81e41b6f3a..., userDataDir: C:\Users\Admin\AppData\Loca...}, fedcm:accounts: true, goog:chromeOptions: {debuggerAddress: localhost:56608}, networkConnectionEnabled: false, pageLoadStrategy: normal, platformName: windows, proxy: Proxy(), se:cdp: ws://localhost:56608/devtoo..., se:cdpVersion: 131.0.6778.70, setWindowRect: true, strictFileInteractability: false, timeouts: {implicit: 0, pageLoad: 300000, script: 30000}, unhandledPromptBehavior: dismiss and notify, webauthn:extension:credBlob: true, webauthn:extension:largeBlob: true, webauthn:extension:minPinLength: true, webauthn:extension:prf: true, webauthn:virtualAuthenticators: true}
Session ID: 4e58f0162340b6b79ba2c044319646c9
	at java.base/jdk.internal.reflect.DirectConstructorHandleAccessor.newInstance(DirectConstructorHandleAccessor.java:62)
	at java.base/java.lang.reflect.Constructor.newInstanceWithCaller(Constructor.java:501)
	at java.base/java.lang.reflect.Constructor.newInstance(Constructor.java:485)
	at org.openqa.selenium.remote.codec.w3c.W3CHttpResponseCodec.createException(W3CHttpResponseCodec.java:200)
	at org.openqa.selenium.remote.codec.w3c.W3CHttpResponseCodec.decode(W3CHttpResponseCodec.java:133)
	at org.openqa.selenium.remote.codec.w3c.W3CHttpResponseCodec.decode(W3CHttpResponseCodec.java:52)
	at org.openqa.selenium.remote.HttpCommandExecutor.execute(HttpCommandExecutor.java:191)
	at org.openqa.selenium.remote.service.DriverCommandExecutor.invokeExecute(DriverCommandExecutor.java:196)
	at org.openqa.selenium.remote.service.DriverCommandExecutor.execute(DriverCommandExecutor.java:171)
	at org.openqa.selenium.remote.RemoteWebDriver.execute(RemoteWebDriver.java:602)
	at org.openqa.selenium.remote.ElementLocation$ElementFinder$2.findElement(ElementLocation.java:165)
	at org.openqa.selenium.remote.ElementLocation.findElement(ElementLocation.java:59)
	at org.openqa.selenium.remote.RemoteWebDriver.findElement(RemoteWebDriver.java:359)
	at org.openqa.selenium.remote.RemoteWebDriver.findElement(RemoteWebDriver.java:353)
	at lib.selenium.WebDriverServiceImpl.locateElement(WebDriverServiceImpl.java:41)
	at pages.selenium.CreateNewIncident.verifyIncidentCreation(CreateNewIncident.java:60)
	at tests.selenium.TC002_CreateIncidentAndGetFromRest.createIncident(TC002_CreateIncidentAndGetFromRest.java:44)
	at java.base/jdk.internal.reflect.DirectMethodHandleAccessor.invoke(DirectMethodHandleAccessor.java:103)
	at java.base/java.lang.reflect.Method.invoke(Method.java:580)
	at org.testng.internal.MethodInvocationHelper.invokeMethod(MethodInvocationHelper.java:134)
	at org.testng.internal.TestInvoker.invokeMethod(TestInvoker.java:597)
	at org.testng.internal.TestInvoker.invokeTestMethod(TestInvoker.java:173)
	at org.testng.internal.MethodRunner.runInSequence(MethodRunner.java:46)
	at org.testng.internal.TestInvoker$MethodInvocationAgent.invoke(TestInvoker.java:816)
	at org.testng.internal.TestInvoker.invokeTestMethods(TestInvoker.java:146)
	at org.testng.internal.TestMethodWorker.invokeTestMethods(TestMethodWorker.java:146)
	at org.testng.internal.TestMethodWorker.run(TestMethodWorker.java:128)
	at java.base/java.util.ArrayList.forEach(ArrayList.java:1597)
	at org.testng.TestRunner.privateRun(TestRunner.java:766)
	at org.testng.TestRunner.run(TestRunner.java:587)
	at org.testng.SuiteRunner.runTest(SuiteRunner.java:384)
	at org.testng.SuiteRunner.runSequentially(SuiteRunner.java:378)
	at org.testng.SuiteRunner.privateRun(SuiteRunner.java:337)
	at org.testng.SuiteRunner.run(SuiteRunner.java:286)
	at org.testng.SuiteRunnerWorker.runSuite(SuiteRunnerWorker.java:53)
	at org.testng.SuiteRunnerWorker.run(SuiteRunnerWorker.java:96)
	at org.testng.TestNG.runSuitesSequentially(TestNG.java:1187)
	at org.testng.TestNG.runSuitesLocally(TestNG.java:1109)
	at org.testng.TestNG.runSuites(TestNG.java:1039)
	at org.testng.TestNG.run(TestNG.java:1007)
	at com.intellij.rt.testng.IDEARemoteTestNG.run(IDEARemoteTestNG.java:66)
	at com.intellij.rt.testng.RemoteTestNGStarter.main(RemoteTestNGStarter.java:109)
2024-11-20 14:55:20 INFO  - Test Case 'Create Incident(Using Selenium) and Verify(Using REST Assured)' has ended
2024-11-20 14:55:20 INFO  - ====================END OF TEST CASE====================
2024-11-20 14:55:20 INFO  - Test method teardown started
2024-11-20 14:55:20 WARN  - onError
java.net.SocketException: Connection reset
	at java.base/sun.nio.ch.SocketChannelImpl.throwConnectionReset(SocketChannelImpl.java:403)
	at java.base/sun.nio.ch.SocketChannelImpl.implRead(SocketChannelImpl.java:435)
	at java.base/sun.nio.ch.SocketChannelImpl.read(SocketChannelImpl.java:493)
	at io.netty.buffer.PooledByteBuf.setBytes(PooledByteBuf.java:254)
	at io.netty.buffer.AbstractByteBuf.writeBytes(AbstractByteBuf.java:1132)
	at io.netty.channel.socket.nio.NioSocketChannel.doReadBytes(NioSocketChannel.java:357)
	at io.netty.channel.nio.AbstractNioByteChannel$NioByteUnsafe.read(AbstractNioByteChannel.java:151)
	at io.netty.channel.nio.NioEventLoop.processSelectedKey(NioEventLoop.java:788)
	at io.netty.channel.nio.NioEventLoop.processSelectedKeysOptimized(NioEventLoop.java:724)
	at io.netty.channel.nio.NioEventLoop.processSelectedKeys(NioEventLoop.java:650)
	at io.netty.channel.nio.NioEventLoop.run(NioEventLoop.java:562)
	at io.netty.util.concurrent.SingleThreadEventExecutor$4.run(SingleThreadEventExecutor.java:997)
	at io.netty.util.internal.ThreadExecutorMap$2.run(ThreadExecutorMap.java:74)
	at io.netty.util.concurrent.FastThreadLocalRunnable.run(FastThreadLocalRunnable.java:30)
	at java.base/java.lang.Thread.run(Thread.java:1575)
2024-11-20 14:55:20 INFO  - Active browser closed
2024-11-20 14:55:20 INFO  - Loaded configuration for environment: qa
2024-11-20 14:55:24 INFO  - Test Suite execution completed
2024-11-20 15:00:21 INFO  - Test Suite Initialization
2024-11-20 15:00:22 INFO  - ====================START OF TEST CASE====================
2024-11-20 15:00:22 INFO  - Test Case 'Create Incident (Using Selenium)' has started
2024-11-20 15:00:22 INFO  - Test Case Initialized
2024-11-20 15:00:22 INFO  - Fetching data for the test
2024-11-20 15:00:23 INFO  - Starting test method setup.
2024-11-20 15:00:23 INFO  - Setting environment: qa
2024-11-20 15:00:23 INFO  - Loaded configuration for environment: qa
2024-11-20 15:00:23 INFO  - Environment properties loaded
2024-11-20 15:00:27 INFO  - RestAssured configured with base URL: https://dev201581.service-now.com//api/now/
2024-11-20 15:00:27 INFO  - Initializing browser: chrome
2024-11-20 15:00:51 INFO  - Test Suite Initialization
2024-11-20 15:00:51 INFO  - ====================START OF TEST CASE====================
2024-11-20 15:00:51 INFO  - Test Case 'Create Incident (Using Selenium)' has started
2024-11-20 15:00:51 INFO  - Test Case Initialized
2024-11-20 15:00:51 INFO  - Fetching data for the test
2024-11-20 15:00:53 INFO  - Starting test method setup.
2024-11-20 15:00:53 INFO  - Setting environment: qa
2024-11-20 15:00:53 INFO  - Loaded configuration for environment: qa
2024-11-20 15:00:53 INFO  - Environment properties loaded
2024-11-20 15:00:55 INFO  - RestAssured configured with base URL: https://dev201581.service-now.com//api/now/
2024-11-20 15:00:55 INFO  - Initializing browser: chrome
2024-11-20 15:01:13 INFO  - Browser initialized successfully: chrome
2024-11-20 15:01:13 INFO  - Test method setup completed
2024-11-20 15:01:13 INFO  - --------==[ Step 1 - Enter username in the username field ]==--------
2024-11-20 15:01:14 INFO  - The data: admin entered successfully in the Username field 
2024-11-20 15:01:14 INFO  - --------==[ Step 2 - Enter password in the password field ]==--------
2024-11-20 15:01:14 INFO  - The data: ****** entered successfully in the Password field 
2024-11-20 15:01:15 INFO  - --------==[ Step 3 - Click the login button ]==--------
2024-11-20 15:01:15 INFO  - Attempting to click the element: Login button
2024-11-20 15:01:15 INFO  - Attempting to highlight the element.
2024-11-20 15:01:16 INFO  - Successfully clicked the element: Login button
2024-11-20 15:01:21 INFO  - --------==[ Step 4 - Click the All link in the header ]==--------
2024-11-20 15:01:21 INFO  - Attempting to locate and click the element inside the shadow root: All Link
2024-11-20 15:01:30 INFO  - Element is clickable: All Link
2024-11-20 15:01:30 INFO  - Attempting to highlight the element.
2024-11-20 15:01:32 INFO  - Successfully clicked the element: All Link
2024-11-20 15:01:32 INFO  - --------==[ Step 5 - Click the Incident ]==--------
2024-11-20 15:01:32 INFO  - Attempting to locate and click the element inside the shadow root: Incident menu option
2024-11-20 15:01:37 INFO  - Element is clickable: Incident menu option
2024-11-20 15:01:37 INFO  - Attempting to highlight the element.
2024-11-20 15:01:38 INFO  - Successfully clicked the element: Incident menu option
2024-11-20 15:01:39 INFO  - --------==[ Step 6 - Click the new button ]==--------
2024-11-20 15:01:39 INFO  - Attempting to locate the frame inside the shadow root: New button
2024-11-20 15:01:40 INFO  - Successfully switched to the frame with element: [ID: gsft_main] [Name: gsft_main] [Class: ] [Tag: iframe]
2024-11-20 15:01:40 INFO  - Successfully switched to the frame: New button
2024-11-20 15:01:40 INFO  - Attempting to click the element: New button
2024-11-20 15:01:41 INFO  - Attempting to highlight the element.
2024-11-20 15:01:42 INFO  - Successfully clicked the element: New button
2024-11-20 15:01:44 INFO  - --------==[ Step 7 - Get the Incident number  ]==--------
2024-11-20 15:01:47 INFO  - Attempting to retrieve the attribute: value from the element
2024-11-20 15:01:47 INFO  - --------==[ Step 8 - Select the user ]==--------
2024-11-20 15:01:48 INFO  - Attempting to type data into the field: User using element: [ID: sys_display.incident.caller_id] [Name: sys_display.incident.caller_id] [Class: form-control element_reference_input] [Tag: input]
2024-11-20 15:01:53 INFO  - The data: Abel entered successfully in the User field using the element[ID: sys_display.incident.caller_id] [Name: sys_display.incident.caller_id] [Class: form-control element_reference_input] [Tag: input]
2024-11-20 15:01:53 INFO  - The data: Abel entered successfully in the User field 
2024-11-20 15:01:53 INFO  - --------==[ Step 9 - Enter short description ]==--------
2024-11-20 15:01:53 INFO  - The data: This is automated test from Makaia entered successfully in the ShortDesc field 
2024-11-20 15:01:54 INFO  - --------==[ Step 10 - Click the Submit button ]==--------
2024-11-20 15:01:54 INFO  - Attempting to locate the element with ID: sysverb_insert
2024-11-20 15:01:54 INFO  - Element located successfully with ID: sysverb_insert
2024-11-20 15:01:54 INFO  - Attempting to click the element: Submit button
2024-11-20 15:01:54 INFO  - Attempting to highlight the element.
2024-11-20 15:01:54 INFO  - Successfully clicked the element: Submit button
2024-11-20 15:01:55 INFO  - --------==[ Step 11 - Verify the newly created incident ]==--------
2024-11-20 15:02:15 ERROR - The element with locator id not found
org.openqa.selenium.NoSuchElementException: no such element: Unable to locate element: {"method":"css selector","selector":"#incident_breadcrumb"}
  (Session info: chrome=131.0.6778.70)
For documentation on this error, please visit: https://www.selenium.dev/documentation/webdriver/troubleshooting/errors#no-such-element-exception
Build info: version: '4.13.0', revision: 'ba948ece5b*'
System info: os.name: 'Windows 11', os.arch: 'amd64', os.version: '10.0', java.version: '23.0.1'
Driver info: org.openqa.selenium.chrome.ChromeDriver
Command: [81871def9a986c940f12310431de1748, findElement {using=id, value=incident_breadcrumb}]
Capabilities {acceptInsecureCerts: false, browserName: chrome, browserVersion: 131.0.6778.70, chrome: {chromedriverVersion: 131.0.6778.85 (3d81e41b6f3a..., userDataDir: C:\Users\Admin\AppData\Loca...}, fedcm:accounts: true, goog:chromeOptions: {debuggerAddress: localhost:56785}, networkConnectionEnabled: false, pageLoadStrategy: normal, platformName: windows, proxy: Proxy(), se:cdp: ws://localhost:56785/devtoo..., se:cdpVersion: 131.0.6778.70, setWindowRect: true, strictFileInteractability: false, timeouts: {implicit: 0, pageLoad: 300000, script: 30000}, unhandledPromptBehavior: dismiss and notify, webauthn:extension:credBlob: true, webauthn:extension:largeBlob: true, webauthn:extension:minPinLength: true, webauthn:extension:prf: true, webauthn:virtualAuthenticators: true}
Session ID: 81871def9a986c940f12310431de1748
	at java.base/jdk.internal.reflect.DirectConstructorHandleAccessor.newInstance(DirectConstructorHandleAccessor.java:62)
	at java.base/java.lang.reflect.Constructor.newInstanceWithCaller(Constructor.java:501)
	at java.base/java.lang.reflect.Constructor.newInstance(Constructor.java:485)
	at org.openqa.selenium.remote.codec.w3c.W3CHttpResponseCodec.createException(W3CHttpResponseCodec.java:200)
	at org.openqa.selenium.remote.codec.w3c.W3CHttpResponseCodec.decode(W3CHttpResponseCodec.java:133)
	at org.openqa.selenium.remote.codec.w3c.W3CHttpResponseCodec.decode(W3CHttpResponseCodec.java:52)
	at org.openqa.selenium.remote.HttpCommandExecutor.execute(HttpCommandExecutor.java:191)
	at org.openqa.selenium.remote.service.DriverCommandExecutor.invokeExecute(DriverCommandExecutor.java:196)
	at org.openqa.selenium.remote.service.DriverCommandExecutor.execute(DriverCommandExecutor.java:171)
	at org.openqa.selenium.remote.RemoteWebDriver.execute(RemoteWebDriver.java:602)
	at org.openqa.selenium.remote.ElementLocation$ElementFinder$2.findElement(ElementLocation.java:165)
	at org.openqa.selenium.remote.ElementLocation.findElement(ElementLocation.java:59)
	at org.openqa.selenium.remote.RemoteWebDriver.findElement(RemoteWebDriver.java:359)
	at org.openqa.selenium.remote.RemoteWebDriver.findElement(RemoteWebDriver.java:353)
	at lib.selenium.WebDriverServiceImpl.locateElement(WebDriverServiceImpl.java:41)
	at pages.selenium.CreateNewIncident.verifyIncidentCreation(CreateNewIncident.java:60)
	at tests.selenium.TC001_CreateIncident.createIncident(TC001_CreateIncident.java:64)
	at java.base/jdk.internal.reflect.DirectMethodHandleAccessor.invoke(DirectMethodHandleAccessor.java:103)
	at java.base/java.lang.reflect.Method.invoke(Method.java:580)
	at org.testng.internal.MethodInvocationHelper.invokeMethod(MethodInvocationHelper.java:134)
	at org.testng.internal.TestInvoker.invokeMethod(TestInvoker.java:597)
	at org.testng.internal.TestInvoker.invokeTestMethod(TestInvoker.java:173)
	at org.testng.internal.MethodRunner.runInSequence(MethodRunner.java:46)
	at org.testng.internal.TestInvoker$MethodInvocationAgent.invoke(TestInvoker.java:816)
	at org.testng.internal.TestInvoker.invokeTestMethods(TestInvoker.java:146)
	at org.testng.internal.TestMethodWorker.invokeTestMethods(TestMethodWorker.java:146)
	at org.testng.internal.TestMethodWorker.run(TestMethodWorker.java:128)
	at java.base/java.util.ArrayList.forEach(ArrayList.java:1597)
	at org.testng.TestRunner.privateRun(TestRunner.java:766)
	at org.testng.TestRunner.run(TestRunner.java:587)
	at org.testng.SuiteRunner.runTest(SuiteRunner.java:384)
	at org.testng.SuiteRunner.runSequentially(SuiteRunner.java:378)
	at org.testng.SuiteRunner.privateRun(SuiteRunner.java:337)
	at org.testng.SuiteRunner.run(SuiteRunner.java:286)
	at org.testng.SuiteRunnerWorker.runSuite(SuiteRunnerWorker.java:53)
	at org.testng.SuiteRunnerWorker.run(SuiteRunnerWorker.java:96)
	at org.testng.TestNG.runSuitesSequentially(TestNG.java:1187)
	at org.testng.TestNG.runSuitesLocally(TestNG.java:1109)
	at org.testng.TestNG.runSuites(TestNG.java:1039)
	at org.testng.TestNG.run(TestNG.java:1007)
	at com.intellij.rt.testng.IDEARemoteTestNG.run(IDEARemoteTestNG.java:66)
	at com.intellij.rt.testng.RemoteTestNGStarter.main(RemoteTestNGStarter.java:109)
2024-11-20 15:02:15 INFO  - Test Case 'Create Incident (Using Selenium)' has ended
2024-11-20 15:02:15 INFO  - ====================END OF TEST CASE====================
2024-11-20 15:02:15 INFO  - Test method teardown started
2024-11-20 15:02:15 INFO  - Active browser closed
2024-11-20 15:02:15 INFO  - ====================START OF TEST CASE====================
2024-11-20 15:02:15 INFO  - Test Case 'Creating Incident (Using REST Assured) and Search Incident (Using Selenium)' has started
2024-11-20 15:02:15 INFO  - Test Case Initialized
2024-11-20 15:02:15 INFO  - Fetching data for the test
2024-11-20 15:02:15 INFO  - Starting test method setup.
2024-11-20 15:02:15 INFO  - Setting environment: qa
2024-11-20 15:02:15 INFO  - Loaded configuration for environment: qa
2024-11-20 15:02:15 INFO  - Environment properties loaded
2024-11-20 15:02:15 INFO  - RestAssured configured with base URL: https://dev201581.service-now.com//api/now/
2024-11-20 15:02:15 INFO  - Initializing browser: chrome
2024-11-20 15:02:24 INFO  - Browser initialized successfully: chrome
2024-11-20 15:02:24 INFO  - Test method setup completed
2024-11-20 15:02:31 INFO  - Test Case 'Creating Incident (Using REST Assured) and Search Incident (Using Selenium)' has ended
2024-11-20 15:02:31 INFO  - ====================END OF TEST CASE====================
2024-11-20 15:02:31 INFO  - Test method teardown started
2024-11-20 15:02:31 INFO  - Active browser closed
2024-11-20 15:02:31 INFO  - ====================START OF TEST CASE====================
2024-11-20 15:02:31 INFO  - Test Case 'Create Incident(Using Selenium) and Verify(Using REST Assured)' has started
2024-11-20 15:02:31 INFO  - Test Case Initialized
2024-11-20 15:02:31 INFO  - Fetching data for the test
2024-11-20 15:02:31 INFO  - Starting test method setup.
2024-11-20 15:02:31 INFO  - Setting environment: qa
2024-11-20 15:02:31 INFO  - Loaded configuration for environment: qa
2024-11-20 15:02:31 INFO  - Environment properties loaded
2024-11-20 15:02:31 INFO  - RestAssured configured with base URL: https://dev201581.service-now.com//api/now/
2024-11-20 15:02:31 INFO  - Initializing browser: chrome
2024-11-20 15:02:42 INFO  - Browser initialized successfully: chrome
2024-11-20 15:02:42 INFO  - Test method setup completed
2024-11-20 15:02:42 INFO  - The data: admin entered successfully in the Username field 
2024-11-20 15:02:43 INFO  - The data: ****** entered successfully in the Password field 
2024-11-20 15:02:43 INFO  - Attempting to click the element: Login button
2024-11-20 15:02:44 INFO  - Attempting to highlight the element.
2024-11-20 15:02:44 INFO  - Successfully clicked the element: Login button
2024-11-20 15:02:50 INFO  - Attempting to locate and click the element inside the shadow root: All Link
2024-11-20 15:02:55 INFO  - Element is clickable: All Link
2024-11-20 15:02:55 INFO  - Attempting to highlight the element.
2024-11-20 15:02:56 INFO  - Successfully clicked the element: All Link
2024-11-20 15:02:56 INFO  - Attempting to locate and click the element inside the shadow root: Incident menu option
2024-11-20 15:03:01 INFO  - Element is clickable: Incident menu option
2024-11-20 15:03:01 INFO  - Attempting to highlight the element.
2024-11-20 15:03:02 INFO  - Successfully clicked the element: Incident menu option
2024-11-20 15:03:02 INFO  - Attempting to locate the frame inside the shadow root: New button
2024-11-20 15:03:03 INFO  - Successfully switched to the frame with element: [ID: gsft_main] [Name: gsft_main] [Class: ] [Tag: iframe]
2024-11-20 15:03:03 INFO  - Successfully switched to the frame: New button
2024-11-20 15:03:03 INFO  - Attempting to click the element: New button
2024-11-20 15:03:04 INFO  - Attempting to highlight the element.
2024-11-20 15:03:04 INFO  - Successfully clicked the element: New button
2024-11-20 15:03:10 INFO  - Attempting to retrieve the attribute: value from the element
2024-11-20 15:03:10 INFO  - Attempting to type data into the field: User using element: [ID: sys_display.incident.caller_id] [Name: sys_display.incident.caller_id] [Class: form-control element_reference_input] [Tag: input]
2024-11-20 15:03:15 INFO  - The data: Abel entered successfully in the User field using the element[ID: sys_display.incident.caller_id] [Name: sys_display.incident.caller_id] [Class: form-control element_reference_input] [Tag: input]
2024-11-20 15:03:15 INFO  - The data: Abel entered successfully in the User field 
2024-11-20 15:03:16 INFO  - The data: This is automated test from Makaia entered successfully in the Short Desc field 
2024-11-20 15:03:16 INFO  - Attempting to locate the element with ID: sysverb_insert
2024-11-20 15:03:16 INFO  - Element located successfully with ID: sysverb_insert
2024-11-20 15:03:16 INFO  - Attempting to click the element: Submit button
2024-11-20 15:03:16 INFO  - Attempting to highlight the element.
2024-11-20 15:03:16 INFO  - Successfully clicked the element: Submit button
2024-11-20 15:03:37 ERROR - The element with locator id not found
org.openqa.selenium.NoSuchElementException: no such element: Unable to locate element: {"method":"css selector","selector":"#incident_breadcrumb"}
  (Session info: chrome=131.0.6778.70)
For documentation on this error, please visit: https://www.selenium.dev/documentation/webdriver/troubleshooting/errors#no-such-element-exception
Build info: version: '4.13.0', revision: 'ba948ece5b*'
System info: os.name: 'Windows 11', os.arch: 'amd64', os.version: '10.0', java.version: '23.0.1'
Driver info: org.openqa.selenium.chrome.ChromeDriver
Command: [6d14a43fec87d82c3668431999762d51, findElement {using=id, value=incident_breadcrumb}]
Capabilities {acceptInsecureCerts: false, browserName: chrome, browserVersion: 131.0.6778.70, chrome: {chromedriverVersion: 131.0.6778.85 (3d81e41b6f3a..., userDataDir: C:\Users\Admin\AppData\Loca...}, fedcm:accounts: true, goog:chromeOptions: {debuggerAddress: localhost:56888}, networkConnectionEnabled: false, pageLoadStrategy: normal, platformName: windows, proxy: Proxy(), se:cdp: ws://localhost:56888/devtoo..., se:cdpVersion: 131.0.6778.70, setWindowRect: true, strictFileInteractability: false, timeouts: {implicit: 0, pageLoad: 300000, script: 30000}, unhandledPromptBehavior: dismiss and notify, webauthn:extension:credBlob: true, webauthn:extension:largeBlob: true, webauthn:extension:minPinLength: true, webauthn:extension:prf: true, webauthn:virtualAuthenticators: true}
Session ID: 6d14a43fec87d82c3668431999762d51
	at java.base/jdk.internal.reflect.DirectConstructorHandleAccessor.newInstance(DirectConstructorHandleAccessor.java:62)
	at java.base/java.lang.reflect.Constructor.newInstanceWithCaller(Constructor.java:501)
	at java.base/java.lang.reflect.Constructor.newInstance(Constructor.java:485)
	at org.openqa.selenium.remote.codec.w3c.W3CHttpResponseCodec.createException(W3CHttpResponseCodec.java:200)
	at org.openqa.selenium.remote.codec.w3c.W3CHttpResponseCodec.decode(W3CHttpResponseCodec.java:133)
	at org.openqa.selenium.remote.codec.w3c.W3CHttpResponseCodec.decode(W3CHttpResponseCodec.java:52)
	at org.openqa.selenium.remote.HttpCommandExecutor.execute(HttpCommandExecutor.java:191)
	at org.openqa.selenium.remote.service.DriverCommandExecutor.invokeExecute(DriverCommandExecutor.java:196)
	at org.openqa.selenium.remote.service.DriverCommandExecutor.execute(DriverCommandExecutor.java:171)
	at org.openqa.selenium.remote.RemoteWebDriver.execute(RemoteWebDriver.java:602)
	at org.openqa.selenium.remote.ElementLocation$ElementFinder$2.findElement(ElementLocation.java:165)
	at org.openqa.selenium.remote.ElementLocation.findElement(ElementLocation.java:59)
	at org.openqa.selenium.remote.RemoteWebDriver.findElement(RemoteWebDriver.java:359)
	at org.openqa.selenium.remote.RemoteWebDriver.findElement(RemoteWebDriver.java:353)
	at lib.selenium.WebDriverServiceImpl.locateElement(WebDriverServiceImpl.java:41)
	at pages.selenium.CreateNewIncident.verifyIncidentCreation(CreateNewIncident.java:60)
	at tests.selenium.TC002_CreateIncidentAndGetFromRest.createIncident(TC002_CreateIncidentAndGetFromRest.java:44)
	at java.base/jdk.internal.reflect.DirectMethodHandleAccessor.invoke(DirectMethodHandleAccessor.java:103)
	at java.base/java.lang.reflect.Method.invoke(Method.java:580)
	at org.testng.internal.MethodInvocationHelper.invokeMethod(MethodInvocationHelper.java:134)
	at org.testng.internal.TestInvoker.invokeMethod(TestInvoker.java:597)
	at org.testng.internal.TestInvoker.invokeTestMethod(TestInvoker.java:173)
	at org.testng.internal.MethodRunner.runInSequence(MethodRunner.java:46)
	at org.testng.internal.TestInvoker$MethodInvocationAgent.invoke(TestInvoker.java:816)
	at org.testng.internal.TestInvoker.invokeTestMethods(TestInvoker.java:146)
	at org.testng.internal.TestMethodWorker.invokeTestMethods(TestMethodWorker.java:146)
	at org.testng.internal.TestMethodWorker.run(TestMethodWorker.java:128)
	at java.base/java.util.ArrayList.forEach(ArrayList.java:1597)
	at org.testng.TestRunner.privateRun(TestRunner.java:766)
	at org.testng.TestRunner.run(TestRunner.java:587)
	at org.testng.SuiteRunner.runTest(SuiteRunner.java:384)
	at org.testng.SuiteRunner.runSequentially(SuiteRunner.java:378)
	at org.testng.SuiteRunner.privateRun(SuiteRunner.java:337)
	at org.testng.SuiteRunner.run(SuiteRunner.java:286)
	at org.testng.SuiteRunnerWorker.runSuite(SuiteRunnerWorker.java:53)
	at org.testng.SuiteRunnerWorker.run(SuiteRunnerWorker.java:96)
	at org.testng.TestNG.runSuitesSequentially(TestNG.java:1187)
	at org.testng.TestNG.runSuitesLocally(TestNG.java:1109)
	at org.testng.TestNG.runSuites(TestNG.java:1039)
	at org.testng.TestNG.run(TestNG.java:1007)
	at com.intellij.rt.testng.IDEARemoteTestNG.run(IDEARemoteTestNG.java:66)
	at com.intellij.rt.testng.RemoteTestNGStarter.main(RemoteTestNGStarter.java:109)
2024-11-20 15:03:37 INFO  - Test Case 'Create Incident(Using Selenium) and Verify(Using REST Assured)' has ended
2024-11-20 15:03:37 INFO  - ====================END OF TEST CASE====================
2024-11-20 15:03:37 INFO  - Test method teardown started
2024-11-20 15:03:37 INFO  - Active browser closed
2024-11-20 15:03:37 INFO  - Loaded configuration for environment: qa
2024-11-20 15:03:40 INFO  - Test Suite execution completed
2024-11-20 18:44:21 INFO  - Test Suite Initialization
2024-11-20 18:44:22 INFO  - ====================START OF TEST CASE====================
2024-11-20 18:44:22 INFO  - Test Case 'Create Incident (Using Selenium)' has started
2024-11-20 18:44:22 INFO  - Test Case Initialized
2024-11-20 18:44:22 INFO  - Fetching data for the test
2024-11-20 18:44:22 INFO  - Starting test method setup.
2024-11-20 18:44:22 INFO  - Setting environment: qa
2024-11-20 18:44:22 INFO  - Loaded configuration for environment: qa
2024-11-20 18:44:22 INFO  - Environment properties loaded
2024-11-20 18:44:23 INFO  - RestAssured configured with base URL: https://dev201581.service-now.com//api/now/
2024-11-20 18:44:23 INFO  - Initializing browser: chrome
2024-11-20 18:44:35 INFO  - Browser initialized successfully: chrome
2024-11-20 18:44:35 INFO  - Test method setup completed
2024-11-20 18:44:35 INFO  - --------==[ Step 1 - Enter username in the username field ]==--------
2024-11-20 18:44:35 INFO  - The data: admin entered successfully in the Username field 
2024-11-20 18:44:35 INFO  - --------==[ Step 2 - Enter password in the password field ]==--------
2024-11-20 18:44:35 INFO  - The data: ****** entered successfully in the Password field 
2024-11-20 18:44:36 INFO  - --------==[ Step 3 - Click the login button ]==--------
2024-11-20 18:44:36 INFO  - Attempting to click the element: Login button
2024-11-20 18:44:36 INFO  - Attempting to highlight the element.
2024-11-20 18:44:36 INFO  - Successfully clicked the element: Login button
2024-11-20 18:44:45 INFO  - --------==[ Step 4 - Click the All link in the header ]==--------
2024-11-20 18:44:45 INFO  - Attempting to locate and click the element inside the shadow root: All Link
2024-11-20 18:44:50 INFO  - Element is clickable: All Link
2024-11-20 18:44:50 INFO  - Attempting to highlight the element.
2024-11-20 18:44:51 INFO  - Successfully clicked the element: All Link
2024-11-20 18:44:51 INFO  - --------==[ Step 5 - Click the Incident ]==--------
2024-11-20 18:44:51 INFO  - Attempting to locate and click the element inside the shadow root: Incident menu option
2024-11-20 18:44:56 INFO  - Element is clickable: Incident menu option
2024-11-20 18:44:56 INFO  - Attempting to highlight the element.
2024-11-20 18:44:57 INFO  - Successfully clicked the element: Incident menu option
2024-11-20 18:44:57 INFO  - --------==[ Step 6 - Click the new button ]==--------
2024-11-20 18:44:57 INFO  - Attempting to locate the frame inside the shadow root: New button
2024-11-20 18:45:01 INFO  - Successfully switched to the frame: New button
2024-11-20 18:45:01 INFO  - Attempting to click the element: New button
2024-11-20 18:45:01 INFO  - Attempting to highlight the element.
2024-11-20 18:45:02 INFO  - Successfully clicked the element: New button
2024-11-20 18:45:05 INFO  - --------==[ Step 7 - Get the Incident number  ]==--------
2024-11-20 18:45:08 INFO  - Attempting to retrieve the attribute: value from the element
2024-11-20 18:45:08 INFO  - --------==[ Step 8 - Select the user ]==--------
2024-11-20 18:45:08 INFO  - Attempting to type data into the field: User using element: [ID: sys_display.incident.caller_id] [Name: sys_display.incident.caller_id] [Class: form-control element_reference_input] [Tag: input]
2024-11-20 18:45:13 INFO  - The data: Abel entered successfully in the User field using the element[ID: sys_display.incident.caller_id] [Name: sys_display.incident.caller_id] [Class: form-control element_reference_input] [Tag: input]
2024-11-20 18:45:13 INFO  - The data: Abel entered successfully in the User field 
2024-11-20 18:45:13 INFO  - --------==[ Step 9 - Enter short description ]==--------
2024-11-20 18:45:13 INFO  - The data: This is automated test from Makaia entered successfully in the ShortDesc field 
2024-11-20 18:45:14 INFO  - --------==[ Step 10 - Click the Submit button ]==--------
2024-11-20 18:45:14 INFO  - Attempting to locate the element with ID: sysverb_insert
2024-11-20 18:45:14 INFO  - Element located successfully with ID: sysverb_insert
2024-11-20 18:45:14 INFO  - Attempting to click the element: Submit button
2024-11-20 18:45:14 INFO  - Attempting to highlight the element.
2024-11-20 18:45:14 INFO  - Successfully clicked the element: Submit button
2024-11-20 18:45:15 INFO  - --------==[ Step 11 - Verify the newly created incident ]==--------
2024-11-20 18:54:12 INFO  - Test Suite Initialization
2024-11-20 18:54:12 INFO  - ====================START OF TEST CASE====================
2024-11-20 18:54:12 INFO  - Test Case 'Create Incident (Using Selenium)' has started
2024-11-20 18:54:12 INFO  - Test Case Initialized
2024-11-20 18:54:12 INFO  - Fetching data for the test
2024-11-20 18:54:12 INFO  - Starting test method setup.
2024-11-20 18:54:12 INFO  - Setting environment: qa
2024-11-20 18:54:12 INFO  - Loaded configuration for environment: qa
2024-11-20 18:54:12 INFO  - Environment properties loaded
2024-11-20 18:54:13 INFO  - RestAssured configured with base URL: https://dev201581.service-now.com//api/now/
2024-11-20 18:54:13 INFO  - Initializing browser: chrome
2024-11-20 18:54:23 INFO  - Browser initialized successfully: chrome
2024-11-20 18:54:23 INFO  - Test method setup completed
2024-11-20 18:54:23 INFO  - --------==[ Step 1 - Enter username in the username field ]==--------
2024-11-20 18:54:23 INFO  - The data: admin entered successfully in the Username field 
2024-11-20 18:54:23 INFO  - --------==[ Step 2 - Enter password in the password field ]==--------
2024-11-20 18:54:24 INFO  - The data: ****** entered successfully in the Password field 
2024-11-20 18:54:24 INFO  - --------==[ Step 3 - Click the login button ]==--------
2024-11-20 18:54:25 INFO  - Successfully clicked the element: Login button
2024-11-20 18:54:29 INFO  - --------==[ Step 4 - Click the All link in the header ]==--------
2024-11-20 18:54:34 INFO  - Element is clickable: All Link
2024-11-20 18:54:35 INFO  - Successfully clicked the element: All Link
2024-11-20 18:54:35 INFO  - --------==[ Step 5 - Click the Incident ]==--------
2024-11-20 18:54:40 INFO  - Element is clickable: Incident menu option
2024-11-20 18:54:41 INFO  - Successfully clicked the element: Incident menu option
2024-11-20 18:54:41 INFO  - --------==[ Step 6 - Click the new button ]==--------
2024-11-20 18:54:42 INFO  - Successfully switched to the frame with element: [ID: gsft_main] [Name: gsft_main] [Class: ] [Tag: iframe]
2024-11-20 18:54:42 INFO  - Successfully switched to the frame: New button
2024-11-20 18:54:43 INFO  - Successfully clicked the element: New button
2024-11-20 18:54:45 INFO  - --------==[ Step 7 - Get the Incident number  ]==--------
2024-11-20 18:54:48 INFO  - Attempting to retrieve the attribute: value from the element
2024-11-20 18:54:48 INFO  - --------==[ Step 8 - Select the user ]==--------
2024-11-20 18:54:48 INFO  - Attempting to type data into the field: User using element: [ID: sys_display.incident.caller_id] [Name: sys_display.incident.caller_id] [Class: form-control element_reference_input] [Tag: input]
2024-11-20 18:54:53 INFO  - The data: Abel entered successfully in the User field using the element[ID: sys_display.incident.caller_id] [Name: sys_display.incident.caller_id] [Class: form-control element_reference_input] [Tag: input]
2024-11-20 18:54:53 INFO  - The data: Abel entered successfully in the User field 
2024-11-20 18:54:54 INFO  - --------==[ Step 9 - Enter short description ]==--------
2024-11-20 18:54:54 INFO  - The data: This is automated test from Makaia entered successfully in the ShortDesc field 
2024-11-20 18:54:54 INFO  - --------==[ Step 10 - Click the Submit button ]==--------
2024-11-20 18:54:54 INFO  - Attempting to locate the element with ID: sysverb_insert
2024-11-20 18:54:54 INFO  - Element located successfully with ID: sysverb_insert
2024-11-20 18:54:55 INFO  - Successfully clicked the element: Submit button
2024-11-20 18:54:55 INFO  - --------==[ Step 11 - Verify the newly created incident ]==--------
2024-11-20 18:55:15 ERROR - The element with locator id not found
org.openqa.selenium.NoSuchElementException: no such element: Unable to locate element: {"method":"css selector","selector":"#incident_breadcrumb"}
  (Session info: chrome=131.0.6778.70)
For documentation on this error, please visit: https://www.selenium.dev/documentation/webdriver/troubleshooting/errors#no-such-element-exception
Build info: version: '4.13.0', revision: 'ba948ece5b*'
System info: os.name: 'Windows 11', os.arch: 'amd64', os.version: '10.0', java.version: '23.0.1'
Driver info: org.openqa.selenium.chrome.ChromeDriver
Command: [11bdb3a53bf3ab461b5d015fa3568c57, findElement {using=id, value=incident_breadcrumb}]
Capabilities {acceptInsecureCerts: false, browserName: chrome, browserVersion: 131.0.6778.70, chrome: {chromedriverVersion: 131.0.6778.85 (3d81e41b6f3a..., userDataDir: C:\Users\Admin\AppData\Loca...}, fedcm:accounts: true, goog:chromeOptions: {debuggerAddress: localhost:59131}, networkConnectionEnabled: false, pageLoadStrategy: normal, platformName: windows, proxy: Proxy(), se:cdp: ws://localhost:59131/devtoo..., se:cdpVersion: 131.0.6778.70, setWindowRect: true, strictFileInteractability: false, timeouts: {implicit: 0, pageLoad: 300000, script: 30000}, unhandledPromptBehavior: dismiss and notify, webauthn:extension:credBlob: true, webauthn:extension:largeBlob: true, webauthn:extension:minPinLength: true, webauthn:extension:prf: true, webauthn:virtualAuthenticators: true}
Session ID: 11bdb3a53bf3ab461b5d015fa3568c57
	at java.base/jdk.internal.reflect.DirectConstructorHandleAccessor.newInstance(DirectConstructorHandleAccessor.java:62)
	at java.base/java.lang.reflect.Constructor.newInstanceWithCaller(Constructor.java:501)
	at java.base/java.lang.reflect.Constructor.newInstance(Constructor.java:485)
	at org.openqa.selenium.remote.codec.w3c.W3CHttpResponseCodec.createException(W3CHttpResponseCodec.java:200)
	at org.openqa.selenium.remote.codec.w3c.W3CHttpResponseCodec.decode(W3CHttpResponseCodec.java:133)
	at org.openqa.selenium.remote.codec.w3c.W3CHttpResponseCodec.decode(W3CHttpResponseCodec.java:52)
	at org.openqa.selenium.remote.HttpCommandExecutor.execute(HttpCommandExecutor.java:191)
	at org.openqa.selenium.remote.service.DriverCommandExecutor.invokeExecute(DriverCommandExecutor.java:196)
	at org.openqa.selenium.remote.service.DriverCommandExecutor.execute(DriverCommandExecutor.java:171)
	at org.openqa.selenium.remote.RemoteWebDriver.execute(RemoteWebDriver.java:602)
	at org.openqa.selenium.remote.ElementLocation$ElementFinder$2.findElement(ElementLocation.java:165)
	at org.openqa.selenium.remote.ElementLocation.findElement(ElementLocation.java:59)
	at org.openqa.selenium.remote.RemoteWebDriver.findElement(RemoteWebDriver.java:359)
	at org.openqa.selenium.remote.RemoteWebDriver.findElement(RemoteWebDriver.java:353)
	at lib.selenium.WebDriverServiceImpl.locateElement(WebDriverServiceImpl.java:41)
	at pages.selenium.CreateNewIncident.verifyIncidentCreation(CreateNewIncident.java:60)
	at tests.selenium.TC001_CreateIncident.createIncident(TC001_CreateIncident.java:64)
	at java.base/jdk.internal.reflect.DirectMethodHandleAccessor.invoke(DirectMethodHandleAccessor.java:103)
	at java.base/java.lang.reflect.Method.invoke(Method.java:580)
	at org.testng.internal.MethodInvocationHelper.invokeMethod(MethodInvocationHelper.java:134)
	at org.testng.internal.TestInvoker.invokeMethod(TestInvoker.java:597)
	at org.testng.internal.TestInvoker.invokeTestMethod(TestInvoker.java:173)
	at org.testng.internal.MethodRunner.runInSequence(MethodRunner.java:46)
	at org.testng.internal.TestInvoker$MethodInvocationAgent.invoke(TestInvoker.java:816)
	at org.testng.internal.TestInvoker.invokeTestMethods(TestInvoker.java:146)
	at org.testng.internal.TestMethodWorker.invokeTestMethods(TestMethodWorker.java:146)
	at org.testng.internal.TestMethodWorker.run(TestMethodWorker.java:128)
	at java.base/java.util.ArrayList.forEach(ArrayList.java:1597)
	at org.testng.TestRunner.privateRun(TestRunner.java:766)
	at org.testng.TestRunner.run(TestRunner.java:587)
	at org.testng.SuiteRunner.runTest(SuiteRunner.java:384)
	at org.testng.SuiteRunner.runSequentially(SuiteRunner.java:378)
	at org.testng.SuiteRunner.privateRun(SuiteRunner.java:337)
	at org.testng.SuiteRunner.run(SuiteRunner.java:286)
	at org.testng.SuiteRunnerWorker.runSuite(SuiteRunnerWorker.java:53)
	at org.testng.SuiteRunnerWorker.run(SuiteRunnerWorker.java:96)
	at org.testng.TestNG.runSuitesSequentially(TestNG.java:1187)
	at org.testng.TestNG.runSuitesLocally(TestNG.java:1109)
	at org.testng.TestNG.runSuites(TestNG.java:1039)
	at org.testng.TestNG.run(TestNG.java:1007)
	at com.intellij.rt.testng.IDEARemoteTestNG.run(IDEARemoteTestNG.java:66)
	at com.intellij.rt.testng.RemoteTestNGStarter.main(RemoteTestNGStarter.java:109)
2024-11-20 18:55:15 INFO  - Test Case 'Create Incident (Using Selenium)' has ended
2024-11-20 18:55:15 INFO  - ====================END OF TEST CASE====================
2024-11-20 18:55:15 INFO  - Test method teardown started
2024-11-20 18:55:16 INFO  - Active browser closed
2024-11-20 18:55:16 INFO  - ====================START OF TEST CASE====================
2024-11-20 18:55:16 INFO  - Test Case 'Creating Incident (Using REST Assured) and Search Incident (Using Selenium)' has started
2024-11-20 18:55:16 INFO  - Test Case Initialized
2024-11-20 18:55:16 INFO  - Fetching data for the test
2024-11-20 18:55:16 INFO  - Starting test method setup.
2024-11-20 18:55:16 INFO  - Setting environment: qa
2024-11-20 18:55:16 INFO  - Loaded configuration for environment: qa
2024-11-20 18:55:16 INFO  - Environment properties loaded
2024-11-20 18:55:16 INFO  - RestAssured configured with base URL: https://dev201581.service-now.com//api/now/
2024-11-20 18:55:16 INFO  - Initializing browser: chrome
2024-11-20 18:55:33 INFO  - Browser initialized successfully: chrome
2024-11-20 18:55:33 INFO  - Test method setup completed
2024-11-20 18:55:40 INFO  - Test Case 'Creating Incident (Using REST Assured) and Search Incident (Using Selenium)' has ended
2024-11-20 18:55:40 INFO  - ====================END OF TEST CASE====================
2024-11-20 18:55:40 INFO  - Test method teardown started
2024-11-20 18:55:40 WARN  - onError
java.net.SocketException: Connection reset
	at java.base/sun.nio.ch.SocketChannelImpl.throwConnectionReset(SocketChannelImpl.java:403)
	at java.base/sun.nio.ch.SocketChannelImpl.implRead(SocketChannelImpl.java:435)
	at java.base/sun.nio.ch.SocketChannelImpl.read(SocketChannelImpl.java:493)
	at io.netty.buffer.PooledByteBuf.setBytes(PooledByteBuf.java:254)
	at io.netty.buffer.AbstractByteBuf.writeBytes(AbstractByteBuf.java:1132)
	at io.netty.channel.socket.nio.NioSocketChannel.doReadBytes(NioSocketChannel.java:357)
	at io.netty.channel.nio.AbstractNioByteChannel$NioByteUnsafe.read(AbstractNioByteChannel.java:151)
	at io.netty.channel.nio.NioEventLoop.processSelectedKey(NioEventLoop.java:788)
	at io.netty.channel.nio.NioEventLoop.processSelectedKeysOptimized(NioEventLoop.java:724)
	at io.netty.channel.nio.NioEventLoop.processSelectedKeys(NioEventLoop.java:650)
	at io.netty.channel.nio.NioEventLoop.run(NioEventLoop.java:562)
	at io.netty.util.concurrent.SingleThreadEventExecutor$4.run(SingleThreadEventExecutor.java:997)
	at io.netty.util.internal.ThreadExecutorMap$2.run(ThreadExecutorMap.java:74)
	at io.netty.util.concurrent.FastThreadLocalRunnable.run(FastThreadLocalRunnable.java:30)
	at java.base/java.lang.Thread.run(Thread.java:1575)
2024-11-20 18:55:41 INFO  - Active browser closed
2024-11-20 18:55:41 INFO  - ====================START OF TEST CASE====================
2024-11-20 18:55:41 INFO  - Test Case 'Create Incident(Using Selenium) and Verify(Using REST Assured)' has started
2024-11-20 18:55:41 INFO  - Test Case Initialized
2024-11-20 18:55:41 INFO  - Fetching data for the test
2024-11-20 18:55:41 INFO  - Starting test method setup.
2024-11-20 18:55:41 INFO  - Setting environment: qa
2024-11-20 18:55:41 INFO  - Loaded configuration for environment: qa
2024-11-20 18:55:41 INFO  - Environment properties loaded
2024-11-20 18:55:41 INFO  - RestAssured configured with base URL: https://dev201581.service-now.com//api/now/
2024-11-20 18:55:41 INFO  - Initializing browser: chrome
2024-11-20 18:55:48 INFO  - Browser initialized successfully: chrome
2024-11-20 18:55:48 INFO  - Test method setup completed
2024-11-20 18:55:52 INFO  - The data: admin entered successfully in the Username field 
2024-11-20 18:55:53 INFO  - The data: ****** entered successfully in the Password field 
2024-11-20 18:55:54 INFO  - Successfully clicked the element: Login button
2024-11-20 18:56:04 INFO  - Element is clickable: All Link
2024-11-20 18:56:05 INFO  - Successfully clicked the element: All Link
2024-11-20 18:56:10 INFO  - Element is clickable: Incident menu option
2024-11-20 18:56:11 INFO  - Successfully clicked the element: Incident menu option
2024-11-20 18:56:13 INFO  - Successfully switched to the frame with element: [ID: gsft_main] [Name: gsft_main] [Class: ] [Tag: iframe]
2024-11-20 18:56:13 INFO  - Successfully switched to the frame: New button
2024-11-20 18:56:14 INFO  - Successfully clicked the element: New button
2024-11-20 18:56:20 INFO  - Attempting to retrieve the attribute: value from the element
2024-11-20 18:56:20 INFO  - Attempting to type data into the field: User using element: [ID: sys_display.incident.caller_id] [Name: sys_display.incident.caller_id] [Class: form-control element_reference_input] [Tag: input]
2024-11-20 18:56:25 INFO  - The data: Abel entered successfully in the User field using the element[ID: sys_display.incident.caller_id] [Name: sys_display.incident.caller_id] [Class: form-control element_reference_input] [Tag: input]
2024-11-20 18:56:25 INFO  - The data: Abel entered successfully in the User field 
2024-11-20 18:56:25 INFO  - The data: This is automated test from Makaia entered successfully in the Short Desc field 
2024-11-20 18:56:26 INFO  - Attempting to locate the element with ID: sysverb_insert
2024-11-20 18:56:26 INFO  - Element located successfully with ID: sysverb_insert
2024-11-20 18:56:26 INFO  - Successfully clicked the element: Submit button
2024-11-20 18:56:47 ERROR - The element with locator id not found
org.openqa.selenium.NoSuchElementException: no such element: Unable to locate element: {"method":"css selector","selector":"#incident_breadcrumb"}
  (Session info: chrome=131.0.6778.70)
For documentation on this error, please visit: https://www.selenium.dev/documentation/webdriver/troubleshooting/errors#no-such-element-exception
Build info: version: '4.13.0', revision: 'ba948ece5b*'
System info: os.name: 'Windows 11', os.arch: 'amd64', os.version: '10.0', java.version: '23.0.1'
Driver info: org.openqa.selenium.chrome.ChromeDriver
Command: [d1171c6c37c1d836ce41fead0c91325a, findElement {using=id, value=incident_breadcrumb}]
Capabilities {acceptInsecureCerts: false, browserName: chrome, browserVersion: 131.0.6778.70, chrome: {chromedriverVersion: 131.0.6778.85 (3d81e41b6f3a..., userDataDir: C:\Users\Admin\AppData\Loca...}, fedcm:accounts: true, goog:chromeOptions: {debuggerAddress: localhost:59255}, networkConnectionEnabled: false, pageLoadStrategy: normal, platformName: windows, proxy: Proxy(), se:cdp: ws://localhost:59255/devtoo..., se:cdpVersion: 131.0.6778.70, setWindowRect: true, strictFileInteractability: false, timeouts: {implicit: 0, pageLoad: 300000, script: 30000}, unhandledPromptBehavior: dismiss and notify, webauthn:extension:credBlob: true, webauthn:extension:largeBlob: true, webauthn:extension:minPinLength: true, webauthn:extension:prf: true, webauthn:virtualAuthenticators: true}
Session ID: d1171c6c37c1d836ce41fead0c91325a
	at java.base/jdk.internal.reflect.DirectConstructorHandleAccessor.newInstance(DirectConstructorHandleAccessor.java:62)
	at java.base/java.lang.reflect.Constructor.newInstanceWithCaller(Constructor.java:501)
	at java.base/java.lang.reflect.Constructor.newInstance(Constructor.java:485)
	at org.openqa.selenium.remote.codec.w3c.W3CHttpResponseCodec.createException(W3CHttpResponseCodec.java:200)
	at org.openqa.selenium.remote.codec.w3c.W3CHttpResponseCodec.decode(W3CHttpResponseCodec.java:133)
	at org.openqa.selenium.remote.codec.w3c.W3CHttpResponseCodec.decode(W3CHttpResponseCodec.java:52)
	at org.openqa.selenium.remote.HttpCommandExecutor.execute(HttpCommandExecutor.java:191)
	at org.openqa.selenium.remote.service.DriverCommandExecutor.invokeExecute(DriverCommandExecutor.java:196)
	at org.openqa.selenium.remote.service.DriverCommandExecutor.execute(DriverCommandExecutor.java:171)
	at org.openqa.selenium.remote.RemoteWebDriver.execute(RemoteWebDriver.java:602)
	at org.openqa.selenium.remote.ElementLocation$ElementFinder$2.findElement(ElementLocation.java:165)
	at org.openqa.selenium.remote.ElementLocation.findElement(ElementLocation.java:59)
	at org.openqa.selenium.remote.RemoteWebDriver.findElement(RemoteWebDriver.java:359)
	at org.openqa.selenium.remote.RemoteWebDriver.findElement(RemoteWebDriver.java:353)
	at lib.selenium.WebDriverServiceImpl.locateElement(WebDriverServiceImpl.java:41)
	at pages.selenium.CreateNewIncident.verifyIncidentCreation(CreateNewIncident.java:60)
	at tests.selenium.TC002_CreateIncidentAndGetFromRest.createIncident(TC002_CreateIncidentAndGetFromRest.java:44)
	at java.base/jdk.internal.reflect.DirectMethodHandleAccessor.invoke(DirectMethodHandleAccessor.java:103)
	at java.base/java.lang.reflect.Method.invoke(Method.java:580)
	at org.testng.internal.MethodInvocationHelper.invokeMethod(MethodInvocationHelper.java:134)
	at org.testng.internal.TestInvoker.invokeMethod(TestInvoker.java:597)
	at org.testng.internal.TestInvoker.invokeTestMethod(TestInvoker.java:173)
	at org.testng.internal.MethodRunner.runInSequence(MethodRunner.java:46)
	at org.testng.internal.TestInvoker$MethodInvocationAgent.invoke(TestInvoker.java:816)
	at org.testng.internal.TestInvoker.invokeTestMethods(TestInvoker.java:146)
	at org.testng.internal.TestMethodWorker.invokeTestMethods(TestMethodWorker.java:146)
	at org.testng.internal.TestMethodWorker.run(TestMethodWorker.java:128)
	at java.base/java.util.ArrayList.forEach(ArrayList.java:1597)
	at org.testng.TestRunner.privateRun(TestRunner.java:766)
	at org.testng.TestRunner.run(TestRunner.java:587)
	at org.testng.SuiteRunner.runTest(SuiteRunner.java:384)
	at org.testng.SuiteRunner.runSequentially(SuiteRunner.java:378)
	at org.testng.SuiteRunner.privateRun(SuiteRunner.java:337)
	at org.testng.SuiteRunner.run(SuiteRunner.java:286)
	at org.testng.SuiteRunnerWorker.runSuite(SuiteRunnerWorker.java:53)
	at org.testng.SuiteRunnerWorker.run(SuiteRunnerWorker.java:96)
	at org.testng.TestNG.runSuitesSequentially(TestNG.java:1187)
	at org.testng.TestNG.runSuitesLocally(TestNG.java:1109)
	at org.testng.TestNG.runSuites(TestNG.java:1039)
	at org.testng.TestNG.run(TestNG.java:1007)
	at com.intellij.rt.testng.IDEARemoteTestNG.run(IDEARemoteTestNG.java:66)
	at com.intellij.rt.testng.RemoteTestNGStarter.main(RemoteTestNGStarter.java:109)
2024-11-20 18:56:47 INFO  - Test Case 'Create Incident(Using Selenium) and Verify(Using REST Assured)' has ended
2024-11-20 18:56:47 INFO  - ====================END OF TEST CASE====================
2024-11-20 18:56:47 INFO  - Test method teardown started
2024-11-20 18:56:47 INFO  - Active browser closed
2024-11-20 18:56:47 INFO  - Loaded configuration for environment: qa
2024-11-20 18:56:49 INFO  - Test Suite execution completed
2024-11-20 19:07:40 INFO  - Test Suite Initialization
2024-11-20 19:07:40 INFO  - ====================START OF TEST CASE====================
2024-11-20 19:07:40 INFO  - Test Case 'Create Incident (Using Selenium)' has started
2024-11-20 19:07:40 INFO  - Test Case Initialized
2024-11-20 19:07:40 INFO  - Fetching data for the test
2024-11-20 19:07:40 INFO  - Starting test method setup.
2024-11-20 19:07:40 INFO  - Setting environment: dev
2024-11-20 19:07:40 INFO  - Loaded configuration for environment: dev
2024-11-20 19:07:40 INFO  - Environment properties loaded
2024-11-20 19:07:41 INFO  - RestAssured configured with base URL: https://dev276551.service-now.com/api/now/
2024-11-20 19:07:41 INFO  - Initializing browser: chrome
2024-11-20 19:07:53 INFO  - Browser initialized successfully: chrome
2024-11-20 19:07:53 INFO  - Test method setup completed
2024-11-20 19:07:53 INFO  - --------==[ Step 1 - Enter username in the username field ]==--------
2024-11-20 19:07:53 INFO  - The data: admin entered successfully in the Username field 
2024-11-20 19:07:53 INFO  - --------==[ Step 2 - Enter password in the password field ]==--------
2024-11-20 19:07:53 INFO  - The data: ****** entered successfully in the Password field 
2024-11-20 19:07:53 INFO  - --------==[ Step 3 - Click the login button ]==--------
2024-11-20 19:07:54 INFO  - Successfully clicked the element: Login button
2024-11-20 19:08:07 INFO  - --------==[ Step 4 - Click the All link in the header ]==--------
2024-11-20 19:08:12 INFO  - Element is clickable: All Link
2024-11-20 19:08:13 INFO  - Successfully clicked the element: All Link
2024-11-20 19:08:13 INFO  - --------==[ Step 5 - Click the Incident ]==--------
2024-11-20 19:08:18 INFO  - Element is clickable: Incident menu option
2024-11-20 19:08:18 INFO  - Successfully clicked the element: Incident menu option
2024-11-20 19:08:18 INFO  - --------==[ Step 6 - Click the new button ]==--------
2024-11-20 19:08:20 INFO  - Successfully switched to the frame with element: [ID: gsft_main] [Name: gsft_main] [Class: ] [Tag: iframe]
2024-11-20 19:08:20 INFO  - Successfully switched to the frame: New button
2024-11-20 19:08:21 INFO  - Successfully clicked the element: New button
2024-11-20 19:08:24 INFO  - --------==[ Step 7 - Get the Incident number  ]==--------
2024-11-20 19:08:27 INFO  - Attempting to retrieve the attribute: INC0010353 from the element
2024-11-20 19:08:27 INFO  - The element: [[ChromeDriver: chrome on windows (0369ac81f5076c2a46a5c1fdc1747617)] -> id: incident.number] could not be found or the attribute: value or could not be retrieved
2024-11-20 19:08:27 INFO  - --------==[ Step 8 - Select the user ]==--------
2024-11-20 19:08:33 INFO  - The data: Abel entered successfully in the User field 
2024-11-20 19:08:33 INFO  - --------==[ Step 9 - Enter short description ]==--------
2024-11-20 19:08:33 INFO  - The data: This is automated test from Makaia entered successfully in the ShortDesc field 
2024-11-20 19:08:33 INFO  - --------==[ Step 10 - Click the Submit button ]==--------
2024-11-20 19:08:33 INFO  - Attempting to locate the element with ID: sysverb_insert
2024-11-20 19:08:33 INFO  - Element located successfully with ID: sysverb_insert
2024-11-20 19:08:34 INFO  - Successfully clicked the element: Submit button
2024-11-20 19:08:36 INFO  - --------==[ Step 11 - Verify the newly created incident ]==--------
2024-11-20 19:08:36 INFO  - The element Incident_breadcrumb is visible.
2024-11-20 19:08:36 INFO  - Test Case 'Create Incident (Using Selenium)' has ended
2024-11-20 19:08:36 INFO  - ====================END OF TEST CASE====================
2024-11-20 19:08:36 INFO  - Test method teardown started
2024-11-20 19:08:36 INFO  - Active browser closed
2024-11-20 19:08:36 INFO  - ====================START OF TEST CASE====================
2024-11-20 19:08:36 INFO  - Test Case 'Creating Incident (Using REST Assured) and Search Incident (Using Selenium)' has started
2024-11-20 19:08:36 INFO  - Test Case Initialized
2024-11-20 19:08:36 INFO  - Fetching data for the test
2024-11-20 19:08:36 INFO  - Starting test method setup.
2024-11-20 19:08:36 INFO  - Setting environment: dev
2024-11-20 19:08:36 INFO  - Loaded configuration for environment: dev
2024-11-20 19:08:36 INFO  - Environment properties loaded
2024-11-20 19:08:36 INFO  - RestAssured configured with base URL: https://dev276551.service-now.com/api/now/
2024-11-20 19:08:36 INFO  - Initializing browser: chrome
2024-11-20 19:08:46 INFO  - Browser initialized successfully: chrome
2024-11-20 19:08:46 INFO  - Test method setup completed
2024-11-20 19:08:58 INFO  - The data: admin entered successfully in the Username field 
2024-11-20 19:08:59 INFO  - The data: ****** entered successfully in the Password field 
2024-11-20 19:09:00 INFO  - Successfully clicked the element: Login button
2024-11-20 19:09:11 INFO  - Element is clickable: All Link
2024-11-20 19:09:12 INFO  - Successfully clicked the element: All Link
2024-11-20 19:09:17 INFO  - Element is clickable: Incident menu option
2024-11-20 19:09:18 INFO  - Successfully clicked the element: Incident menu option
2024-11-20 19:09:22 INFO  - Successfully switched to the frame with element: [ID: gsft_main] [Name: gsft_main] [Class: ] [Tag: iframe]
2024-11-20 19:09:22 INFO  - Successfully switched to the frame: All link
2024-11-20 19:09:23 INFO  - Successfully clicked the element: All link
2024-11-20 19:09:25 INFO  - The data: INC0010355 entered successfully in the Incident field using the element[[ChromeDriver: chrome on windows (44baf6eddfb2c5662f01c68b9efd5c3c)] -> xpath: (//input[@class='form-control'])[1]]
2024-11-20 19:09:25 INFO  - Text retrieved successfully from the element: [[ChromeDriver: chrome on windows (44baf6eddfb2c5662f01c68b9efd5c3c)] -> xpath: (//a[@class='linked formlink'])[1]]
2024-11-20 19:09:25 INFO  - Text retrieved successfully from the element: [[ChromeDriver: chrome on windows (44baf6eddfb2c5662f01c68b9efd5c3c)] -> xpath: (//a[@class='linked formlink'])[1]]
2024-11-20 19:09:25 INFO  - The text: 'INC0010355' matches with the expected value: 'INC0010355'
2024-11-20 19:09:25 INFO  - Text retrieved successfully from the element: [[ChromeDriver: chrome on windows (44baf6eddfb2c5662f01c68b9efd5c3c)] -> xpath: (//a[@class='linked formlink'])[1]]
2024-11-20 19:09:25 INFO  - Test Case 'Creating Incident (Using REST Assured) and Search Incident (Using Selenium)' has ended
2024-11-20 19:09:25 INFO  - ====================END OF TEST CASE====================
2024-11-20 19:09:25 INFO  - Test method teardown started
2024-11-20 19:09:25 INFO  - Active browser closed
2024-11-20 19:09:25 INFO  - ====================START OF TEST CASE====================
2024-11-20 19:09:25 INFO  - Test Case 'Create Incident(Using Selenium) and Verify(Using REST Assured)' has started
2024-11-20 19:09:25 INFO  - Test Case Initialized
2024-11-20 19:09:25 INFO  - Fetching data for the test
2024-11-20 19:09:25 INFO  - Starting test method setup.
2024-11-20 19:09:25 INFO  - Setting environment: dev
2024-11-20 19:09:25 INFO  - Loaded configuration for environment: dev
2024-11-20 19:09:25 INFO  - Environment properties loaded
2024-11-20 19:09:25 INFO  - RestAssured configured with base URL: https://dev276551.service-now.com/api/now/
2024-11-20 19:09:25 INFO  - Initializing browser: chrome
2024-11-20 19:09:39 INFO  - Browser initialized successfully: chrome
2024-11-20 19:09:39 INFO  - Test method setup completed
2024-11-20 19:09:40 INFO  - The data: admin entered successfully in the Username field 
2024-11-20 19:09:41 INFO  - The data: ****** entered successfully in the Password field 
2024-11-20 19:09:44 INFO  - Successfully clicked the element: Login button
2024-11-20 19:10:01 INFO  - Element is clickable: All Link
2024-11-20 19:10:01 INFO  - Successfully clicked the element: All Link
2024-11-20 19:10:06 INFO  - Element is clickable: Incident menu option
2024-11-20 19:10:07 INFO  - Successfully clicked the element: Incident menu option
2024-11-20 19:10:09 INFO  - Successfully switched to the frame with element: [ID: gsft_main] [Name: gsft_main] [Class: ] [Tag: iframe]
2024-11-20 19:10:09 INFO  - Successfully switched to the frame: New button
2024-11-20 19:10:10 INFO  - Successfully clicked the element: New button
2024-11-20 19:10:15 INFO  - Attempting to retrieve the attribute: INC0010356 from the element
2024-11-20 19:10:15 INFO  - The element: [[ChromeDriver: chrome on windows (812c42557849ae8fa9c72fcbbc96dc65)] -> id: incident.number] could not be found or the attribute: value or could not be retrieved
2024-11-20 19:10:20 INFO  - The data: Abel entered successfully in the User field 
2024-11-20 19:10:21 INFO  - The data: This is automated test from Makaia entered successfully in the Short Desc field 
2024-11-20 19:10:21 INFO  - Attempting to locate the element with ID: sysverb_insert
2024-11-20 19:10:21 INFO  - Element located successfully with ID: sysverb_insert
2024-11-20 19:10:22 INFO  - Successfully clicked the element: Submit button
2024-11-20 19:10:24 INFO  - The element Incident_breadcrumb is visible.
2024-11-20 19:10:26 INFO  - Test Case 'Create Incident(Using Selenium) and Verify(Using REST Assured)' has ended
2024-11-20 19:10:26 INFO  - ====================END OF TEST CASE====================
2024-11-20 19:10:26 INFO  - Test method teardown started
2024-11-20 19:10:26 INFO  - Active browser closed
2024-11-20 19:10:26 INFO  - Loaded configuration for environment: dev
2024-11-20 19:10:31 INFO  - Test Suite execution completed
2024-11-20 19:15:41 INFO  - Test Suite Initialization
2024-11-20 19:15:41 INFO  - ====================START OF TEST CASE====================
2024-11-20 19:15:41 INFO  - Test Case 'Create Incident (Using Selenium)' has started
2024-11-20 19:15:41 INFO  - Test Case Initialized
2024-11-20 19:15:41 INFO  - Fetching data for the test
2024-11-20 19:15:41 INFO  - Starting test method setup.
2024-11-20 19:15:41 INFO  - Setting environment: dev
2024-11-20 19:15:41 INFO  - Loaded configuration for environment: dev
2024-11-20 19:15:41 INFO  - Environment properties loaded
2024-11-20 19:15:42 INFO  - RestAssured configured with base URL: https://dev276551.service-now.com/api/now/
2024-11-20 19:15:42 INFO  - Initializing browser: chrome
2024-11-20 19:15:55 INFO  - Browser initialized successfully: chrome
2024-11-20 19:15:55 INFO  - Test method setup completed
2024-11-20 19:15:55 INFO  - --------==[ Step 1 - Enter username in the username field ]==--------
2024-11-20 19:15:55 INFO  - The data: admin entered successfully in the Username field 
2024-11-20 19:15:55 INFO  - --------==[ Step 2 - Enter password in the password field ]==--------
2024-11-20 19:15:56 INFO  - The data: ****** entered successfully in the Password field 
2024-11-20 19:15:56 INFO  - --------==[ Step 3 - Click the login button ]==--------
2024-11-20 19:15:56 INFO  - Element Details: [ID: sysverb_login] [Name: not_important] [Text: Log in] [Class: btn btn-primary] [Tag: button] [Type: submit] 
2024-11-20 19:15:57 INFO  - Successfully clicked the element: Login button
2024-11-20 19:16:07 INFO  - --------==[ Step 4 - Click the All link in the header ]==--------
2024-11-20 19:16:13 INFO  - Element is clickable: All Link
2024-11-20 19:16:13 INFO  - Successfully clicked the element: All Link
2024-11-20 19:16:13 INFO  - --------==[ Step 5 - Click the Incident ]==--------
2024-11-20 19:16:18 INFO  - Element is clickable: Incident menu option
2024-11-20 19:16:19 INFO  - Successfully clicked the element: Incident menu option
2024-11-20 19:16:20 INFO  - --------==[ Step 6 - Click the new button ]==--------
2024-11-20 19:16:22 INFO  - Successfully switched to the frame: New button
2024-11-20 19:16:22 INFO  - Element Details: [ID: sysverb_new] [Text: New] [Class: selected_action action_context btn btn-primary] [Tag: button] [Type: submit] 
2024-11-20 19:16:23 INFO  - Successfully clicked the element: New button
2024-11-20 19:16:25 INFO  - --------==[ Step 7 - Get the Incident number  ]==--------
2024-11-20 19:16:28 INFO  - Retrieved the attribute: INC0010357 from the element
2024-11-20 19:16:28 INFO  - --------==[ Step 8 - Select the user ]==--------
2024-11-20 19:16:34 INFO  - The data: Abel entered successfully in the User field 
2024-11-20 19:16:34 INFO  - --------==[ Step 9 - Enter short description ]==--------
2024-11-20 19:16:34 INFO  - The data: This is automated test from Makaia entered successfully in the ShortDesc field 
2024-11-20 19:16:34 INFO  - --------==[ Step 10 - Click the Submit button ]==--------
2024-11-20 19:16:34 INFO  - Attempting to locate the element with ID: sysverb_insert
2024-11-20 19:16:34 INFO  - Element located successfully with ID: sysverb_insert
2024-11-20 19:16:34 INFO  - Element Details: [ID: sysverb_insert] [Name: not_important] [Text: Submit] [Class: form_action_button header  action_context btn btn-default] [Tag: button] [Type: submit] 
2024-11-20 19:16:35 INFO  - Successfully clicked the element: Submit button
2024-11-20 19:16:37 INFO  - --------==[ Step 11 - Verify the newly created incident ]==--------
2024-11-20 19:16:37 INFO  - The element Incident_breadcrumb is visible.
2024-11-20 19:16:38 INFO  - Test Case 'Create Incident (Using Selenium)' has ended
2024-11-20 19:16:38 INFO  - ====================END OF TEST CASE====================
2024-11-20 19:16:38 INFO  - Test method teardown started
2024-11-20 19:16:38 WARN  - onError
java.net.SocketException: Connection reset
	at java.base/sun.nio.ch.SocketChannelImpl.throwConnectionReset(SocketChannelImpl.java:403)
	at java.base/sun.nio.ch.SocketChannelImpl.implRead(SocketChannelImpl.java:435)
	at java.base/sun.nio.ch.SocketChannelImpl.read(SocketChannelImpl.java:493)
	at io.netty.buffer.PooledByteBuf.setBytes(PooledByteBuf.java:254)
	at io.netty.buffer.AbstractByteBuf.writeBytes(AbstractByteBuf.java:1132)
	at io.netty.channel.socket.nio.NioSocketChannel.doReadBytes(NioSocketChannel.java:357)
	at io.netty.channel.nio.AbstractNioByteChannel$NioByteUnsafe.read(AbstractNioByteChannel.java:151)
	at io.netty.channel.nio.NioEventLoop.processSelectedKey(NioEventLoop.java:788)
	at io.netty.channel.nio.NioEventLoop.processSelectedKeysOptimized(NioEventLoop.java:724)
	at io.netty.channel.nio.NioEventLoop.processSelectedKeys(NioEventLoop.java:650)
	at io.netty.channel.nio.NioEventLoop.run(NioEventLoop.java:562)
	at io.netty.util.concurrent.SingleThreadEventExecutor$4.run(SingleThreadEventExecutor.java:997)
	at io.netty.util.internal.ThreadExecutorMap$2.run(ThreadExecutorMap.java:74)
	at io.netty.util.concurrent.FastThreadLocalRunnable.run(FastThreadLocalRunnable.java:30)
	at java.base/java.lang.Thread.run(Thread.java:1575)
2024-11-20 19:16:38 INFO  - Active browser closed
2024-11-20 19:16:38 INFO  - ====================START OF TEST CASE====================
2024-11-20 19:16:38 INFO  - Test Case 'Creating Incident (Using REST Assured) and Search Incident (Using Selenium)' has started
2024-11-20 19:16:38 INFO  - Test Case Initialized
2024-11-20 19:16:38 INFO  - Fetching data for the test
2024-11-20 19:16:38 INFO  - Starting test method setup.
2024-11-20 19:16:38 INFO  - Setting environment: dev
2024-11-20 19:16:38 INFO  - Loaded configuration for environment: dev
2024-11-20 19:16:38 INFO  - Environment properties loaded
2024-11-20 19:16:38 INFO  - RestAssured configured with base URL: https://dev276551.service-now.com/api/now/
2024-11-20 19:16:38 INFO  - Initializing browser: chrome
2024-11-20 19:16:48 INFO  - Browser initialized successfully: chrome
2024-11-20 19:16:48 INFO  - Test method setup completed
2024-11-20 19:16:56 INFO  - The data: admin entered successfully in the Username field 
2024-11-20 19:16:57 INFO  - The data: ****** entered successfully in the Password field 
2024-11-20 19:16:58 INFO  - Element Details: [ID: sysverb_login] [Name: not_important] [Text: Log in] [Class: btn btn-primary] [Tag: button] [Type: submit] 
2024-11-20 19:16:58 INFO  - Successfully clicked the element: Login button
2024-11-20 19:17:13 INFO  - Element is clickable: All Link
2024-11-20 19:17:14 INFO  - Successfully clicked the element: All Link
2024-11-20 19:17:19 INFO  - Element is clickable: Incident menu option
2024-11-20 19:17:21 INFO  - Successfully clicked the element: Incident menu option
2024-11-20 19:17:26 INFO  - Successfully switched to the frame: All link
2024-11-20 19:17:26 INFO  - Element Details: [Text: All] [Class: breadcrumb_link] [Tag: a] [Href: javascript:void(0)] 
2024-11-20 19:17:27 INFO  - Successfully clicked the element: All link
2024-11-20 19:17:31 INFO  - The data: INC0010359 entered successfully in the Incident field using the element[[ChromeDriver: chrome on windows (e2be274ed011558235c35a0c4599d589)] -> xpath: (//input[@class='form-control'])[1]]
2024-11-20 19:17:31 INFO  - Text retrieved successfully from the element: [[ChromeDriver: chrome on windows (e2be274ed011558235c35a0c4599d589)] -> xpath: (//a[@class='linked formlink'])[1]]
2024-11-20 19:17:31 INFO  - Text retrieved successfully from the element: [[ChromeDriver: chrome on windows (e2be274ed011558235c35a0c4599d589)] -> xpath: (//a[@class='linked formlink'])[1]]
2024-11-20 19:17:31 INFO  - The text: 'INC0010359' matches with the expected value: 'INC0010359'
2024-11-20 19:17:32 INFO  - Text retrieved successfully from the element: [[ChromeDriver: chrome on windows (e2be274ed011558235c35a0c4599d589)] -> xpath: (//a[@class='linked formlink'])[1]]
2024-11-20 19:17:32 INFO  - Test Case 'Creating Incident (Using REST Assured) and Search Incident (Using Selenium)' has ended
2024-11-20 19:17:32 INFO  - ====================END OF TEST CASE====================
2024-11-20 19:17:32 INFO  - Test method teardown started
2024-11-20 19:17:32 INFO  - Active browser closed
2024-11-20 19:17:32 INFO  - ====================START OF TEST CASE====================
2024-11-20 19:17:32 INFO  - Test Case 'Create Incident(Using Selenium) and Verify(Using REST Assured)' has started
2024-11-20 19:17:32 INFO  - Test Case Initialized
2024-11-20 19:17:32 INFO  - Fetching data for the test
2024-11-20 19:17:32 INFO  - Starting test method setup.
2024-11-20 19:17:32 INFO  - Setting environment: dev
2024-11-20 19:17:32 INFO  - Loaded configuration for environment: dev
2024-11-20 19:17:32 INFO  - Environment properties loaded
2024-11-20 19:17:32 INFO  - RestAssured configured with base URL: https://dev276551.service-now.com/api/now/
2024-11-20 19:17:32 INFO  - Initializing browser: chrome
2024-11-20 19:17:36 INFO  - Loaded configuration for environment: dev
2024-11-20 19:23:52 INFO  - Test Suite Initialization
2024-11-20 19:23:52 INFO  - ====================START OF TEST CASE====================
2024-11-20 19:23:52 INFO  - Test Case 'Create Incident (Using Selenium)' has started
2024-11-20 19:23:52 INFO  - Test Case Initialized
2024-11-20 19:23:52 INFO  - Fetching data for the test
2024-11-20 19:23:53 INFO  - Starting test method setup.
2024-11-20 19:23:53 INFO  - Setting environment: dev
2024-11-20 19:23:53 INFO  - Loaded configuration for environment: dev
2024-11-20 19:23:53 INFO  - Environment properties loaded
2024-11-20 19:23:53 INFO  - RestAssured configured with base URL: https://dev276551.service-now.com/api/now/
2024-11-20 19:23:53 INFO  - Initializing browser: chrome
2024-11-20 19:24:05 INFO  - Browser initialized successfully: chrome
2024-11-20 19:24:05 INFO  - Test method setup completed
2024-11-20 19:24:05 INFO  - --------==[ Step 1 - Enter username in the username field ]==--------
2024-11-20 19:24:05 INFO  - The data: admin entered successfully in the Username field 
2024-11-20 19:24:05 INFO  - --------==[ Step 2 - Enter password in the password field ]==--------
2024-11-20 19:24:06 INFO  - The data: ****** entered successfully in the Password field 
2024-11-20 19:24:06 INFO  - --------==[ Step 3 - Click the login button ]==--------
2024-11-20 19:24:06 INFO  - Attempting to click the element: Login button
2024-11-20 19:24:07 INFO  - Successfully clicked the element: Login button
2024-11-20 19:24:20 INFO  - --------==[ Step 4 - Click the All link in the header ]==--------
2024-11-20 19:24:25 INFO  - Element is clickable: All Link
2024-11-20 19:24:26 INFO  - Successfully clicked the element: All Link
2024-11-20 19:24:26 INFO  - --------==[ Step 5 - Click the Incident ]==--------
2024-11-20 19:24:31 INFO  - Element is clickable: Incident menu option
2024-11-20 19:24:32 INFO  - Successfully clicked the element: Incident menu option
2024-11-20 19:24:32 INFO  - --------==[ Step 6 - Click the new button ]==--------
2024-11-20 19:24:33 INFO  - Successfully switched to the frame: New button
2024-11-20 19:24:34 INFO  - Attempting to click the element: New button
2024-11-20 19:24:34 INFO  - Successfully clicked the element: New button
2024-11-20 19:24:37 INFO  - --------==[ Step 7 - Get the Incident number  ]==--------
2024-11-20 19:24:40 INFO  - Retrieved the attribute: INC0010360 from the element
2024-11-20 19:24:40 INFO  - --------==[ Step 8 - Select the user ]==--------
2024-11-20 19:24:46 INFO  - The data: Abel entered successfully in the User field 
2024-11-20 19:24:46 INFO  - --------==[ Step 9 - Enter short description ]==--------
2024-11-20 19:24:46 INFO  - The data: This is automated test from Makaia entered successfully in the ShortDesc field 
2024-11-20 19:24:46 INFO  - --------==[ Step 10 - Click the Submit button ]==--------
2024-11-20 19:24:46 INFO  - Attempting to locate the element with ID: sysverb_insert
2024-11-20 19:24:46 INFO  - Element located successfully with ID: sysverb_insert
2024-11-20 19:24:46 INFO  - Attempting to click the element: Submit button
2024-11-20 19:24:47 INFO  - Successfully clicked the element: Submit button
2024-11-20 19:24:49 INFO  - --------==[ Step 11 - Verify the newly created incident ]==--------
2024-11-20 19:24:49 INFO  - The element Incident_breadcrumb is visible.
2024-11-20 19:24:49 INFO  - Test Case 'Create Incident (Using Selenium)' has ended
2024-11-20 19:24:49 INFO  - ====================END OF TEST CASE====================
2024-11-20 19:24:49 INFO  - Test method teardown started
2024-11-20 19:24:49 INFO  - Active browser closed
2024-11-20 19:24:49 INFO  - ====================START OF TEST CASE====================
2024-11-20 19:24:49 INFO  - Test Case 'Creating Incident (Using REST Assured) and Search Incident (Using Selenium)' has started
2024-11-20 19:24:49 INFO  - Test Case Initialized
2024-11-20 19:24:49 INFO  - Fetching data for the test
2024-11-20 19:24:49 INFO  - Starting test method setup.
2024-11-20 19:24:49 INFO  - Setting environment: dev
2024-11-20 19:24:49 INFO  - Loaded configuration for environment: dev
2024-11-20 19:24:49 INFO  - Environment properties loaded
2024-11-20 19:24:49 INFO  - RestAssured configured with base URL: https://dev276551.service-now.com/api/now/
2024-11-20 19:24:49 INFO  - Initializing browser: chrome
2024-11-20 19:25:01 INFO  - Browser initialized successfully: chrome
2024-11-20 19:25:01 INFO  - Test method setup completed
2024-11-20 19:25:10 INFO  - The data: admin entered successfully in the Username field 
2024-11-20 19:25:11 INFO  - The data: ****** entered successfully in the Password field 
2024-11-20 19:25:11 INFO  - Attempting to click the element: Login button
2024-11-20 19:25:12 INFO  - Successfully clicked the element: Login button
2024-11-20 19:25:20 INFO  - Element is clickable: All Link
2024-11-20 19:25:21 INFO  - Successfully clicked the element: All Link
2024-11-20 19:25:26 INFO  - Element is clickable: Incident menu option
2024-11-20 19:25:27 INFO  - Successfully clicked the element: Incident menu option
2024-11-20 19:25:30 INFO  - Successfully switched to the frame: All link
2024-11-20 19:25:30 INFO  - Attempting to click the element: All link
2024-11-20 19:25:31 INFO  - Successfully clicked the element: All link
2024-11-20 19:25:33 INFO  - The data: INC0010362 entered successfully in the Incident field using the element[[ChromeDriver: chrome on windows (457286cdfbf4228e0fb3bd1b08d393a9)] -> xpath: (//input[@class='form-control'])[1]]
2024-11-20 19:25:33 INFO  - Text retrieved successfully from the element: [[ChromeDriver: chrome on windows (457286cdfbf4228e0fb3bd1b08d393a9)] -> xpath: (//a[@class='linked formlink'])[1]]
2024-11-20 19:25:33 INFO  - Text retrieved successfully from the element: [[ChromeDriver: chrome on windows (457286cdfbf4228e0fb3bd1b08d393a9)] -> xpath: (//a[@class='linked formlink'])[1]]
2024-11-20 19:25:33 INFO  - The text: 'INC0010362' matches with the expected value: 'INC0010362'
2024-11-20 19:25:33 INFO  - Text retrieved successfully from the element: [[ChromeDriver: chrome on windows (457286cdfbf4228e0fb3bd1b08d393a9)] -> xpath: (//a[@class='linked formlink'])[1]]
2024-11-20 19:25:34 INFO  - Test Case 'Creating Incident (Using REST Assured) and Search Incident (Using Selenium)' has ended
2024-11-20 19:25:34 INFO  - ====================END OF TEST CASE====================
2024-11-20 19:25:34 INFO  - Test method teardown started
2024-11-20 19:25:34 INFO  - Active browser closed
2024-11-20 19:25:34 INFO  - ====================START OF TEST CASE====================
2024-11-20 19:25:34 INFO  - Test Case 'Create Incident(Using Selenium) and Verify(Using REST Assured)' has started
2024-11-20 19:25:34 INFO  - Test Case Initialized
2024-11-20 19:25:34 INFO  - Fetching data for the test
2024-11-20 19:25:34 INFO  - Starting test method setup.
2024-11-20 19:25:34 INFO  - Setting environment: dev
2024-11-20 19:25:34 INFO  - Loaded configuration for environment: dev
2024-11-20 19:25:34 INFO  - Environment properties loaded
2024-11-20 19:25:34 INFO  - RestAssured configured with base URL: https://dev276551.service-now.com/api/now/
2024-11-20 19:25:34 INFO  - Initializing browser: chrome
2024-11-20 19:25:51 INFO  - Browser initialized successfully: chrome
2024-11-20 19:25:51 INFO  - Test method setup completed
2024-11-20 19:25:51 INFO  - The data: admin entered successfully in the Username field 
2024-11-20 19:25:52 INFO  - The data: ****** entered successfully in the Password field 
2024-11-20 19:25:52 INFO  - Attempting to click the element: Login button
2024-11-20 19:25:53 INFO  - Successfully clicked the element: Login button
2024-11-20 19:26:08 INFO  - Element is clickable: All Link
2024-11-20 19:26:11 INFO  - Successfully clicked the element: All Link
2024-11-20 19:26:17 INFO  - Element is clickable: Incident menu option
2024-11-20 19:26:17 INFO  - Successfully clicked the element: Incident menu option
2024-11-20 19:26:19 INFO  - Successfully switched to the frame: New button
2024-11-20 19:26:19 INFO  - Attempting to click the element: New button
2024-11-20 19:26:20 INFO  - Successfully clicked the element: New button
2024-11-20 19:26:27 INFO  - Retrieved the attribute: INC0010363 from the element
2024-11-20 19:26:32 INFO  - The data: Abel entered successfully in the User field 
2024-11-20 19:26:32 INFO  - The data: This is automated test from Makaia entered successfully in the Short Desc field 
2024-11-20 19:26:32 INFO  - Attempting to locate the element with ID: sysverb_insert
2024-11-20 19:26:32 INFO  - Element located successfully with ID: sysverb_insert
2024-11-20 19:26:32 INFO  - Attempting to click the element: Submit button
2024-11-20 19:26:33 INFO  - Successfully clicked the element: Submit button
2024-11-20 19:26:36 INFO  - The element Incident_breadcrumb is visible.
2024-11-20 19:26:39 INFO  - Test Case 'Create Incident(Using Selenium) and Verify(Using REST Assured)' has ended
2024-11-20 19:26:39 INFO  - ====================END OF TEST CASE====================
2024-11-20 19:26:39 INFO  - Test method teardown started
2024-11-20 19:26:39 INFO  - Active browser closed
2024-11-20 19:26:39 INFO  - Loaded configuration for environment: dev
2024-11-20 19:26:43 INFO  - Test Suite execution completed
2024-11-20 19:38:21 INFO  - Test Suite Initialization
2024-11-20 19:38:21 INFO  - ====================START OF TEST CASE====================
2024-11-20 19:38:21 INFO  - Test Case 'Create Incident (Using Selenium)' has started
2024-11-20 19:38:21 INFO  - Test Case Initialized
2024-11-20 19:38:21 INFO  - Fetching data for the test
2024-11-20 19:38:22 INFO  - Starting test method setup.
2024-11-20 19:38:22 INFO  - Setting environment: dev
2024-11-20 19:38:22 INFO  - Loaded configuration for environment: dev
2024-11-20 19:38:22 INFO  - Environment properties loaded
2024-11-20 19:38:22 INFO  - RestAssured configured with base URL: https://dev276551.service-now.com/api/now/
2024-11-20 19:38:22 INFO  - Initializing browser: chrome
2024-11-20 19:38:34 INFO  - Browser initialized successfully: chrome
2024-11-20 19:38:34 INFO  - Test method setup completed
2024-11-20 19:38:34 INFO  - --------==[ Step 1 - Enter username in the username field ]==--------
2024-11-20 19:38:34 INFO  - The data: admin entered successfully in the Username field 
2024-11-20 19:38:35 INFO  - --------==[ Step 2 - Enter password in the password field ]==--------
2024-11-20 19:38:35 INFO  - The data: ****** entered successfully in the Password field 
2024-11-20 19:38:35 INFO  - --------==[ Step 3 - Click the login button ]==--------
2024-11-20 19:38:36 INFO  - Successfully clicked the element: Login button
2024-11-20 19:38:47 INFO  - --------==[ Step 4 - Click the All link in the header ]==--------
2024-11-20 19:38:52 INFO  - Element is clickable: All Link
2024-11-20 19:38:52 INFO  - Successfully clicked the element: All Link
2024-11-20 19:38:52 INFO  - --------==[ Step 5 - Click the Incident ]==--------
2024-11-20 19:38:58 INFO  - Element is clickable: Incident menu option
2024-11-20 19:38:58 INFO  - Successfully clicked the element: Incident menu option
2024-11-20 19:38:58 INFO  - --------==[ Step 6 - Click the new button ]==--------
2024-11-20 19:39:00 INFO  - Successfully switched to the frame: New button
2024-11-20 19:39:01 INFO  - Successfully clicked the element: New button
2024-11-20 19:39:04 INFO  - --------==[ Step 7 - Get the Incident number  ]==--------
2024-11-20 19:39:07 INFO  - Retrieved the attribute: INC0010364 from the element
2024-11-20 19:39:07 INFO  - --------==[ Step 8 - Select the user ]==--------
2024-11-20 19:39:12 INFO  - The data: Abel entered successfully in the User field using the element[[ChromeDriver: chrome on windows (df1282d0ab18fea29c403e494b61198c)] -> id: sys_display.incident.caller_id]
2024-11-20 19:39:12 INFO  - --------==[ Step 9 - Enter short description ]==--------
2024-11-20 19:39:12 INFO  - The data: This is automated test from Makaia entered successfully in the ShortDesc field 
2024-11-20 19:39:13 INFO  - --------==[ Step 10 - Click the Submit button ]==--------
2024-11-20 19:39:13 INFO  - Attempting to locate the element with ID: sysverb_insert
2024-11-20 19:39:13 INFO  - Element located successfully with ID: sysverb_insert
2024-11-20 19:39:13 INFO  - Successfully clicked the element: Submit button
2024-11-20 19:39:15 INFO  - --------==[ Step 11 - Verify the newly created incident ]==--------
2024-11-20 19:39:15 INFO  - The element Incident_breadcrumb is visible.
2024-11-20 19:39:15 INFO  - Test Case 'Create Incident (Using Selenium)' has ended
2024-11-20 19:39:15 INFO  - ====================END OF TEST CASE====================
2024-11-20 19:39:15 INFO  - Test method teardown started
2024-11-20 19:39:15 INFO  - The browser is closed
2024-11-20 19:39:15 INFO  - Active browser closed
2024-11-20 19:39:15 INFO  - ====================START OF TEST CASE====================
2024-11-20 19:39:15 INFO  - Test Case 'Creating Incident (Using REST Assured) and Search Incident (Using Selenium)' has started
2024-11-20 19:39:15 INFO  - Test Case Initialized
2024-11-20 19:39:15 INFO  - Fetching data for the test
2024-11-20 19:39:15 INFO  - Starting test method setup.
2024-11-20 19:39:15 INFO  - Setting environment: dev
2024-11-20 19:39:15 INFO  - Loaded configuration for environment: dev
2024-11-20 19:39:15 INFO  - Environment properties loaded
2024-11-20 19:39:15 INFO  - RestAssured configured with base URL: https://dev276551.service-now.com/api/now/
2024-11-20 19:39:15 INFO  - Initializing browser: chrome
2024-11-20 19:39:28 INFO  - Browser initialized successfully: chrome
2024-11-20 19:39:28 INFO  - Test method setup completed
2024-11-20 19:39:37 INFO  - The data: admin entered successfully in the Username field 
2024-11-20 19:39:37 INFO  - The data: ****** entered successfully in the Password field 
2024-11-20 19:39:39 INFO  - Successfully clicked the element: Login button
2024-11-20 19:39:56 INFO  - Element is clickable: All Link
2024-11-20 19:39:57 INFO  - Successfully clicked the element: All Link
2024-11-20 19:40:02 INFO  - Element is clickable: Incident menu option
2024-11-20 19:40:03 INFO  - Successfully clicked the element: Incident menu option
2024-11-20 19:40:14 INFO  - Successfully switched to the frame: All link
2024-11-20 19:41:15 INFO  - Test Case 'Creating Incident (Using REST Assured) and Search Incident (Using Selenium)' has ended
2024-11-20 19:41:15 INFO  - ====================END OF TEST CASE====================
2024-11-20 19:41:15 INFO  - Test method teardown started
2024-11-20 19:41:15 INFO  - The browser is closed
2024-11-20 19:41:15 INFO  - Active browser closed
2024-11-20 19:41:15 INFO  - ====================START OF TEST CASE====================
2024-11-20 19:41:15 INFO  - Test Case 'Create Incident(Using Selenium) and Verify(Using REST Assured)' has started
2024-11-20 19:41:15 INFO  - Test Case Initialized
2024-11-20 19:41:15 INFO  - Fetching data for the test
2024-11-20 19:41:15 INFO  - Starting test method setup.
2024-11-20 19:41:15 INFO  - Setting environment: dev
2024-11-20 19:41:15 INFO  - Loaded configuration for environment: dev
2024-11-20 19:41:15 INFO  - Environment properties loaded
2024-11-20 19:41:15 INFO  - RestAssured configured with base URL: https://dev276551.service-now.com/api/now/
2024-11-20 19:41:15 INFO  - Initializing browser: chrome
2024-11-20 19:41:26 INFO  - Browser initialized successfully: chrome
2024-11-20 19:41:26 INFO  - Test method setup completed
2024-11-20 19:41:26 INFO  - The data: admin entered successfully in the Username field 
2024-11-20 19:41:27 INFO  - The data: ****** entered successfully in the Password field 
2024-11-20 19:41:28 INFO  - Successfully clicked the element: Login button
2024-11-20 19:41:45 INFO  - Element is clickable: All Link
2024-11-20 19:41:46 INFO  - Successfully clicked the element: All Link
2024-11-20 19:41:51 INFO  - Element is clickable: Incident menu option
2024-11-20 19:41:52 INFO  - Successfully clicked the element: Incident menu option
2024-11-20 19:41:53 INFO  - Successfully switched to the frame: New button
2024-11-20 19:41:54 INFO  - Successfully clicked the element: New button
2024-11-20 19:42:01 INFO  - Test Case 'Create Incident(Using Selenium) and Verify(Using REST Assured)' has ended
2024-11-20 19:42:01 INFO  - ====================END OF TEST CASE====================
2024-11-20 19:42:01 INFO  - Test method teardown started
2024-11-20 19:42:01 ERROR - The browser could not be closed due to exception
org.openqa.selenium.WebDriverException: disconnected: not connected to DevTools
  (failed to check if window was closed: disconnected: not connected to DevTools)
  (Session info: chrome=131.0.6778.70)
Build info: version: '4.13.0', revision: 'ba948ece5b*'
System info: os.name: 'Windows 11', os.arch: 'amd64', os.version: '10.0', java.version: '23.0.1'
Driver info: org.openqa.selenium.chrome.ChromeDriver
Command: [65f3695bf9d131812d4b826fbb2cc79e, close {}]
Capabilities {acceptInsecureCerts: false, browserName: chrome, browserVersion: 131.0.6778.70, chrome: {chromedriverVersion: 131.0.6778.85 (3d81e41b6f3a..., userDataDir: C:\Users\Admin\AppData\Loca...}, fedcm:accounts: true, goog:chromeOptions: {debuggerAddress: localhost:60014}, networkConnectionEnabled: false, pageLoadStrategy: normal, platformName: windows, proxy: Proxy(), se:cdp: ws://localhost:60014/devtoo..., se:cdpVersion: 131.0.6778.70, setWindowRect: true, strictFileInteractability: false, timeouts: {implicit: 0, pageLoad: 300000, script: 30000}, unhandledPromptBehavior: dismiss and notify, webauthn:extension:credBlob: true, webauthn:extension:largeBlob: true, webauthn:extension:minPinLength: true, webauthn:extension:prf: true, webauthn:virtualAuthenticators: true}
Session ID: 65f3695bf9d131812d4b826fbb2cc79e
	at java.base/jdk.internal.reflect.DirectConstructorHandleAccessor.newInstance(DirectConstructorHandleAccessor.java:62)
	at java.base/java.lang.reflect.Constructor.newInstanceWithCaller(Constructor.java:501)
	at java.base/java.lang.reflect.Constructor.newInstance(Constructor.java:485)
	at org.openqa.selenium.remote.codec.w3c.W3CHttpResponseCodec.createException(W3CHttpResponseCodec.java:200)
	at org.openqa.selenium.remote.codec.w3c.W3CHttpResponseCodec.decode(W3CHttpResponseCodec.java:133)
	at org.openqa.selenium.remote.codec.w3c.W3CHttpResponseCodec.decode(W3CHttpResponseCodec.java:52)
	at org.openqa.selenium.remote.HttpCommandExecutor.execute(HttpCommandExecutor.java:191)
	at org.openqa.selenium.remote.service.DriverCommandExecutor.invokeExecute(DriverCommandExecutor.java:196)
	at org.openqa.selenium.remote.service.DriverCommandExecutor.execute(DriverCommandExecutor.java:171)
	at org.openqa.selenium.remote.RemoteWebDriver.execute(RemoteWebDriver.java:602)
	at org.openqa.selenium.remote.RemoteWebDriver.execute(RemoteWebDriver.java:675)
	at org.openqa.selenium.remote.RemoteWebDriver.execute(RemoteWebDriver.java:679)
	at org.openqa.selenium.remote.RemoteWebDriver.close(RemoteWebDriver.java:409)
	at lib.selenium.WebDriverServiceImpl.closeActiveBrowser(WebDriverServiceImpl.java:658)
	at lib.selenium.PreAndPost.afterMethod(PreAndPost.java:84)
	at java.base/jdk.internal.reflect.DirectMethodHandleAccessor.invoke(DirectMethodHandleAccessor.java:103)
	at java.base/java.lang.reflect.Method.invoke(Method.java:580)
	at org.testng.internal.MethodInvocationHelper.invokeMethod(MethodInvocationHelper.java:134)
	at org.testng.internal.MethodInvocationHelper.invokeMethodConsideringTimeout(MethodInvocationHelper.java:63)
	at org.testng.internal.ConfigInvoker.invokeConfigurationMethod(ConfigInvoker.java:348)
	at org.testng.internal.ConfigInvoker.invokeConfigurations(ConfigInvoker.java:302)
	at org.testng.internal.TestInvoker.runConfigMethods(TestInvoker.java:695)
	at org.testng.internal.TestInvoker.runAfterGroupsConfigurations(TestInvoker.java:671)
	at org.testng.internal.TestInvoker.invokeMethod(TestInvoker.java:655)
	at org.testng.internal.TestInvoker.invokeTestMethod(TestInvoker.java:173)
	at org.testng.internal.MethodRunner.runInSequence(MethodRunner.java:46)
	at org.testng.internal.TestInvoker$MethodInvocationAgent.invoke(TestInvoker.java:816)
	at org.testng.internal.TestInvoker.invokeTestMethods(TestInvoker.java:146)
	at org.testng.internal.TestMethodWorker.invokeTestMethods(TestMethodWorker.java:146)
	at org.testng.internal.TestMethodWorker.run(TestMethodWorker.java:128)
	at java.base/java.util.ArrayList.forEach(ArrayList.java:1597)
	at org.testng.TestRunner.privateRun(TestRunner.java:766)
	at org.testng.TestRunner.run(TestRunner.java:587)
	at org.testng.SuiteRunner.runTest(SuiteRunner.java:384)
	at org.testng.SuiteRunner.runSequentially(SuiteRunner.java:378)
	at org.testng.SuiteRunner.privateRun(SuiteRunner.java:337)
	at org.testng.SuiteRunner.run(SuiteRunner.java:286)
	at org.testng.SuiteRunnerWorker.runSuite(SuiteRunnerWorker.java:53)
	at org.testng.SuiteRunnerWorker.run(SuiteRunnerWorker.java:96)
	at org.testng.TestNG.runSuitesSequentially(TestNG.java:1187)
	at org.testng.TestNG.runSuitesLocally(TestNG.java:1109)
	at org.testng.TestNG.runSuites(TestNG.java:1039)
	at org.testng.TestNG.run(TestNG.java:1007)
	at com.intellij.rt.testng.IDEARemoteTestNG.run(IDEARemoteTestNG.java:66)
	at com.intellij.rt.testng.RemoteTestNGStarter.main(RemoteTestNGStarter.java:109)
2024-11-20 19:42:01 INFO  - Loaded configuration for environment: dev
2024-11-20 20:39:08 INFO  - Test Suite execution completed
2024-11-20 22:14:39 INFO  - Test Suite Initialization
2024-11-20 22:14:39 INFO  - Rest Assured Test Suite Initialization
2024-11-20 22:14:39 INFO  - ====================START OF TEST CASE====================
2024-11-20 22:14:39 INFO  - Test Case 'Create Incident (Using Selenium)' has started
2024-11-20 22:14:39 INFO  - Test Case Initialized
2024-11-20 22:14:39 INFO  - Fetching data for the test
2024-11-20 22:14:40 INFO  - Setting up environment: dev
2024-11-20 22:14:40 INFO  - Loaded configuration for environment: dev
2024-11-20 22:14:40 INFO  - Environment properties loaded
2024-11-20 22:14:40 INFO  - RestAssured configured with base URL: https://dev276551.service-now.com/api/now/
2024-11-20 22:14:40 INFO  - Initializing browser: chrome
2024-11-20 22:14:54 INFO  - Browser initialized successfully: chrome
2024-11-20 22:14:54 INFO  - Test method setup completed
2024-11-20 22:14:54 INFO  - --------==[ Step 1 - Enter username in the username field ]==--------
2024-11-20 22:14:55 INFO  - The data: admin entered successfully in the Username field 
2024-11-20 22:14:55 INFO  - --------==[ Step 2 - Enter password in the password field ]==--------
2024-11-20 22:14:55 INFO  - The data: ****** entered successfully in the Password field 
2024-11-20 22:14:55 INFO  - --------==[ Step 3 - Click the login button ]==--------
2024-11-20 22:14:56 INFO  - Successfully clicked the element: Login button
2024-11-20 22:15:12 INFO  - --------==[ Step 4 - Click the All link in the header ]==--------
2024-11-20 22:15:17 INFO  - Element is clickable: All Link
2024-11-20 22:15:18 INFO  - Successfully clicked the element: All Link
2024-11-20 22:15:18 INFO  - --------==[ Step 5 - Click the Incident ]==--------
2024-11-20 22:15:23 INFO  - Element is clickable: Incident menu option
2024-11-20 22:15:24 INFO  - Successfully clicked the element: Incident menu option
2024-11-20 22:15:24 INFO  - --------==[ Step 6 - Click the new button ]==--------
2024-11-20 22:15:26 INFO  - Successfully switched to the frame: New button
2024-11-20 22:15:27 INFO  - Successfully clicked the element: New button
2024-11-20 22:15:30 INFO  - --------==[ Step 7 - Get the Incident number  ]==--------
2024-11-20 22:15:33 INFO  - Retrieved the attribute: INC0010372 from the element
2024-11-20 22:15:33 INFO  - --------==[ Step 8 - Select the user ]==--------
2024-11-20 22:15:38 INFO  - The data: Abel entered successfully in the User field using the element[[ChromeDriver: chrome on windows (c58d9a1ba9c1b1df50c6538a4d1c89d8)] -> id: sys_display.incident.caller_id]
2024-11-20 22:15:38 INFO  - --------==[ Step 9 - Enter short description ]==--------
2024-11-20 22:15:38 INFO  - The data: This is automated test from Makaia entered successfully in the ShortDesc field 
2024-11-20 22:15:39 INFO  - --------==[ Step 10 - Click the Submit button ]==--------
2024-11-20 22:15:39 INFO  - Attempting to locate the element with ID: sysverb_insert
2024-11-20 22:15:39 INFO  - Element located successfully with ID: sysverb_insert
2024-11-20 22:15:39 INFO  - Successfully clicked the element: Submit button
2024-11-20 22:15:42 INFO  - --------==[ Step 11 - Verify the newly created incident ]==--------
2024-11-20 22:15:42 INFO  - The element Incident_breadcrumb is visible.
2024-11-20 22:15:42 INFO  - Test Case 'Create Incident (Using Selenium)' has ended
2024-11-20 22:15:42 INFO  - ====================END OF TEST CASE====================
2024-11-20 22:15:42 INFO  - Test method teardown started
2024-11-20 22:15:42 INFO  - The browser is closed
2024-11-20 22:15:42 INFO  - Active browser closed
2024-11-20 22:15:42 INFO  - ====================START OF TEST CASE====================
2024-11-20 22:15:42 INFO  - Test Case 'Creating Incident (Using REST Assured) and Search Incident (Using Selenium)' has started
2024-11-20 22:15:42 INFO  - Test Case Initialized
2024-11-20 22:15:42 INFO  - Fetching data for the test
2024-11-20 22:15:42 INFO  - Setting up environment: dev
2024-11-20 22:15:42 INFO  - Loaded configuration for environment: dev
2024-11-20 22:15:42 INFO  - Environment properties loaded
2024-11-20 22:15:42 INFO  - RestAssured configured with base URL: https://dev276551.service-now.com/api/now/
2024-11-20 22:15:42 INFO  - Initializing browser: chrome
2024-11-20 22:15:52 INFO  - Browser initialized successfully: chrome
2024-11-20 22:15:52 INFO  - Test method setup completed
2024-11-20 22:15:52 INFO  - --------==[ Step 1 - Request Post URL ]==--------
2024-11-20 22:15:52 INFO  - Initiating POST request to URL: table/incident
2024-11-20 22:15:52 INFO  - Setting up RequestSpecification with logs and default content type.
2024-11-20 22:15:56 INFO  - Response received for POST request to URL: table/incident with status code: 201
2024-11-20 22:15:56 INFO  - Setting up RequestSpecification with logs and default content type.
2024-11-20 22:15:59 INFO  - --------==[ Step 2 - Verify the response code is equal to 201 ]==--------
2024-11-20 22:15:59 INFO  - The status code 201 matches the expected code
2024-11-20 22:15:59 INFO  - --------==[ Step 3 - Verify the Content by Specific Key ]==--------
2024-11-20 22:15:59 INFO  - Fetching value for key: result.number from the JSON response.
2024-11-20 22:15:59 INFO  - Retrieved value for key: result.number -> INC0010374
2024-11-20 22:15:59 INFO  - --------==[ Step 4 - Selenium - Find Incident ]==--------
2024-11-20 22:16:00 INFO  - The data: admin entered successfully in the Username field 
2024-11-20 22:16:00 INFO  - The data: ****** entered successfully in the Password field 
2024-11-20 22:16:01 INFO  - Successfully clicked the element: Login button
2024-11-20 22:16:15 INFO  - Element is clickable: All Link
2024-11-20 22:16:15 INFO  - Successfully clicked the element: All Link
2024-11-20 22:16:20 INFO  - Element is clickable: Incident menu option
2024-11-20 22:16:21 INFO  - Successfully clicked the element: Incident menu option
2024-11-20 22:16:24 INFO  - Successfully switched to the frame: All link
2024-11-20 22:16:25 INFO  - Successfully clicked the element: All link
2024-11-20 22:16:27 INFO  - The data: INC0010374 entered successfully in the Incident field using the element[[ChromeDriver: chrome on windows (d2eecbe6b8fe4a28ada8d95532349554)] -> xpath: (//input[@class='form-control'])[1]]
2024-11-20 22:16:27 INFO  - Text retrieved successfully from the element: [[ChromeDriver: chrome on windows (d2eecbe6b8fe4a28ada8d95532349554)] -> xpath: (//a[@class='linked formlink'])[1]]
2024-11-20 22:16:27 INFO  - Text retrieved successfully from the element: [[ChromeDriver: chrome on windows (d2eecbe6b8fe4a28ada8d95532349554)] -> xpath: (//a[@class='linked formlink'])[1]]
2024-11-20 22:16:27 INFO  - The text: 'INC0010374' matches with the expected value: 'INC0010374'
2024-11-20 22:16:27 INFO  - Text retrieved successfully from the element: [[ChromeDriver: chrome on windows (d2eecbe6b8fe4a28ada8d95532349554)] -> xpath: (//a[@class='linked formlink'])[1]]
2024-11-20 22:16:27 INFO  - Test Case 'Creating Incident (Using REST Assured) and Search Incident (Using Selenium)' has ended
2024-11-20 22:16:27 INFO  - ====================END OF TEST CASE====================
2024-11-20 22:16:27 INFO  - Test method teardown started
2024-11-20 22:16:27 INFO  - The browser is closed
2024-11-20 22:16:27 INFO  - Active browser closed
2024-11-20 22:16:27 INFO  - ====================START OF TEST CASE====================
2024-11-20 22:16:27 INFO  - Test Case 'Create Incident(Using Selenium) and Verify(Using REST Assured)' has started
2024-11-20 22:16:27 INFO  - Test Case Initialized
2024-11-20 22:16:27 INFO  - Fetching data for the test
2024-11-20 22:16:27 INFO  - Setting up environment: dev
2024-11-20 22:16:27 INFO  - Loaded configuration for environment: dev
2024-11-20 22:16:27 INFO  - Environment properties loaded
2024-11-20 22:16:27 INFO  - RestAssured configured with base URL: https://dev276551.service-now.com/api/now/
2024-11-20 22:16:27 INFO  - Initializing browser: chrome
2024-11-20 22:16:37 INFO  - Browser initialized successfully: chrome
2024-11-20 22:16:37 INFO  - Test method setup completed
2024-11-20 22:16:37 INFO  - The data: admin entered successfully in the Username field 
2024-11-20 22:16:38 INFO  - The data: ****** entered successfully in the Password field 
2024-11-20 22:16:39 INFO  - Successfully clicked the element: Login button
2024-11-20 22:16:59 INFO  - Element is clickable: All Link
2024-11-20 22:17:00 INFO  - Successfully clicked the element: All Link
2024-11-20 22:17:05 INFO  - Element is clickable: Incident menu option
2024-11-20 22:17:06 INFO  - Successfully clicked the element: Incident menu option
2024-11-20 22:17:08 INFO  - Successfully switched to the frame: New button
2024-11-20 22:17:09 INFO  - Successfully clicked the element: New button
2024-11-20 22:17:15 INFO  - Retrieved the attribute: INC0010375 from the element
2024-11-20 22:17:20 INFO  - The data: Abel entered successfully in the User field using the element[[ChromeDriver: chrome on windows (2fa067a1b64d7d849b953ba19f0624fe)] -> id: sys_display.incident.caller_id]
2024-11-20 22:17:20 INFO  - The data: This is automated test from Makaia entered successfully in the Short Desc field 
2024-11-20 22:17:20 INFO  - Attempting to locate the element with ID: sysverb_insert
2024-11-20 22:17:20 INFO  - Element located successfully with ID: sysverb_insert
2024-11-20 22:17:21 INFO  - Successfully clicked the element: Submit button
2024-11-20 22:17:23 INFO  - The element Incident_breadcrumb is visible.
2024-11-20 22:17:24 INFO  - Initiating GET request to URL: table/incident?number=INC0010375
2024-11-20 22:17:24 INFO  - Setting up RequestSpecification with logs and default content type.
2024-11-20 22:17:26 INFO  - Response received for GET request to URL: table/incident?number=INC0010375 with status code: 200
2024-11-20 22:17:26 INFO  - The status code 200 matches the expected code
2024-11-20 22:17:26 INFO  - Verifying JSON content for key: result.short_description with expected value: This is automated test from Makaia
2024-11-20 22:17:26 INFO  - The JSON response contains the expected value: This is automated test from Makaia
2024-11-20 22:17:26 INFO  - Test Case 'Create Incident(Using Selenium) and Verify(Using REST Assured)' has ended
2024-11-20 22:17:26 INFO  - ====================END OF TEST CASE====================
2024-11-20 22:17:26 INFO  - Test method teardown started
2024-11-20 22:17:27 INFO  - The browser is closed
2024-11-20 22:17:27 INFO  - Active browser closed
2024-11-20 22:17:27 INFO  - ====================START OF TEST CASE====================
2024-11-20 22:17:27 INFO  - Test Case 'Get Existing Incident (REST)' has started
2024-11-20 22:17:27 INFO  - Rest Assured Before Class Initialized
2024-11-20 22:17:27 INFO  - Rest Assured Setting up environment: dev
2024-11-20 22:17:27 INFO  - Loaded configuration for environment: dev
2024-11-20 22:17:27 INFO  - Rest Assured Environment properties loaded
2024-11-20 22:17:27 INFO  - RestAssured configured with base URL: https://dev276551.service-now.com/api/now
2024-11-20 22:17:27 INFO  - Rest assured Authentication initialized
2024-11-20 22:17:27 INFO  - Rest Assured Test method setup completed
2024-11-20 22:17:27 INFO  - Initiating GET request to URL: table/incident
2024-11-20 22:17:27 INFO  - Setting up RequestSpecification with logs and default content type.
2024-11-20 22:17:30 INFO  - Response received for GET request to URL: table/incident with status code: 200
2024-11-20 22:17:30 INFO  - Verifying content type. Expected: JSON, Actual: application/json;charset=UTF-8
2024-11-20 22:17:30 INFO  - The status code 200 matches the expected code
2024-11-20 22:17:30 INFO  - The time taken 3786 is with in the expected time
2024-11-20 22:17:31 INFO  - Test Case 'Get Existing Incident (REST)' has ended
2024-11-20 22:17:31 INFO  - ====================END OF TEST CASE====================
2024-11-20 22:17:31 INFO  - Test Suite execution completed
2024-11-20 22:17:31 INFO  - Rest Assured Test Suite execution completed
2024-11-20 23:07:43 INFO  - Test Suite Initialization
2024-11-20 23:07:43 INFO  - Rest Assured Test Suite Initialization
2024-11-20 23:07:43 INFO  - ====================START OF TEST CASE====================
2024-11-20 23:07:43 INFO  - Test Case 'Create Incident (Using Selenium)' has started
2024-11-20 23:07:43 INFO  - Test Case Initialized
2024-11-20 23:07:43 INFO  - Fetching data for the test
2024-11-20 23:07:43 INFO  - Setting up environment: dev
2024-11-20 23:07:43 INFO  - Loaded configuration for environment: dev
2024-11-20 23:07:43 INFO  - Environment properties loaded
2024-11-20 23:07:44 INFO  - RestAssured configured with base URL: https://dev276551.service-now.com/api/now/
2024-11-20 23:07:44 INFO  - Initializing browser: chrome
2024-11-20 23:07:57 INFO  - Browser initialized successfully: chrome
2024-11-20 23:07:57 INFO  - Test method setup completed
2024-11-20 23:07:57 INFO  - --------==[ Step 1 - Enter username in the username field ]==--------
2024-11-20 23:07:58 INFO  - The data: admin entered successfully in the Username field 
2024-11-20 23:07:58 INFO  - --------==[ Step 2 - Enter password in the password field ]==--------
2024-11-20 23:07:58 INFO  - The data: ****** entered successfully in the Password field 
2024-11-20 23:07:58 INFO  - --------==[ Step 3 - Click the login button ]==--------
2024-11-20 23:07:59 INFO  - Successfully clicked the element: Login button
2024-11-20 23:08:16 INFO  - --------==[ Step 4 - Click the All link in the header ]==--------
2024-11-20 23:08:21 INFO  - Element is clickable: All Link
2024-11-20 23:08:21 INFO  - Successfully clicked the element: All Link
2024-11-20 23:08:22 INFO  - --------==[ Step 5 - Click the Incident ]==--------
2024-11-20 23:08:27 INFO  - Element is clickable: Incident menu option
2024-11-20 23:08:27 INFO  - Successfully clicked the element: Incident menu option
2024-11-20 23:08:28 INFO  - --------==[ Step 6 - Click the new button ]==--------
2024-11-20 23:08:46 INFO  - Successfully switched to the frame: New button
2024-11-20 23:08:47 INFO  - Successfully clicked the element: New button
2024-11-20 23:08:51 INFO  - --------==[ Step 7 - Get the Incident number  ]==--------
2024-11-20 23:08:54 INFO  - Retrieved the attribute: INC0010376 from the element
2024-11-20 23:08:54 INFO  - --------==[ Step 8 - Select the user ]==--------
2024-11-20 23:09:00 INFO  - The data: Abel entered successfully in the User field using the element[[ChromeDriver: chrome on windows (18ed3b262ace8fbd708ec9f7dc84db3c)] -> id: sys_display.incident.caller_id]
2024-11-20 23:09:00 INFO  - --------==[ Step 9 - Enter short description ]==--------
2024-11-20 23:09:00 INFO  - The data: This is automated test from Makaia entered successfully in the ShortDesc field 
2024-11-20 23:09:00 INFO  - --------==[ Step 10 - Click the Submit button ]==--------
2024-11-20 23:09:00 INFO  - Attempting to locate the element with ID: sysverb_insert
2024-11-20 23:09:00 INFO  - Element located successfully with ID: sysverb_insert
2024-11-20 23:09:01 INFO  - Successfully clicked the element: Submit button
2024-11-20 23:09:03 INFO  - --------==[ Step 11 - Verify the newly created incident ]==--------
2024-11-20 23:09:03 INFO  - The element Incident_breadcrumb is visible.
2024-11-20 23:09:03 INFO  - Test Case 'Create Incident (Using Selenium)' has ended
2024-11-20 23:09:03 INFO  - ====================END OF TEST CASE====================
2024-11-20 23:09:03 INFO  - Test method teardown started
2024-11-20 23:09:04 INFO  - The browser is closed
2024-11-20 23:09:04 INFO  - Active browser closed
2024-11-20 23:09:04 INFO  - ====================START OF TEST CASE====================
2024-11-20 23:09:04 INFO  - Test Case 'Creating Incident (Using REST Assured) and Search Incident (Using Selenium)' has started
2024-11-20 23:09:04 INFO  - Test Case Initialized
2024-11-20 23:09:04 INFO  - Fetching data for the test
2024-11-20 23:09:04 INFO  - Setting up environment: dev
2024-11-20 23:09:04 INFO  - Loaded configuration for environment: dev
2024-11-20 23:09:04 INFO  - Environment properties loaded
2024-11-20 23:09:04 INFO  - RestAssured configured with base URL: https://dev276551.service-now.com/api/now/
2024-11-20 23:09:04 INFO  - Initializing browser: chrome
2024-11-20 23:09:15 INFO  - Browser initialized successfully: chrome
2024-11-20 23:09:15 INFO  - Test method setup completed
2024-11-20 23:09:15 INFO  - --------==[ Step 1 - Request Post URL table/incident ]==--------
2024-11-20 23:09:15 INFO  - Initiating POST request to URL: table/incident
2024-11-20 23:09:15 INFO  - Setting up RequestSpecification with logs and default content type.
2024-11-20 23:09:19 INFO  - Response received for POST request to URL: table/incident with status code: 201
2024-11-20 23:09:19 INFO  - Setting up RequestSpecification with logs and default content type.
2024-11-20 23:09:22 INFO  - --------==[ Step 2 - Verify the response code is equal to 201 ]==--------
2024-11-20 23:09:22 INFO  - The status code 201 matches the expected code
2024-11-20 23:09:22 INFO  - --------==[ Step 3 - Verify the Content by Specific Key ]==--------
2024-11-20 23:09:22 INFO  - Fetching value for key: result.number from the JSON response.
2024-11-20 23:09:22 INFO  - Retrieved value for key: result.number -> INC0010378
2024-11-20 23:09:22 INFO  - Started Selenium - Find Incident test
2024-11-20 23:09:22 INFO  - --------==[ Step 4 - Enter username in the username field ]==--------
2024-11-20 23:09:23 INFO  - The data: admin entered successfully in the Username field 
2024-11-20 23:09:23 INFO  - --------==[ Step 5 - Enter password in the password field ]==--------
2024-11-20 23:09:23 INFO  - The data: ****** entered successfully in the Password field 
2024-11-20 23:09:23 INFO  - --------==[ Step 6 - Click the login button ]==--------
2024-11-20 23:09:24 INFO  - Successfully clicked the element: Login button
2024-11-20 23:09:31 INFO  - --------==[ Step 7 - Click the All link in the header ]==--------
2024-11-20 23:09:36 INFO  - Element is clickable: All Link
2024-11-20 23:09:37 INFO  - Successfully clicked the element: All Link
2024-11-20 23:09:37 INFO  - --------==[ Step 8 - Click the Incident ]==--------
2024-11-20 23:09:42 INFO  - Element is clickable: Incident menu option
2024-11-20 23:09:43 INFO  - Successfully clicked the element: Incident menu option
2024-11-20 23:09:43 INFO  - --------==[ Step 9 - Click the all link in the BreadCrumb ]==--------
2024-11-20 23:09:44 INFO  - Successfully switched to the frame: All link
2024-11-20 23:09:45 INFO  - Successfully clicked the element: All link
2024-11-20 23:09:46 INFO  - --------==[ Step 10 - Type and search the incident number ]==--------
2024-11-20 23:09:47 INFO  - The data: INC0010378 entered successfully in the Incident field using the element[[ChromeDriver: chrome on windows (7a9b66430ef605583e49158a5793775d)] -> xpath: (//input[@class='form-control'])[1]]
2024-11-20 23:09:48 INFO  - --------==[ Step 11 - Verify the incident number ]==--------
2024-11-20 23:09:48 INFO  - Text retrieved successfully from the element: [[ChromeDriver: chrome on windows (7a9b66430ef605583e49158a5793775d)] -> xpath: (//a[@class='linked formlink'])[1]]
2024-11-20 23:09:48 INFO  - Text retrieved successfully from the element: [[ChromeDriver: chrome on windows (7a9b66430ef605583e49158a5793775d)] -> xpath: (//a[@class='linked formlink'])[1]]
2024-11-20 23:09:48 INFO  - The text: 'INC0010378' matches with the expected value: 'INC0010378'
2024-11-20 23:09:48 INFO  - Text retrieved successfully from the element: [[ChromeDriver: chrome on windows (7a9b66430ef605583e49158a5793775d)] -> xpath: (//a[@class='linked formlink'])[1]]
2024-11-20 23:09:48 INFO  - Test Case 'Creating Incident (Using REST Assured) and Search Incident (Using Selenium)' has ended
2024-11-20 23:09:48 INFO  - ====================END OF TEST CASE====================
2024-11-20 23:09:48 INFO  - Test method teardown started
2024-11-20 23:09:48 INFO  - The browser is closed
2024-11-20 23:09:48 INFO  - Active browser closed
2024-11-20 23:09:48 INFO  - ====================START OF TEST CASE====================
2024-11-20 23:09:48 INFO  - Test Case 'Create Incident(Using Selenium) and Verify(Using REST Assured)' has started
2024-11-20 23:09:48 INFO  - Test Case Initialized
2024-11-20 23:09:48 INFO  - Fetching data for the test
2024-11-20 23:09:48 INFO  - Setting up environment: dev
2024-11-20 23:09:48 INFO  - Loaded configuration for environment: dev
2024-11-20 23:09:48 INFO  - Environment properties loaded
2024-11-20 23:09:48 INFO  - RestAssured configured with base URL: https://dev276551.service-now.com/api/now/
2024-11-20 23:09:48 INFO  - Initializing browser: chrome
2024-11-20 23:09:58 INFO  - Browser initialized successfully: chrome
2024-11-20 23:09:58 INFO  - Test method setup completed
2024-11-20 23:09:58 INFO  - --------==[ Step 1 - Enter username in the username field ]==--------
2024-11-20 23:09:58 INFO  - The data: admin entered successfully in the Username field 
2024-11-20 23:09:58 INFO  - --------==[ Step 2 - Enter password in the password field ]==--------
2024-11-20 23:09:59 INFO  - The data: ****** entered successfully in the Password field 
2024-11-20 23:09:59 INFO  - --------==[ Step 3 - Click the login button ]==--------
2024-11-20 23:10:00 INFO  - Successfully clicked the element: Login button
2024-11-20 23:10:15 INFO  - --------==[ Step 4 - Click the All link in the header ]==--------
2024-11-20 23:10:20 ERROR - JavaScript execution failed for element: All Link
org.openqa.selenium.JavascriptException: javascript error: Cannot read properties of null (reading 'querySelector')
  (Session info: chrome=131.0.6778.70)
Build info: version: '4.13.0', revision: 'ba948ece5b*'
System info: os.name: 'Windows 11', os.arch: 'amd64', os.version: '10.0', java.version: '23.0.1'
Driver info: org.openqa.selenium.chrome.ChromeDriver
Command: [e652498eb6ad08eee458946e784ba9b7, executeScript {script=return document.querySelector('macroponent-f51912f4c700201072b211d4d8c26010').shadowRoot.querySelector('sn-canvas-appshell-root').querySelector('sn-canvas-appshell-layout').querySelector('sn-polaris-layout').shadowRoot.querySelector('sn-polaris-header').shadowRoot.querySelector("div.sn-polaris-tab[aria-label='All']"), args=[]}]
Capabilities {acceptInsecureCerts: false, browserName: chrome, browserVersion: 131.0.6778.70, chrome: {chromedriverVersion: 131.0.6778.85 (3d81e41b6f3a..., userDataDir: C:\Users\Admin\AppData\Loca...}, fedcm:accounts: true, goog:chromeOptions: {debuggerAddress: localhost:61922}, networkConnectionEnabled: false, pageLoadStrategy: normal, platformName: windows, proxy: Proxy(), se:cdp: ws://localhost:61922/devtoo..., se:cdpVersion: 131.0.6778.70, setWindowRect: true, strictFileInteractability: false, timeouts: {implicit: 0, pageLoad: 300000, script: 30000}, unhandledPromptBehavior: dismiss and notify, webauthn:extension:credBlob: true, webauthn:extension:largeBlob: true, webauthn:extension:minPinLength: true, webauthn:extension:prf: true, webauthn:virtualAuthenticators: true}
Session ID: e652498eb6ad08eee458946e784ba9b7
	at java.base/jdk.internal.reflect.DirectConstructorHandleAccessor.newInstance(DirectConstructorHandleAccessor.java:62)
	at java.base/java.lang.reflect.Constructor.newInstanceWithCaller(Constructor.java:501)
	at java.base/java.lang.reflect.Constructor.newInstance(Constructor.java:485)
	at org.openqa.selenium.remote.codec.w3c.W3CHttpResponseCodec.createException(W3CHttpResponseCodec.java:200)
	at org.openqa.selenium.remote.codec.w3c.W3CHttpResponseCodec.decode(W3CHttpResponseCodec.java:133)
	at org.openqa.selenium.remote.codec.w3c.W3CHttpResponseCodec.decode(W3CHttpResponseCodec.java:52)
	at org.openqa.selenium.remote.HttpCommandExecutor.execute(HttpCommandExecutor.java:191)
	at org.openqa.selenium.remote.service.DriverCommandExecutor.invokeExecute(DriverCommandExecutor.java:196)
	at org.openqa.selenium.remote.service.DriverCommandExecutor.execute(DriverCommandExecutor.java:171)
	at org.openqa.selenium.remote.RemoteWebDriver.execute(RemoteWebDriver.java:602)
	at org.openqa.selenium.remote.RemoteWebDriver.executeScript(RemoteWebDriver.java:467)
	at lib.selenium.WebDriverServiceImpl.clickElementInsideShadowRoot(WebDriverServiceImpl.java:212)
	at pages.selenium.HomePage.clickAll(HomePage.java:31)
	at tests.selenium.TC002_CreateIncidentAndGetFromRest.createIncident(TC002_CreateIncidentAndGetFromRest.java:47)
	at java.base/jdk.internal.reflect.DirectMethodHandleAccessor.invoke(DirectMethodHandleAccessor.java:103)
	at java.base/java.lang.reflect.Method.invoke(Method.java:580)
	at org.testng.internal.MethodInvocationHelper.invokeMethod(MethodInvocationHelper.java:134)
	at org.testng.internal.TestInvoker.invokeMethod(TestInvoker.java:597)
	at org.testng.internal.TestInvoker.invokeTestMethod(TestInvoker.java:173)
	at org.testng.internal.MethodRunner.runInSequence(MethodRunner.java:46)
	at org.testng.internal.TestInvoker$MethodInvocationAgent.invoke(TestInvoker.java:816)
	at org.testng.internal.TestInvoker.invokeTestMethods(TestInvoker.java:146)
	at org.testng.internal.TestMethodWorker.invokeTestMethods(TestMethodWorker.java:146)
	at org.testng.internal.TestMethodWorker.run(TestMethodWorker.java:128)
	at java.base/java.util.ArrayList.forEach(ArrayList.java:1597)
	at org.testng.TestRunner.privateRun(TestRunner.java:766)
	at org.testng.TestRunner.run(TestRunner.java:587)
	at org.testng.SuiteRunner.runTest(SuiteRunner.java:384)
	at org.testng.SuiteRunner.runSequentially(SuiteRunner.java:378)
	at org.testng.SuiteRunner.privateRun(SuiteRunner.java:337)
	at org.testng.SuiteRunner.run(SuiteRunner.java:286)
	at org.testng.SuiteRunnerWorker.runSuite(SuiteRunnerWorker.java:53)
	at org.testng.SuiteRunnerWorker.run(SuiteRunnerWorker.java:96)
	at org.testng.TestNG.runSuitesSequentially(TestNG.java:1187)
	at org.testng.TestNG.runSuitesLocally(TestNG.java:1109)
	at org.testng.TestNG.runSuites(TestNG.java:1039)
	at org.testng.TestNG.run(TestNG.java:1007)
	at com.intellij.rt.testng.IDEARemoteTestNG.run(IDEARemoteTestNG.java:66)
	at com.intellij.rt.testng.RemoteTestNGStarter.main(RemoteTestNGStarter.java:109)
2024-11-20 23:10:21 INFO  - Test Case 'Create Incident(Using Selenium) and Verify(Using REST Assured)' has ended
2024-11-20 23:10:21 INFO  - ====================END OF TEST CASE====================
2024-11-20 23:10:21 INFO  - Test method teardown started
2024-11-20 23:10:21 INFO  - The browser is closed
2024-11-20 23:10:21 INFO  - Active browser closed
2024-11-20 23:10:21 INFO  - ====================START OF TEST CASE====================
2024-11-20 23:10:21 INFO  - Test Case 'Get Existing Incident (REST)' has started
2024-11-20 23:10:21 INFO  - Rest Assured Before Class Initialized
2024-11-20 23:10:21 INFO  - Rest Assured Setting up environment: dev
2024-11-20 23:10:21 INFO  - Loaded configuration for environment: dev
2024-11-20 23:10:21 INFO  - Rest Assured Environment properties loaded
2024-11-20 23:10:21 INFO  - RestAssured configured with base URL: https://dev276551.service-now.com/api/now
2024-11-20 23:10:21 INFO  - Rest assured Authentication initialized
2024-11-20 23:10:21 INFO  - Rest Assured Test method setup completed
2024-11-20 23:10:21 INFO  - --------==[ Step 1 - Request Post URL table/incident ]==--------
2024-11-20 23:10:21 INFO  - Initiating GET request to URL: table/incident
2024-11-20 23:10:21 INFO  - Setting up RequestSpecification with logs and default content type.
2024-11-20 23:10:24 INFO  - Response received for GET request to URL: table/incident with status code: 200
2024-11-20 23:10:24 INFO  - --------==[ Step 2 - Verify that the Content-Type is JSON ]==--------
2024-11-20 23:10:24 INFO  - Verifying content type. Expected: JSON, Actual: application/json;charset=UTF-8
2024-11-20 23:10:24 INFO  - --------==[ Step 3 - Verify the response status code is 200 ]==--------
2024-11-20 23:10:24 INFO  - The status code 200 matches the expected code
2024-11-20 23:10:24 INFO  - --------==[ Step 4 - Verify the response time ]==--------
2024-11-20 23:10:24 INFO  - The time taken 3773 is with in the expected time
2024-11-20 23:10:24 INFO  - --------==[ Step 5 - Print the first incident number ]==--------
2024-11-20 23:10:25 INFO  - Number is INC0000060
2024-11-20 23:10:25 INFO  - Test Case 'Get Existing Incident (REST)' has ended
2024-11-20 23:10:25 INFO  - ====================END OF TEST CASE====================
2024-11-20 23:10:25 INFO  - Test Suite execution completed
2024-11-20 23:10:25 INFO  - Rest Assured Test Suite execution completed
2024-11-20 23:31:48 INFO  - Test Suite Initialization
2024-11-20 23:31:48 INFO  - Rest Assured Test Suite Initialization
2024-11-20 23:31:48 INFO  - ====================START OF TEST CASE====================
2024-11-20 23:31:48 INFO  - Test Case 'Create Incident (Using Selenium)' has started
2024-11-20 23:31:48 INFO  - Test Case Initialized
2024-11-20 23:31:48 INFO  - Fetching data for the test
2024-11-20 23:31:49 INFO  - Setting up environment: dev
2024-11-20 23:31:49 INFO  - Loaded configuration for environment: dev
2024-11-20 23:31:49 INFO  - Environment properties loaded
2024-11-20 23:31:50 INFO  - RestAssured configured with base URL: https://dev276551.service-now.com/api/now/
2024-11-20 23:31:50 INFO  - Initializing browser: chrome
2024-11-20 23:31:55 INFO  - Browser window maximized
2024-11-20 23:32:10 INFO  - Browser Url launched
2024-11-20 23:32:10 INFO  - Waiting for the page to load
2024-11-20 23:32:10 INFO  - Browser initialized successfully: chrome
2024-11-20 23:32:10 INFO  - Test method setup completed
2024-11-20 23:32:10 INFO  - --------==[ Step 1 - Enter username in the username field ]==--------
2024-11-20 23:32:10 INFO  - The data: admin entered successfully in the Username field 
2024-11-20 23:32:10 INFO  - --------==[ Step 2 - Enter password in the password field ]==--------
2024-11-20 23:32:10 INFO  - The data: ****** entered successfully in the Password field 
2024-11-20 23:32:10 INFO  - --------==[ Step 3 - Click the login button ]==--------
2024-11-20 23:32:11 INFO  - Successfully clicked the element: Login button
2024-11-20 23:32:23 INFO  - --------==[ Step 4 - Click the All link in the header ]==--------
2024-11-20 23:32:28 INFO  - Element is clickable: All Link
2024-11-20 23:32:29 INFO  - Successfully clicked the element: All Link
2024-11-20 23:32:29 INFO  - --------==[ Step 5 - Click the Incident ]==--------
2024-11-20 23:32:34 INFO  - Element is clickable: Incident menu option
2024-11-20 23:32:34 INFO  - Successfully clicked the element: Incident menu option
2024-11-20 23:32:35 INFO  - --------==[ Step 6 - Click the new button ]==--------
2024-11-20 23:32:36 INFO  - Successfully switched to the frame: New button
2024-11-20 23:32:37 INFO  - Successfully clicked the element: New button
2024-11-20 23:32:39 INFO  - --------==[ Step 7 - Get the Incident number  ]==--------
2024-11-20 23:32:42 INFO  - Retrieved the attribute: INC0010381 from the element
2024-11-20 23:32:42 INFO  - --------==[ Step 8 - Select the user ]==--------
2024-11-20 23:32:48 INFO  - The data: Abel entered successfully in the User field using the element[[ChromeDriver: chrome on windows (9e16dac14621aa95c16ab87bdbe98bcc)] -> id: sys_display.incident.caller_id]
2024-11-20 23:32:48 INFO  - --------==[ Step 9 - Enter short description ]==--------
2024-11-20 23:32:48 INFO  - The data: This is automated test from Makaia entered successfully in the ShortDesc field 
2024-11-20 23:32:48 INFO  - --------==[ Step 10 - Click the Submit button ]==--------
2024-11-20 23:32:48 INFO  - Attempting to locate the element with ID: sysverb_insert
2024-11-20 23:32:48 INFO  - Element located successfully with ID: sysverb_insert
2024-11-20 23:32:49 INFO  - Successfully clicked the element: Submit button
2024-11-20 23:32:51 INFO  - --------==[ Step 11 - Verify the newly created incident ]==--------
2024-11-20 23:32:51 INFO  - The element Incident_breadcrumb is visible.
2024-11-20 23:32:51 INFO  - Test Case 'Create Incident (Using Selenium)' has ended
2024-11-20 23:32:51 INFO  - ====================END OF TEST CASE====================
2024-11-20 23:32:51 INFO  - Test method teardown started
2024-11-20 23:32:52 INFO  - The browser is closed
2024-11-20 23:32:52 INFO  - Active browser closed
2024-11-20 23:32:52 INFO  - ====================START OF TEST CASE====================
2024-11-20 23:32:52 INFO  - Test Case 'Creating Incident (Using REST Assured) and Search Incident (Using Selenium)' has started
2024-11-20 23:32:52 INFO  - Test Case Initialized
2024-11-20 23:32:52 INFO  - Fetching data for the test
2024-11-20 23:32:52 INFO  - Setting up environment: dev
2024-11-20 23:32:52 INFO  - Loaded configuration for environment: dev
2024-11-20 23:32:52 INFO  - Environment properties loaded
2024-11-20 23:32:52 INFO  - RestAssured configured with base URL: https://dev276551.service-now.com/api/now/
2024-11-20 23:32:52 INFO  - Initializing browser: chrome
2024-11-20 23:32:54 INFO  - Browser window maximized
2024-11-20 23:33:03 INFO  - Browser Url launched
2024-11-20 23:33:03 INFO  - Waiting for the page to load
2024-11-20 23:33:03 INFO  - Browser initialized successfully: chrome
2024-11-20 23:33:03 INFO  - Test method setup completed
2024-11-20 23:33:03 INFO  - --------==[ Step 1 - Request Post URL table/incident ]==--------
2024-11-20 23:33:03 INFO  - Initiating POST request to URL: table/incident
2024-11-20 23:33:03 INFO  - Setting up RequestSpecification with logs and default content type.
2024-11-20 23:33:09 INFO  - Response received for POST request to URL: table/incident with status code: 201
2024-11-20 23:33:09 INFO  - Setting up RequestSpecification with logs and default content type.
2024-11-20 23:33:11 INFO  - --------==[ Step 2 - Verify the response code is equal to 201 ]==--------
2024-11-20 23:33:11 INFO  - The status code 201 matches the expected code
2024-11-20 23:33:11 INFO  - --------==[ Step 3 - Verify the Content by Specific Key ]==--------
2024-11-20 23:33:11 INFO  - Fetching value for key: result.number from the JSON response.
2024-11-20 23:33:12 INFO  - Retrieved value for key: result.number -> INC0010383
2024-11-20 23:33:12 INFO  - Started Selenium - Find Incident test
2024-11-20 23:33:12 INFO  - --------==[ Step 4 - Enter username in the username field ]==--------
2024-11-20 23:33:12 INFO  - The data: admin entered successfully in the Username field 
2024-11-20 23:33:12 INFO  - --------==[ Step 5 - Enter password in the password field ]==--------
2024-11-20 23:33:13 INFO  - The data: ****** entered successfully in the Password field 
2024-11-20 23:33:13 INFO  - --------==[ Step 6 - Click the login button ]==--------
2024-11-20 23:33:14 INFO  - Successfully clicked the element: Login button
2024-11-20 23:33:24 INFO  - --------==[ Step 7 - Click the All link in the header ]==--------
2024-11-20 23:33:29 INFO  - Element is clickable: All Link
2024-11-20 23:33:30 INFO  - Successfully clicked the element: All Link
2024-11-20 23:33:30 INFO  - --------==[ Step 8 - Click the Incident ]==--------
2024-11-20 23:33:35 INFO  - Element is clickable: Incident menu option
2024-11-20 23:33:36 INFO  - Successfully clicked the element: Incident menu option
2024-11-20 23:33:36 INFO  - --------==[ Step 9 - Click the all link in the BreadCrumb ]==--------
2024-11-20 23:33:37 INFO  - Successfully switched to the frame: All link
2024-11-20 23:33:38 INFO  - Successfully clicked the element: All link
2024-11-20 23:33:39 INFO  - --------==[ Step 10 - Type and search the incident number ]==--------
2024-11-20 23:33:40 INFO  - The data: INC0010383 entered successfully in the Incident field using the element[[ChromeDriver: chrome on windows (331965700f37fd35163e06dc554bd88e)] -> xpath: (//input[@class='form-control'])[1]]
2024-11-20 23:33:40 INFO  - --------==[ Step 11 - Verify the incident number ]==--------
2024-11-20 23:33:41 INFO  - Text retrieved successfully from the element: [[ChromeDriver: chrome on windows (331965700f37fd35163e06dc554bd88e)] -> xpath: (//a[@class='linked formlink'])[1]]
2024-11-20 23:33:41 INFO  - Text retrieved successfully from the element: [[ChromeDriver: chrome on windows (331965700f37fd35163e06dc554bd88e)] -> xpath: (//a[@class='linked formlink'])[1]]
2024-11-20 23:33:41 INFO  - The text: 'INC0010383' matches with the expected value: 'INC0010383'
2024-11-20 23:33:41 INFO  - Text retrieved successfully from the element: [[ChromeDriver: chrome on windows (331965700f37fd35163e06dc554bd88e)] -> xpath: (//a[@class='linked formlink'])[1]]
2024-11-20 23:33:41 INFO  - Test Case 'Creating Incident (Using REST Assured) and Search Incident (Using Selenium)' has ended
2024-11-20 23:33:41 INFO  - ====================END OF TEST CASE====================
2024-11-20 23:33:41 INFO  - Test method teardown started
2024-11-20 23:33:41 INFO  - The browser is closed
2024-11-20 23:33:41 INFO  - Active browser closed
2024-11-20 23:33:41 INFO  - ====================START OF TEST CASE====================
2024-11-20 23:33:41 INFO  - Test Case 'Create Incident(Using Selenium) and Verify(Using REST Assured)' has started
2024-11-20 23:33:41 INFO  - Test Case Initialized
2024-11-20 23:33:41 INFO  - Fetching data for the test
2024-11-20 23:33:41 INFO  - Setting up environment: dev
2024-11-20 23:33:41 INFO  - Loaded configuration for environment: dev
2024-11-20 23:33:41 INFO  - Environment properties loaded
2024-11-20 23:33:41 INFO  - RestAssured configured with base URL: https://dev276551.service-now.com/api/now/
2024-11-20 23:33:41 INFO  - Initializing browser: chrome
2024-11-20 23:33:42 INFO  - Browser window maximized
2024-11-20 23:33:55 INFO  - Browser Url launched
2024-11-20 23:33:55 INFO  - Waiting for the page to load
2024-11-20 23:33:55 INFO  - Browser initialized successfully: chrome
2024-11-20 23:33:55 INFO  - Test method setup completed
2024-11-20 23:33:55 INFO  - --------==[ Step 1 - Enter username in the username field ]==--------
2024-11-20 23:33:56 INFO  - The data: admin entered successfully in the Username field 
2024-11-20 23:33:56 INFO  - --------==[ Step 2 - Enter password in the password field ]==--------
2024-11-20 23:33:56 INFO  - The data: ****** entered successfully in the Password field 
2024-11-20 23:33:56 INFO  - --------==[ Step 3 - Click the login button ]==--------
2024-11-20 23:33:57 INFO  - Successfully clicked the element: Login button
2024-11-20 23:34:09 INFO  - --------==[ Step 4 - Click the All link in the header ]==--------
2024-11-20 23:34:15 INFO  - Element is clickable: All Link
2024-11-20 23:34:15 INFO  - Successfully clicked the element: All Link
2024-11-20 23:34:16 INFO  - --------==[ Step 5 - Click the Incident ]==--------
2024-11-20 23:34:21 INFO  - Element is clickable: Incident menu option
2024-11-20 23:34:22 INFO  - Successfully clicked the element: Incident menu option
2024-11-20 23:34:22 INFO  - --------==[ Step 6 - Click the new button ]==--------
2024-11-20 23:34:24 INFO  - Successfully switched to the frame: New button
2024-11-20 23:34:24 INFO  - Successfully clicked the element: New button
2024-11-20 23:34:30 INFO  - --------==[ Step 7 - Get the Incident number  ]==--------
2024-11-20 23:34:33 INFO  - Retrieved the attribute: INC0010384 from the element
2024-11-20 23:34:33 INFO  - --------==[ Step 8 - Select the user ]==--------
2024-11-20 23:34:38 INFO  - The data: Abel entered successfully in the User field using the element[[ChromeDriver: chrome on windows (9ca67b1e6c1e12b3392a11967d826392)] -> id: sys_display.incident.caller_id]
2024-11-20 23:34:38 INFO  - --------==[ Step 9 - Enter short description ]==--------
2024-11-20 23:34:39 INFO  - The data: This is automated test from Makaia entered successfully in the ShortDesc field 
2024-11-20 23:34:39 INFO  - --------==[ Step 10 - Click the Submit button ]==--------
2024-11-20 23:34:39 INFO  - Attempting to locate the element with ID: sysverb_insert
2024-11-20 23:34:39 INFO  - Element located successfully with ID: sysverb_insert
2024-11-20 23:34:40 INFO  - Successfully clicked the element: Submit button
2024-11-20 23:34:42 INFO  - --------==[ Step 11 - Verify the newly created incident ]==--------
2024-11-20 23:34:42 INFO  - The element Incident_breadcrumb is visible.
2024-11-20 23:34:42 INFO  - --------==[ Step 12 - Verify the created incident number using GET emthod ]==--------
2024-11-20 23:34:42 INFO  - Initiating GET request to URL: table/incident?number=INC0010384
2024-11-20 23:34:42 INFO  - Setting up RequestSpecification with logs and default content type.
2024-11-20 23:34:46 INFO  - Response received for GET request to URL: table/incident?number=INC0010384 with status code: 200
2024-11-20 23:34:46 INFO  - --------==[ Step 13 - Verify the 200 success response code ]==--------
2024-11-20 23:34:46 INFO  - The status code 200 matches the expected code
2024-11-20 23:34:46 INFO  - --------==[ Step 14 - Verify the result content short description ]==--------
2024-11-20 23:34:46 INFO  - Verifying JSON content for key: result.short_description with expected value: This is automated test from Makaia
2024-11-20 23:34:46 INFO  - The JSON response contains the expected value: This is automated test from Makaia
2024-11-20 23:34:46 INFO  - Test Case 'Create Incident(Using Selenium) and Verify(Using REST Assured)' has ended
2024-11-20 23:34:46 INFO  - ====================END OF TEST CASE====================
2024-11-20 23:34:46 INFO  - Test method teardown started
2024-11-20 23:34:46 INFO  - The browser is closed
2024-11-20 23:34:46 INFO  - Active browser closed
2024-11-20 23:34:46 INFO  - ====================START OF TEST CASE====================
2024-11-20 23:34:46 INFO  - Test Case 'Get Existing Incident (REST)' has started
2024-11-20 23:34:46 INFO  - Rest Assured Before Class Initialized
2024-11-20 23:34:46 INFO  - Rest Assured Setting up environment: dev
2024-11-20 23:34:46 INFO  - Loaded configuration for environment: dev
2024-11-20 23:34:46 INFO  - Rest Assured Environment properties loaded
2024-11-20 23:34:46 INFO  - RestAssured configured with base URL: https://dev276551.service-now.com/api/now
2024-11-20 23:34:46 INFO  - Rest assured Authentication initialized
2024-11-20 23:34:46 INFO  - Rest Assured Test method setup completed
2024-11-20 23:34:46 INFO  - --------==[ Step 1 - Request Post URL table/incident ]==--------
2024-11-20 23:34:46 INFO  - Initiating GET request to URL: table/incident
2024-11-20 23:34:46 INFO  - Setting up RequestSpecification with logs and default content type.
2024-11-20 23:34:50 INFO  - Response received for GET request to URL: table/incident with status code: 200
2024-11-20 23:34:50 INFO  - --------==[ Step 2 - Verify that the Content-Type is JSON ]==--------
2024-11-20 23:34:50 INFO  - Verifying content type. Expected: JSON, Actual: application/json;charset=UTF-8
2024-11-20 23:34:50 INFO  - --------==[ Step 3 - Verify the response status code is 200 ]==--------
2024-11-20 23:34:50 INFO  - The status code 200 matches the expected code
2024-11-20 23:34:50 INFO  - --------==[ Step 4 - Verify the response time ]==--------
2024-11-20 23:34:50 INFO  - The time taken 3939 is with in the expected time
2024-11-20 23:34:50 INFO  - --------==[ Step 5 - Print the first incident number ]==--------
2024-11-20 23:34:51 INFO  - Number is INC0000060
2024-11-20 23:34:51 INFO  - Test Case 'Get Existing Incident (REST)' has ended
2024-11-20 23:34:51 INFO  - ====================END OF TEST CASE====================
2024-11-20 23:34:52 INFO  - Test Suite execution completed
2024-11-20 23:34:52 INFO  - Rest Assured Test Suite execution completed
